{"D:\\maestro2\\dashboard\\src\\client\\store\\board-store.ts": {"path":"D:\\maestro2\\dashboard\\src\\client\\store\\board-store.ts","statementMap":{"0":{"start":{"line":20,"column":13},"end":{"line":53,"column":null}},"1":{"start":{"line":20,"column":58},"end":{"line":53,"column":2}},"2":{"start":{"line":25,"column":23},"end":{"line":25,"column":null}},"3":{"start":{"line":28,"column":4},"end":{"line":34,"column":null}},"4":{"start":{"line":29,"column":6},"end":{"line":29,"column":null}},"5":{"start":{"line":29,"column":24},"end":{"line":29,"column":null}},"6":{"start":{"line":30,"column":21},"end":{"line":32,"column":null}},"7":{"start":{"line":31,"column":8},"end":{"line":31,"column":null}},"8":{"start":{"line":33,"column":6},"end":{"line":33,"column":null}},"9":{"start":{"line":40,"column":4},"end":{"line":48,"column":null}},"10":{"start":{"line":41,"column":6},"end":{"line":41,"column":null}},"11":{"start":{"line":41,"column":24},"end":{"line":41,"column":null}},"12":{"start":{"line":42,"column":21},"end":{"line":46,"column":null}},"13":{"start":{"line":43,"column":20},"end":{"line":43,"column":null}},"14":{"start":{"line":44,"column":8},"end":{"line":44,"column":null}},"15":{"start":{"line":44,"column":24},"end":{"line":44,"column":null}},"16":{"start":{"line":45,"column":8},"end":{"line":45,"column":null}},"17":{"start":{"line":47,"column":6},"end":{"line":47,"column":null}},"18":{"start":{"line":50,"column":28},"end":{"line":50,"column":null}},"19":{"start":{"line":52,"column":31},"end":{"line":52,"column":null}}},"fnMap":{"0":{"name":"(anonymous_0)","decl":{"start":{"line":20,"column":48},"end":{"line":20,"column":49}},"loc":{"start":{"line":20,"column":58},"end":{"line":53,"column":2}},"line":20},"1":{"name":"(anonymous_1)","decl":{"start":{"line":25,"column":12},"end":{"line":25,"column":13}},"loc":{"start":{"line":25,"column":23},"end":{"line":25,"column":null}},"line":25},"2":{"name":"(anonymous_2)","decl":{"start":{"line":27,"column":15},"end":{"line":27,"column":16}},"loc":{"start":{"line":28,"column":4},"end":{"line":34,"column":null}},"line":28},"3":{"name":"(anonymous_3)","decl":{"start":{"line":28,"column":8},"end":{"line":28,"column":9}},"loc":{"start":{"line":28,"column":19},"end":{"line":34,"column":5}},"line":28},"4":{"name":"(anonymous_4)","decl":{"start":{"line":30,"column":44},"end":{"line":30,"column":45}},"loc":{"start":{"line":31,"column":8},"end":{"line":31,"column":null}},"line":31},"5":{"name":"(anonymous_5)","decl":{"start":{"line":39,"column":14},"end":{"line":39,"column":15}},"loc":{"start":{"line":40,"column":4},"end":{"line":48,"column":null}},"line":40},"6":{"name":"(anonymous_6)","decl":{"start":{"line":40,"column":8},"end":{"line":40,"column":9}},"loc":{"start":{"line":40,"column":19},"end":{"line":48,"column":5}},"line":40},"7":{"name":"(anonymous_7)","decl":{"start":{"line":42,"column":44},"end":{"line":42,"column":45}},"loc":{"start":{"line":42,"column":51},"end":{"line":46,"column":7}},"line":42},"8":{"name":"(anonymous_8)","decl":{"start":{"line":50,"column":16},"end":{"line":50,"column":17}},"loc":{"start":{"line":50,"column":28},"end":{"line":50,"column":null}},"line":50},"9":{"name":"(anonymous_9)","decl":{"start":{"line":52,"column":20},"end":{"line":52,"column":21}},"loc":{"start":{"line":52,"column":31},"end":{"line":52,"column":null}},"line":52}},"branchMap":{"0":{"loc":{"start":{"line":29,"column":6},"end":{"line":29,"column":null}},"type":"if","locations":[{"start":{"line":29,"column":6},"end":{"line":29,"column":null}},{"start":{},"end":{}}],"line":29},"1":{"loc":{"start":{"line":31,"column":8},"end":{"line":31,"column":null}},"type":"cond-expr","locations":[{"start":{"line":31,"column":28},"end":{"line":31,"column":48}},{"start":{"line":31,"column":48},"end":{"line":31,"column":null}}],"line":31},"2":{"loc":{"start":{"line":41,"column":6},"end":{"line":41,"column":null}},"type":"if","locations":[{"start":{"line":41,"column":6},"end":{"line":41,"column":null}},{"start":{},"end":{}}],"line":41},"3":{"loc":{"start":{"line":44,"column":8},"end":{"line":44,"column":null}},"type":"if","locations":[{"start":{"line":44,"column":8},"end":{"line":44,"column":null}},{"start":{},"end":{}}],"line":44}},"s":{"0":1,"1":1,"2":4,"3":3,"4":3,"5":1,"6":2,"7":4,"8":2,"9":2,"10":2,"11":1,"12":1,"13":1,"14":1,"15":0,"16":1,"17":1,"18":2,"19":3},"f":{"0":1,"1":4,"2":3,"3":3,"4":4,"5":2,"6":2,"7":1,"8":2,"9":3},"b":{"0":[1,2],"1":[2,2],"2":[1,1],"3":[0,1]},"meta":{"lastBranch":4,"lastFunction":10,"lastStatement":20,"seen":{"s:20:13:53:Infinity":0,"f:20:48:20:49":0,"s:20:58:53:2":1,"f:25:12:25:13":1,"s:25:23:25:Infinity":2,"f:27:15:27:16":2,"s:28:4:34:Infinity":3,"f:28:8:28:9":3,"b:29:6:29:Infinity:undefined:undefined:undefined:undefined":0,"s:29:6:29:Infinity":4,"s:29:24:29:Infinity":5,"s:30:21:32:Infinity":6,"f:30:44:30:45":4,"s:31:8:31:Infinity":7,"b:31:28:31:48:31:48:31:Infinity":1,"s:33:6:33:Infinity":8,"f:39:14:39:15":5,"s:40:4:48:Infinity":9,"f:40:8:40:9":6,"b:41:6:41:Infinity:undefined:undefined:undefined:undefined":2,"s:41:6:41:Infinity":10,"s:41:24:41:Infinity":11,"s:42:21:46:Infinity":12,"f:42:44:42:45":7,"s:43:20:43:Infinity":13,"b:44:8:44:Infinity:undefined:undefined:undefined:undefined":3,"s:44:8:44:Infinity":14,"s:44:24:44:Infinity":15,"s:45:8:45:Infinity":16,"s:47:6:47:Infinity":17,"f:50:16:50:17":8,"s:50:28:50:Infinity":18,"f:52:20:52:21":9,"s:52:31:52:Infinity":19}}}
,"D:\\maestro2\\dashboard\\src\\client\\store\\execution-store.ts": {"path":"D:\\maestro2\\dashboard\\src\\client\\store\\execution-store.ts","statementMap":{"0":{"start":{"line":35,"column":13},"end":{"line":96,"column":null}},"1":{"start":{"line":35,"column":71},"end":{"line":96,"column":2}},"2":{"start":{"line":43,"column":4},"end":{"line":45,"column":null}},"3":{"start":{"line":43,"column":20},"end":{"line":45,"column":6}},"4":{"start":{"line":48,"column":4},"end":{"line":51,"column":null}},"5":{"start":{"line":49,"column":47},"end":{"line":49,"column":null}},"6":{"start":{"line":50,"column":6},"end":{"line":50,"column":null}},"7":{"start":{"line":53,"column":23},"end":{"line":53,"column":null}},"8":{"start":{"line":56,"column":4},"end":{"line":59,"column":null}},"9":{"start":{"line":62,"column":4},"end":{"line":70,"column":null}},"10":{"start":{"line":63,"column":19},"end":{"line":63,"column":null}},"11":{"start":{"line":64,"column":6},"end":{"line":68,"column":null}},"12":{"start":{"line":65,"column":8},"end":{"line":65,"column":null}},"13":{"start":{"line":67,"column":8},"end":{"line":67,"column":null}},"14":{"start":{"line":69,"column":6},"end":{"line":69,"column":null}},"15":{"start":{"line":73,"column":4},"end":{"line":73,"column":null}},"16":{"start":{"line":76,"column":4},"end":{"line":76,"column":null}},"17":{"start":{"line":79,"column":4},"end":{"line":79,"column":null}},"18":{"start":{"line":82,"column":4},"end":{"line":82,"column":null}},"19":{"start":{"line":85,"column":18},"end":{"line":85,"column":null}},"20":{"start":{"line":86,"column":4},"end":{"line":88,"column":null}},"21":{"start":{"line":87,"column":6},"end":{"line":87,"column":null}},"22":{"start":{"line":87,"column":36},"end":{"line":87,"column":null}},"23":{"start":{"line":89,"column":4},"end":{"line":89,"column":null}},"24":{"start":{"line":93,"column":18},"end":{"line":93,"column":null}},"25":{"start":{"line":94,"column":4},"end":{"line":94,"column":null}},"26":{"start":{"line":94,"column":44},"end":{"line":94,"column":65}}},"fnMap":{"0":{"name":"(anonymous_0)","decl":{"start":{"line":35,"column":56},"end":{"line":35,"column":57}},"loc":{"start":{"line":35,"column":71},"end":{"line":96,"column":2}},"line":35},"1":{"name":"(anonymous_1)","decl":{"start":{"line":42,"column":11},"end":{"line":42,"column":12}},"loc":{"start":{"line":43,"column":4},"end":{"line":45,"column":null}},"line":43},"2":{"name":"(anonymous_2)","decl":{"start":{"line":43,"column":8},"end":{"line":43,"column":9}},"loc":{"start":{"line":43,"column":20},"end":{"line":45,"column":6}},"line":43},"3":{"name":"(anonymous_3)","decl":{"start":{"line":47,"column":14},"end":{"line":47,"column":15}},"loc":{"start":{"line":48,"column":4},"end":{"line":51,"column":null}},"line":48},"4":{"name":"(anonymous_4)","decl":{"start":{"line":48,"column":8},"end":{"line":48,"column":9}},"loc":{"start":{"line":48,"column":19},"end":{"line":51,"column":5}},"line":48},"5":{"name":"(anonymous_5)","decl":{"start":{"line":53,"column":12},"end":{"line":53,"column":13}},"loc":{"start":{"line":53,"column":23},"end":{"line":53,"column":null}},"line":53},"6":{"name":"(anonymous_6)","decl":{"start":{"line":55,"column":23},"end":{"line":55,"column":24}},"loc":{"start":{"line":56,"column":4},"end":{"line":59,"column":null}},"line":56},"7":{"name":"(anonymous_7)","decl":{"start":{"line":61,"column":16},"end":{"line":61,"column":17}},"loc":{"start":{"line":62,"column":4},"end":{"line":70,"column":null}},"line":62},"8":{"name":"(anonymous_8)","decl":{"start":{"line":62,"column":8},"end":{"line":62,"column":9}},"loc":{"start":{"line":62,"column":19},"end":{"line":70,"column":5}},"line":62},"9":{"name":"(anonymous_9)","decl":{"start":{"line":72,"column":13},"end":{"line":72,"column":14}},"loc":{"start":{"line":73,"column":4},"end":{"line":73,"column":null}},"line":73},"10":{"name":"(anonymous_10)","decl":{"start":{"line":75,"column":18},"end":{"line":75,"column":null}},"loc":{"start":{"line":76,"column":4},"end":{"line":76,"column":null}},"line":76},"11":{"name":"(anonymous_11)","decl":{"start":{"line":78,"column":16},"end":{"line":78,"column":17}},"loc":{"start":{"line":79,"column":4},"end":{"line":79,"column":null}},"line":79},"12":{"name":"(anonymous_12)","decl":{"start":{"line":81,"column":17},"end":{"line":81,"column":null}},"loc":{"start":{"line":82,"column":4},"end":{"line":82,"column":null}},"line":82},"13":{"name":"(anonymous_13)","decl":{"start":{"line":84,"column":19},"end":{"line":84,"column":20}},"loc":{"start":{"line":84,"column":32},"end":{"line":90,"column":null}},"line":84},"14":{"name":"(anonymous_14)","decl":{"start":{"line":92,"column":18},"end":{"line":92,"column":19}},"loc":{"start":{"line":92,"column":31},"end":{"line":95,"column":null}},"line":92},"15":{"name":"(anonymous_15)","decl":{"start":{"line":94,"column":37},"end":{"line":94,"column":38}},"loc":{"start":{"line":94,"column":44},"end":{"line":94,"column":65}},"line":94}},"branchMap":{"0":{"loc":{"start":{"line":64,"column":6},"end":{"line":68,"column":null}},"type":"if","locations":[{"start":{"line":64,"column":6},"end":{"line":68,"column":null}},{"start":{"line":66,"column":13},"end":{"line":68,"column":null}}],"line":64},"1":{"loc":{"start":{"line":87,"column":6},"end":{"line":87,"column":null}},"type":"if","locations":[{"start":{"line":87,"column":6},"end":{"line":87,"column":null}},{"start":{},"end":{}}],"line":87}},"s":{"0":1,"1":1,"2":4,"3":4,"4":1,"5":1,"6":1,"7":1,"8":1,"9":3,"10":3,"11":3,"12":1,"13":2,"14":3,"15":2,"16":1,"17":1,"18":1,"19":2,"20":2,"21":1,"22":1,"23":1,"24":2,"25":2,"26":1},"f":{"0":1,"1":4,"2":4,"3":1,"4":1,"5":1,"6":1,"7":3,"8":3,"9":2,"10":1,"11":1,"12":1,"13":2,"14":2,"15":1},"b":{"0":[1,2],"1":[1,0]},"meta":{"lastBranch":2,"lastFunction":16,"lastStatement":27,"seen":{"s:35:13:96:Infinity":0,"f:35:56:35:57":0,"s:35:71:96:2":1,"f:42:11:42:12":1,"s:43:4:45:Infinity":2,"f:43:8:43:9":2,"s:43:20:45:6":3,"f:47:14:47:15":3,"s:48:4:51:Infinity":4,"f:48:8:48:9":4,"s:49:47:49:Infinity":5,"s:50:6:50:Infinity":6,"f:53:12:53:13":5,"s:53:23:53:Infinity":7,"f:55:23:55:24":6,"s:56:4:59:Infinity":8,"f:61:16:61:17":7,"s:62:4:70:Infinity":9,"f:62:8:62:9":8,"s:63:19:63:Infinity":10,"b:64:6:68:Infinity:66:13:68:Infinity":0,"s:64:6:68:Infinity":11,"s:65:8:65:Infinity":12,"s:67:8:67:Infinity":13,"s:69:6:69:Infinity":14,"f:72:13:72:14":9,"s:73:4:73:Infinity":15,"f:75:18:75:Infinity":10,"s:76:4:76:Infinity":16,"f:78:16:78:17":11,"s:79:4:79:Infinity":17,"f:81:17:81:Infinity":12,"s:82:4:82:Infinity":18,"f:84:19:84:20":13,"s:85:18:85:Infinity":19,"s:86:4:88:Infinity":20,"b:87:6:87:Infinity:undefined:undefined:undefined:undefined":1,"s:87:6:87:Infinity":21,"s:87:36:87:Infinity":22,"s:89:4:89:Infinity":23,"f:92:18:92:19":14,"s:93:18:93:Infinity":24,"s:94:4:94:Infinity":25,"f:94:37:94:38":15,"s:94:44:94:65":26}}}
,"D:\\maestro2\\dashboard\\src\\client\\utils\\parseWorkflow.ts": {"path":"D:\\maestro2\\dashboard\\src\\client\\utils\\parseWorkflow.ts","statementMap":{"0":{"start":{"line":20,"column":20},"end":{"line":20,"column":null}},"1":{"start":{"line":21,"column":32},"end":{"line":21,"column":null}},"2":{"start":{"line":24,"column":72},"end":{"line":24,"column":null}},"3":{"start":{"line":26,"column":2},"end":{"line":44,"column":null}},"4":{"start":{"line":27,"column":23},"end":{"line":27,"column":null}},"5":{"start":{"line":28,"column":18},"end":{"line":28,"column":null}},"6":{"start":{"line":29,"column":25},"end":{"line":29,"column":null}},"7":{"start":{"line":31,"column":4},"end":{"line":39,"column":null}},"8":{"start":{"line":33,"column":22},"end":{"line":33,"column":null}},"9":{"start":{"line":34,"column":6},"end":{"line":38,"column":null}},"10":{"start":{"line":42,"column":23},"end":{"line":42,"column":null}},"11":{"start":{"line":43,"column":4},"end":{"line":43,"column":null}},"12":{"start":{"line":47,"column":2},"end":{"line":54,"column":null}},"13":{"start":{"line":48,"column":20},"end":{"line":48,"column":null}},"14":{"start":{"line":49,"column":4},"end":{"line":53,"column":null}},"15":{"start":{"line":56,"column":2},"end":{"line":56,"column":null}}},"fnMap":{"0":{"name":"parseWorkflow","decl":{"start":{"line":19,"column":16},"end":{"line":19,"column":30}},"loc":{"start":{"line":19,"column":63},"end":{"line":57,"column":null}},"line":19}},"branchMap":{"0":{"loc":{"start":{"line":31,"column":4},"end":{"line":39,"column":null}},"type":"if","locations":[{"start":{"line":31,"column":4},"end":{"line":39,"column":null}},{"start":{},"end":{}}],"line":31},"1":{"loc":{"start":{"line":47,"column":2},"end":{"line":54,"column":null}},"type":"if","locations":[{"start":{"line":47,"column":2},"end":{"line":54,"column":null}},{"start":{},"end":{}}],"line":47}},"s":{"0":9,"1":9,"2":9,"3":9,"4":11,"5":11,"6":11,"7":11,"8":4,"9":4,"10":11,"11":11,"12":9,"13":7,"14":7,"15":9},"f":{"0":9},"b":{"0":[4,7],"1":[7,2]},"meta":{"lastBranch":2,"lastFunction":1,"lastStatement":16,"seen":{"f:19:16:19:30":0,"s:20:20:20:Infinity":0,"s:21:32:21:Infinity":1,"s:24:72:24:Infinity":2,"s:26:2:44:Infinity":3,"s:27:23:27:Infinity":4,"s:28:18:28:Infinity":5,"s:29:25:29:Infinity":6,"b:31:4:39:Infinity:undefined:undefined:undefined:undefined":0,"s:31:4:39:Infinity":7,"s:33:22:33:Infinity":8,"s:34:6:38:Infinity":9,"s:42:23:42:Infinity":10,"s:43:4:43:Infinity":11,"b:47:2:54:Infinity:undefined:undefined:undefined:undefined":1,"s:47:2:54:Infinity":12,"s:48:20:48:Infinity":13,"s:49:4:53:Infinity":14,"s:56:2:56:Infinity":15}}}
,"D:\\maestro2\\dashboard\\src\\server\\agents\\entry-normalizer.ts": {"path":"D:\\maestro2\\dashboard\\src\\server\\agents\\entry-normalizer.ts","statementMap":{"0":{"start":{"line":28,"column":4},"end":{"line":34,"column":null}},"1":{"start":{"line":42,"column":4},"end":{"line":49,"column":null}},"2":{"start":{"line":53,"column":4},"end":{"line":59,"column":null}},"3":{"start":{"line":69,"column":4},"end":{"line":78,"column":null}},"4":{"start":{"line":87,"column":4},"end":{"line":95,"column":null}},"5":{"start":{"line":104,"column":4},"end":{"line":112,"column":null}},"6":{"start":{"line":121,"column":4},"end":{"line":129,"column":null}},"7":{"start":{"line":137,"column":4},"end":{"line":144,"column":null}},"8":{"start":{"line":152,"column":4},"end":{"line":159,"column":null}},"9":{"start":{"line":167,"column":4},"end":{"line":174,"column":null}},"10":{"start":{"line":184,"column":4},"end":{"line":193,"column":null}}},"fnMap":{"0":{"name":"(anonymous_0)","decl":{"start":{"line":23,"column":10},"end":{"line":23,"column":24}},"loc":{"start":{"line":23,"column":24},"end":{"line":25,"column":null}},"line":23},"1":{"name":"(anonymous_1)","decl":{"start":{"line":27,"column":9},"end":{"line":27,"column":21}},"loc":{"start":{"line":27,"column":75},"end":{"line":35,"column":null}},"line":27},"2":{"name":"(anonymous_2)","decl":{"start":{"line":37,"column":9},"end":{"line":37,"column":null}},"loc":{"start":{"line":41,"column":27},"end":{"line":50,"column":null}},"line":41},"3":{"name":"(anonymous_3)","decl":{"start":{"line":52,"column":9},"end":{"line":52,"column":18}},"loc":{"start":{"line":52,"column":69},"end":{"line":60,"column":null}},"line":52},"4":{"name":"(anonymous_4)","decl":{"start":{"line":62,"column":9},"end":{"line":62,"column":null}},"loc":{"start":{"line":68,"column":18},"end":{"line":79,"column":null}},"line":68},"5":{"name":"(anonymous_5)","decl":{"start":{"line":81,"column":9},"end":{"line":81,"column":null}},"loc":{"start":{"line":86,"column":21},"end":{"line":96,"column":null}},"line":86},"6":{"name":"(anonymous_6)","decl":{"start":{"line":98,"column":9},"end":{"line":98,"column":null}},"loc":{"start":{"line":103,"column":22},"end":{"line":113,"column":null}},"line":103},"7":{"name":"(anonymous_7)","decl":{"start":{"line":115,"column":9},"end":{"line":115,"column":null}},"loc":{"start":{"line":120,"column":26},"end":{"line":130,"column":null}},"line":120},"8":{"name":"(anonymous_8)","decl":{"start":{"line":132,"column":9},"end":{"line":132,"column":null}},"loc":{"start":{"line":136,"column":27},"end":{"line":145,"column":null}},"line":136},"9":{"name":"(anonymous_9)","decl":{"start":{"line":147,"column":9},"end":{"line":147,"column":null}},"loc":{"start":{"line":151,"column":16},"end":{"line":160,"column":null}},"line":151},"10":{"name":"(anonymous_10)","decl":{"start":{"line":162,"column":9},"end":{"line":162,"column":null}},"loc":{"start":{"line":166,"column":23},"end":{"line":175,"column":null}},"line":166},"11":{"name":"(anonymous_11)","decl":{"start":{"line":177,"column":9},"end":{"line":177,"column":null}},"loc":{"start":{"line":183,"column":21},"end":{"line":194,"column":null}},"line":183}},"branchMap":{},"s":{"0":4,"1":2,"2":1,"3":2,"4":2,"5":1,"6":1,"7":1,"8":2,"9":1,"10":2},"f":{"0":0,"1":1,"2":1,"3":1,"4":1,"5":1,"6":1,"7":1,"8":1,"9":1,"10":1,"11":1},"b":{},"meta":{"lastBranch":0,"lastFunction":12,"lastStatement":11,"seen":{"f:23:10:23:24":0,"f:27:9:27:21":1,"s:28:4:34:Infinity":0,"f:37:9:37:Infinity":2,"s:42:4:49:Infinity":1,"f:52:9:52:18":3,"s:53:4:59:Infinity":2,"f:62:9:62:Infinity":4,"s:69:4:78:Infinity":3,"f:81:9:81:Infinity":5,"s:87:4:95:Infinity":4,"f:98:9:98:Infinity":6,"s:104:4:112:Infinity":5,"f:115:9:115:Infinity":7,"s:121:4:129:Infinity":6,"f:132:9:132:Infinity":8,"s:137:4:144:Infinity":7,"f:147:9:147:Infinity":9,"s:152:4:159:Infinity":8,"f:162:9:162:Infinity":10,"s:167:4:174:Infinity":9,"f:177:9:177:Infinity":11,"s:184:4:193:Infinity":10}}}
,"D:\\maestro2\\dashboard\\src\\server\\agents\\sdk-message-translator.ts": {"path":"D:\\maestro2\\dashboard\\src\\server\\agents\\sdk-message-translator.ts","statementMap":{"0":{"start":{"line":26,"column":37},"end":{"line":26,"column":null}},"1":{"start":{"line":29,"column":4},"end":{"line":29,"column":null}},"2":{"start":{"line":41,"column":39},"end":{"line":41,"column":null}},"3":{"start":{"line":43,"column":4},"end":{"line":101,"column":null}},"4":{"start":{"line":45,"column":8},"end":{"line":47,"column":null}},"5":{"start":{"line":46,"column":10},"end":{"line":46,"column":null}},"6":{"start":{"line":48,"column":8},"end":{"line":48,"column":null}},"7":{"start":{"line":51,"column":8},"end":{"line":51,"column":null}},"8":{"start":{"line":52,"column":8},"end":{"line":52,"column":null}},"9":{"start":{"line":55,"column":8},"end":{"line":63,"column":null}},"10":{"start":{"line":56,"column":10},"end":{"line":56,"column":null}},"11":{"start":{"line":57,"column":8},"end":{"line":63,"column":null}},"12":{"start":{"line":58,"column":10},"end":{"line":62,"column":null}},"13":{"start":{"line":64,"column":8},"end":{"line":64,"column":null}},"14":{"start":{"line":67,"column":8},"end":{"line":67,"column":null}},"15":{"start":{"line":68,"column":8},"end":{"line":68,"column":null}},"16":{"start":{"line":71,"column":8},"end":{"line":77,"column":null}},"17":{"start":{"line":78,"column":8},"end":{"line":78,"column":null}},"18":{"start":{"line":81,"column":8},"end":{"line":86,"column":null}},"19":{"start":{"line":87,"column":8},"end":{"line":87,"column":null}},"20":{"start":{"line":96,"column":8},"end":{"line":96,"column":null}},"21":{"start":{"line":100,"column":8},"end":{"line":100,"column":null}},"22":{"start":{"line":103,"column":4},"end":{"line":103,"column":null}},"23":{"start":{"line":111,"column":39},"end":{"line":111,"column":null}},"24":{"start":{"line":113,"column":4},"end":{"line":120,"column":null}},"25":{"start":{"line":114,"column":6},"end":{"line":118,"column":null}},"26":{"start":{"line":119,"column":6},"end":{"line":119,"column":null}},"27":{"start":{"line":122,"column":20},"end":{"line":122,"column":null}},"28":{"start":{"line":123,"column":21},"end":{"line":123,"column":null}},"29":{"start":{"line":125,"column":4},"end":{"line":153,"column":null}},"30":{"start":{"line":126,"column":6},"end":{"line":152,"column":null}},"31":{"start":{"line":128,"column":10},"end":{"line":132,"column":null}},"32":{"start":{"line":133,"column":10},"end":{"line":133,"column":null}},"33":{"start":{"line":136,"column":10},"end":{"line":141,"column":null}},"34":{"start":{"line":142,"column":10},"end":{"line":142,"column":null}},"35":{"start":{"line":145,"column":25},"end":{"line":145,"column":null}},"36":{"start":{"line":146,"column":28},"end":{"line":146,"column":null}},"37":{"start":{"line":147,"column":29},"end":{"line":147,"column":null}},"38":{"start":{"line":148,"column":10},"end":{"line":148,"column":null}},"39":{"start":{"line":149,"column":10},"end":{"line":149,"column":null}},"40":{"start":{"line":150,"column":10},"end":{"line":150,"column":null}},"41":{"start":{"line":155,"column":4},"end":{"line":155,"column":null}},"42":{"start":{"line":159,"column":19},"end":{"line":159,"column":null}},"43":{"start":{"line":160,"column":4},"end":{"line":160,"column":null}},"44":{"start":{"line":160,"column":17},"end":{"line":160,"column":null}},"45":{"start":{"line":162,"column":22},"end":{"line":162,"column":null}},"46":{"start":{"line":163,"column":20},"end":{"line":163,"column":null}},"47":{"start":{"line":164,"column":4},"end":{"line":164,"column":null}},"48":{"start":{"line":164,"column":18},"end":{"line":164,"column":null}},"49":{"start":{"line":166,"column":20},"end":{"line":166,"column":null}},"50":{"start":{"line":167,"column":19},"end":{"line":169,"column":null}},"51":{"start":{"line":171,"column":18},"end":{"line":176,"column":null}},"52":{"start":{"line":178,"column":4},"end":{"line":178,"column":null}},"53":{"start":{"line":179,"column":4},"end":{"line":179,"column":null}},"54":{"start":{"line":195,"column":4},"end":{"line":231,"column":null}},"55":{"start":{"line":197,"column":8},"end":{"line":203,"column":null}},"56":{"start":{"line":206,"column":8},"end":{"line":211,"column":null}},"57":{"start":{"line":214,"column":8},"end":{"line":220,"column":null}},"58":{"start":{"line":223,"column":8},"end":{"line":230,"column":null}},"59":{"start":{"line":235,"column":39},"end":{"line":235,"column":null}},"60":{"start":{"line":237,"column":4},"end":{"line":275,"column":null}},"61":{"start":{"line":238,"column":6},"end":{"line":245,"column":null}},"62":{"start":{"line":239,"column":8},"end":{"line":244,"column":null}},"63":{"start":{"line":247,"column":20},"end":{"line":247,"column":null}},"64":{"start":{"line":248,"column":6},"end":{"line":255,"column":null}},"65":{"start":{"line":257,"column":6},"end":{"line":261,"column":null}},"66":{"start":{"line":263,"column":6},"end":{"line":268,"column":null}},"67":{"start":{"line":269,"column":6},"end":{"line":274,"column":null}},"68":{"start":{"line":277,"column":4},"end":{"line":277,"column":null}},"69":{"start":{"line":285,"column":4},"end":{"line":285,"column":null}},"70":{"start":{"line":285,"column":49},"end":{"line":285,"column":null}},"71":{"start":{"line":286,"column":16},"end":{"line":286,"column":null}},"72":{"start":{"line":287,"column":4},"end":{"line":287,"column":null}},"73":{"start":{"line":287,"column":22},"end":{"line":287,"column":null}},"74":{"start":{"line":288,"column":4},"end":{"line":288,"column":null}},"75":{"start":{"line":288,"column":41},"end":{"line":288,"column":null}},"76":{"start":{"line":289,"column":4},"end":{"line":289,"column":null}},"77":{"start":{"line":289,"column":37},"end":{"line":289,"column":null}},"78":{"start":{"line":290,"column":4},"end":{"line":293,"column":null}},"79":{"start":{"line":291,"column":21},"end":{"line":291,"column":38}},"80":{"start":{"line":292,"column":18},"end":{"line":292,"column":34}},"81":{"start":{"line":301,"column":4},"end":{"line":305,"column":null}}},"fnMap":{"0":{"name":"(anonymous_0)","decl":{"start":{"line":28,"column":2},"end":{"line":28,"column":14}},"loc":{"start":{"line":28,"column":33},"end":{"line":30,"column":null}},"line":28},"1":{"name":"(anonymous_1)","decl":{"start":{"line":40,"column":2},"end":{"line":40,"column":12}},"loc":{"start":{"line":40,"column":61},"end":{"line":104,"column":null}},"line":40},"2":{"name":"(anonymous_2)","decl":{"start":{"line":110,"column":10},"end":{"line":110,"column":29}},"loc":{"start":{"line":110,"column":78},"end":{"line":156,"column":null}},"line":110},"3":{"name":"(anonymous_3)","decl":{"start":{"line":158,"column":10},"end":{"line":158,"column":30}},"loc":{"start":{"line":158,"column":79},"end":{"line":180,"column":null}},"line":158},"4":{"name":"(anonymous_4)","decl":{"start":{"line":189,"column":10},"end":{"line":189,"column":null}},"loc":{"start":{"line":194,"column":21},"end":{"line":232,"column":null}},"line":194},"5":{"name":"(anonymous_5)","decl":{"start":{"line":234,"column":10},"end":{"line":234,"column":26}},"loc":{"start":{"line":234,"column":75},"end":{"line":278,"column":null}},"line":234},"6":{"name":"(anonymous_6)","decl":{"start":{"line":284,"column":10},"end":{"line":284,"column":22}},"loc":{"start":{"line":284,"column":48},"end":{"line":294,"column":null}},"line":284},"7":{"name":"(anonymous_7)","decl":{"start":{"line":291,"column":14},"end":{"line":291,"column":15}},"loc":{"start":{"line":291,"column":21},"end":{"line":291,"column":38}},"line":291},"8":{"name":"(anonymous_8)","decl":{"start":{"line":292,"column":11},"end":{"line":292,"column":12}},"loc":{"start":{"line":292,"column":18},"end":{"line":292,"column":34}},"line":292},"9":{"name":"(anonymous_9)","decl":{"start":{"line":300,"column":10},"end":{"line":300,"column":38}},"loc":{"start":{"line":300,"column":38},"end":{"line":306,"column":null}},"line":300}},"branchMap":{"0":{"loc":{"start":{"line":43,"column":4},"end":{"line":101,"column":null}},"type":"switch","locations":[{"start":{"line":44,"column":6},"end":{"line":48,"column":null}},{"start":{"line":50,"column":6},"end":{"line":52,"column":null}},{"start":{"line":54,"column":6},"end":{"line":64,"column":null}},{"start":{"line":66,"column":6},"end":{"line":68,"column":null}},{"start":{"line":70,"column":6},"end":{"line":78,"column":null}},{"start":{"line":80,"column":6},"end":{"line":87,"column":null}},{"start":{"line":90,"column":6},"end":{"line":90,"column":null}},{"start":{"line":91,"column":6},"end":{"line":91,"column":null}},{"start":{"line":92,"column":6},"end":{"line":92,"column":null}},{"start":{"line":93,"column":6},"end":{"line":93,"column":null}},{"start":{"line":94,"column":6},"end":{"line":94,"column":null}},{"start":{"line":95,"column":6},"end":{"line":96,"column":null}},{"start":{"line":98,"column":6},"end":{"line":100,"column":null}}],"line":43},"1":{"loc":{"start":{"line":45,"column":8},"end":{"line":47,"column":null}},"type":"if","locations":[{"start":{"line":45,"column":8},"end":{"line":47,"column":null}},{"start":{},"end":{}}],"line":45},"2":{"loc":{"start":{"line":55,"column":8},"end":{"line":63,"column":null}},"type":"if","locations":[{"start":{"line":55,"column":8},"end":{"line":63,"column":null}},{"start":{"line":57,"column":8},"end":{"line":63,"column":null}}],"line":55},"3":{"loc":{"start":{"line":57,"column":8},"end":{"line":63,"column":null}},"type":"if","locations":[{"start":{"line":57,"column":8},"end":{"line":63,"column":null}},{"start":{},"end":{}}],"line":57},"4":{"loc":{"start":{"line":74,"column":17},"end":{"line":74,"column":null}},"type":"binary-expr","locations":[{"start":{"line":74,"column":17},"end":{"line":74,"column":45}},{"start":{"line":74,"column":45},"end":{"line":74,"column":null}}],"line":74},"5":{"loc":{"start":{"line":113,"column":4},"end":{"line":120,"column":null}},"type":"if","locations":[{"start":{"line":113,"column":4},"end":{"line":120,"column":null}},{"start":{},"end":{}}],"line":113},"6":{"loc":{"start":{"line":123,"column":21},"end":{"line":123,"column":null}},"type":"binary-expr","locations":[{"start":{"line":123,"column":21},"end":{"line":123,"column":41}},{"start":{"line":123,"column":41},"end":{"line":123,"column":null}}],"line":123},"7":{"loc":{"start":{"line":126,"column":6},"end":{"line":152,"column":null}},"type":"switch","locations":[{"start":{"line":127,"column":8},"end":{"line":133,"column":null}},{"start":{"line":135,"column":8},"end":{"line":142,"column":null}},{"start":{"line":144,"column":8},"end":{"line":151,"column":null}}],"line":126},"8":{"loc":{"start":{"line":131,"column":22},"end":{"line":131,"column":null}},"type":"binary-expr","locations":[{"start":{"line":131,"column":22},"end":{"line":131,"column":51}},{"start":{"line":131,"column":51},"end":{"line":131,"column":null}}],"line":131},"9":{"loc":{"start":{"line":139,"column":22},"end":{"line":139,"column":null}},"type":"binary-expr","locations":[{"start":{"line":139,"column":22},"end":{"line":139,"column":47}},{"start":{"line":139,"column":47},"end":{"line":139,"column":null}}],"line":139},"10":{"loc":{"start":{"line":146,"column":28},"end":{"line":146,"column":null}},"type":"binary-expr","locations":[{"start":{"line":146,"column":28},"end":{"line":146,"column":53}},{"start":{"line":146,"column":53},"end":{"line":146,"column":null}}],"line":146},"11":{"loc":{"start":{"line":147,"column":29},"end":{"line":147,"column":null}},"type":"binary-expr","locations":[{"start":{"line":147,"column":29},"end":{"line":147,"column":72}},{"start":{"line":147,"column":72},"end":{"line":147,"column":null}}],"line":147},"12":{"loc":{"start":{"line":160,"column":4},"end":{"line":160,"column":null}},"type":"if","locations":[{"start":{"line":160,"column":4},"end":{"line":160,"column":null}},{"start":{},"end":{}}],"line":160},"13":{"loc":{"start":{"line":164,"column":4},"end":{"line":164,"column":null}},"type":"if","locations":[{"start":{"line":164,"column":4},"end":{"line":164,"column":null}},{"start":{},"end":{}}],"line":164},"14":{"loc":{"start":{"line":167,"column":19},"end":{"line":169,"column":null}},"type":"cond-expr","locations":[{"start":{"line":168,"column":8},"end":{"line":168,"column":null}},{"start":{"line":169,"column":8},"end":{"line":169,"column":null}}],"line":167},"15":{"loc":{"start":{"line":174,"column":6},"end":{"line":174,"column":null}},"type":"cond-expr","locations":[{"start":{"line":174,"column":16},"end":{"line":174,"column":27}},{"start":{"line":174,"column":27},"end":{"line":174,"column":null}}],"line":174},"16":{"loc":{"start":{"line":195,"column":4},"end":{"line":231,"column":null}},"type":"switch","locations":[{"start":{"line":196,"column":6},"end":{"line":203,"column":null}},{"start":{"line":205,"column":6},"end":{"line":211,"column":null}},{"start":{"line":213,"column":6},"end":{"line":220,"column":null}},{"start":{"line":222,"column":6},"end":{"line":230,"column":null}}],"line":195},"17":{"loc":{"start":{"line":200,"column":17},"end":{"line":200,"column":null}},"type":"binary-expr","locations":[{"start":{"line":200,"column":17},"end":{"line":200,"column":47}},{"start":{"line":200,"column":47},"end":{"line":200,"column":null}}],"line":200},"18":{"loc":{"start":{"line":209,"column":17},"end":{"line":209,"column":null}},"type":"binary-expr","locations":[{"start":{"line":209,"column":17},"end":{"line":209,"column":47}},{"start":{"line":209,"column":47},"end":{"line":209,"column":null}}],"line":209},"19":{"loc":{"start":{"line":217,"column":20},"end":{"line":217,"column":null}},"type":"binary-expr","locations":[{"start":{"line":217,"column":20},"end":{"line":217,"column":48}},{"start":{"line":217,"column":48},"end":{"line":217,"column":null}}],"line":217},"20":{"loc":{"start":{"line":219,"column":20},"end":{"line":219,"column":null}},"type":"cond-expr","locations":[{"start":{"line":219,"column":42},"end":{"line":219,"column":47}},{"start":{"line":219,"column":47},"end":{"line":219,"column":null}}],"line":219},"21":{"loc":{"start":{"line":219,"column":47},"end":{"line":219,"column":null}},"type":"cond-expr","locations":[{"start":{"line":219,"column":72},"end":{"line":219,"column":76}},{"start":{"line":219,"column":76},"end":{"line":219,"column":null}}],"line":219},"22":{"loc":{"start":{"line":237,"column":4},"end":{"line":275,"column":null}},"type":"if","locations":[{"start":{"line":237,"column":4},"end":{"line":275,"column":null}},{"start":{"line":262,"column":11},"end":{"line":275,"column":null}}],"line":237},"23":{"loc":{"start":{"line":238,"column":6},"end":{"line":245,"column":null}},"type":"if","locations":[{"start":{"line":238,"column":6},"end":{"line":245,"column":null}},{"start":{},"end":{}}],"line":238},"24":{"loc":{"start":{"line":251,"column":21},"end":{"line":251,"column":null}},"type":"binary-expr","locations":[{"start":{"line":251,"column":21},"end":{"line":251,"column":44}},{"start":{"line":251,"column":44},"end":{"line":251,"column":null}}],"line":251},"25":{"loc":{"start":{"line":252,"column":22},"end":{"line":252,"column":null}},"type":"binary-expr","locations":[{"start":{"line":252,"column":22},"end":{"line":252,"column":46}},{"start":{"line":252,"column":46},"end":{"line":252,"column":null}}],"line":252},"26":{"loc":{"start":{"line":266,"column":18},"end":{"line":266,"column":null}},"type":"binary-expr","locations":[{"start":{"line":266,"column":18},"end":{"line":266,"column":42}},{"start":{"line":266,"column":42},"end":{"line":266,"column":null}}],"line":266},"27":{"loc":{"start":{"line":285,"column":4},"end":{"line":285,"column":null}},"type":"if","locations":[{"start":{"line":285,"column":4},"end":{"line":285,"column":null}},{"start":{},"end":{}}],"line":285},"28":{"loc":{"start":{"line":285,"column":8},"end":{"line":285,"column":49}},"type":"binary-expr","locations":[{"start":{"line":285,"column":8},"end":{"line":285,"column":20}},{"start":{"line":285,"column":20},"end":{"line":285,"column":49}}],"line":285},"29":{"loc":{"start":{"line":287,"column":4},"end":{"line":287,"column":null}},"type":"if","locations":[{"start":{"line":287,"column":4},"end":{"line":287,"column":null}},{"start":{},"end":{}}],"line":287},"30":{"loc":{"start":{"line":288,"column":4},"end":{"line":288,"column":null}},"type":"if","locations":[{"start":{"line":288,"column":4},"end":{"line":288,"column":null}},{"start":{},"end":{}}],"line":288},"31":{"loc":{"start":{"line":289,"column":4},"end":{"line":289,"column":null}},"type":"if","locations":[{"start":{"line":289,"column":4},"end":{"line":289,"column":null}},{"start":{},"end":{}}],"line":289}},"s":{"0":18,"1":18,"2":24,"3":24,"4":1,"5":1,"6":1,"7":9,"8":9,"9":2,"10":1,"11":1,"12":1,"13":2,"14":3,"15":3,"16":1,"17":1,"18":1,"19":1,"20":6,"21":1,"22":24,"23":9,"24":9,"25":1,"26":1,"27":8,"28":8,"29":9,"30":9,"31":2,"32":2,"33":2,"34":2,"35":5,"36":5,"37":5,"38":5,"39":5,"40":5,"41":8,"42":1,"43":1,"44":0,"45":1,"46":1,"47":1,"48":0,"49":1,"50":1,"51":1,"52":1,"53":1,"54":6,"55":1,"56":1,"57":3,"58":1,"59":3,"60":3,"61":2,"62":1,"63":2,"64":2,"65":2,"66":1,"67":1,"68":3,"69":1,"70":0,"71":1,"72":1,"73":0,"74":1,"75":0,"76":1,"77":0,"78":1,"79":1,"80":1,"81":22},"f":{"0":18,"1":24,"2":9,"3":1,"4":6,"5":3,"6":1,"7":1,"8":1,"9":22},"b":{"0":[1,9,2,3,1,1,1,2,3,4,5,6,1],"1":[1,0],"2":[1,1],"3":[1,0],"4":[1,0],"5":[1,8],"6":[8,0],"7":[2,2,5],"8":[2,0],"9":[2,0],"10":[5,0],"11":[5,0],"12":[0,1],"13":[0,1],"14":[1,0],"15":[0,1],"16":[1,1,3,1],"17":[1,0],"18":[1,0],"19":[3,0],"20":[0,3],"21":[1,2],"22":[2,1],"23":[1,1],"24":[2,0],"25":[2,0],"26":[1,0],"27":[0,1],"28":[1,1],"29":[0,1],"30":[0,1],"31":[0,1]},"meta":{"lastBranch":32,"lastFunction":10,"lastStatement":82,"seen":{"s:26:37:26:Infinity":0,"f:28:2:28:14":0,"s:29:4:29:Infinity":1,"f:40:2:40:12":1,"s:41:39:41:Infinity":2,"b:44:6:48:Infinity:50:6:52:Infinity:54:6:64:Infinity:66:6:68:Infinity:70:6:78:Infinity:80:6:87:Infinity:90:6:90:Infinity:91:6:91:Infinity:92:6:92:Infinity:93:6:93:Infinity:94:6:94:Infinity:95:6:96:Infinity:98:6:100:Infinity":0,"s:43:4:101:Infinity":3,"b:45:8:47:Infinity:undefined:undefined:undefined:undefined":1,"s:45:8:47:Infinity":4,"s:46:10:46:Infinity":5,"s:48:8:48:Infinity":6,"s:51:8:51:Infinity":7,"s:52:8:52:Infinity":8,"b:55:8:63:Infinity:57:8:63:Infinity":2,"s:55:8:63:Infinity":9,"s:56:10:56:Infinity":10,"b:57:8:63:Infinity:undefined:undefined:undefined:undefined":3,"s:57:8:63:Infinity":11,"s:58:10:62:Infinity":12,"s:64:8:64:Infinity":13,"s:67:8:67:Infinity":14,"s:68:8:68:Infinity":15,"s:71:8:77:Infinity":16,"b:74:17:74:45:74:45:74:Infinity":4,"s:78:8:78:Infinity":17,"s:81:8:86:Infinity":18,"s:87:8:87:Infinity":19,"s:96:8:96:Infinity":20,"s:100:8:100:Infinity":21,"s:103:4:103:Infinity":22,"f:110:10:110:29":2,"s:111:39:111:Infinity":23,"b:113:4:120:Infinity:undefined:undefined:undefined:undefined":5,"s:113:4:120:Infinity":24,"s:114:6:118:Infinity":25,"s:119:6:119:Infinity":26,"s:122:20:122:Infinity":27,"s:123:21:123:Infinity":28,"b:123:21:123:41:123:41:123:Infinity":6,"s:125:4:153:Infinity":29,"b:127:8:133:Infinity:135:8:142:Infinity:144:8:151:Infinity":7,"s:126:6:152:Infinity":30,"s:128:10:132:Infinity":31,"b:131:22:131:51:131:51:131:Infinity":8,"s:133:10:133:Infinity":32,"s:136:10:141:Infinity":33,"b:139:22:139:47:139:47:139:Infinity":9,"s:142:10:142:Infinity":34,"s:145:25:145:Infinity":35,"s:146:28:146:Infinity":36,"b:146:28:146:53:146:53:146:Infinity":10,"s:147:29:147:Infinity":37,"b:147:29:147:72:147:72:147:Infinity":11,"s:148:10:148:Infinity":38,"s:149:10:149:Infinity":39,"s:150:10:150:Infinity":40,"s:155:4:155:Infinity":41,"f:158:10:158:30":3,"s:159:19:159:Infinity":42,"b:160:4:160:Infinity:undefined:undefined:undefined:undefined":12,"s:160:4:160:Infinity":43,"s:160:17:160:Infinity":44,"s:162:22:162:Infinity":45,"s:163:20:163:Infinity":46,"b:164:4:164:Infinity:undefined:undefined:undefined:undefined":13,"s:164:4:164:Infinity":47,"s:164:18:164:Infinity":48,"s:166:20:166:Infinity":49,"s:167:19:169:Infinity":50,"b:168:8:168:Infinity:169:8:169:Infinity":14,"s:171:18:176:Infinity":51,"b:174:16:174:27:174:27:174:Infinity":15,"s:178:4:178:Infinity":52,"s:179:4:179:Infinity":53,"f:189:10:189:Infinity":4,"b:196:6:203:Infinity:205:6:211:Infinity:213:6:220:Infinity:222:6:230:Infinity":16,"s:195:4:231:Infinity":54,"s:197:8:203:Infinity":55,"b:200:17:200:47:200:47:200:Infinity":17,"s:206:8:211:Infinity":56,"b:209:17:209:47:209:47:209:Infinity":18,"s:214:8:220:Infinity":57,"b:217:20:217:48:217:48:217:Infinity":19,"b:219:42:219:47:219:47:219:Infinity":20,"b:219:72:219:76:219:76:219:Infinity":21,"s:223:8:230:Infinity":58,"f:234:10:234:26":5,"s:235:39:235:Infinity":59,"b:237:4:275:Infinity:262:11:275:Infinity":22,"s:237:4:275:Infinity":60,"b:238:6:245:Infinity:undefined:undefined:undefined:undefined":23,"s:238:6:245:Infinity":61,"s:239:8:244:Infinity":62,"s:247:20:247:Infinity":63,"s:248:6:255:Infinity":64,"b:251:21:251:44:251:44:251:Infinity":24,"b:252:22:252:46:252:46:252:Infinity":25,"s:257:6:261:Infinity":65,"s:263:6:268:Infinity":66,"b:266:18:266:42:266:42:266:Infinity":26,"s:269:6:274:Infinity":67,"s:277:4:277:Infinity":68,"f:284:10:284:22":6,"b:285:4:285:Infinity:undefined:undefined:undefined:undefined":27,"s:285:4:285:Infinity":69,"b:285:8:285:20:285:20:285:49":28,"s:285:49:285:Infinity":70,"s:286:16:286:Infinity":71,"b:287:4:287:Infinity:undefined:undefined:undefined:undefined":29,"s:287:4:287:Infinity":72,"s:287:22:287:Infinity":73,"b:288:4:288:Infinity:undefined:undefined:undefined:undefined":30,"s:288:4:288:Infinity":74,"s:288:41:288:Infinity":75,"b:289:4:289:Infinity:undefined:undefined:undefined:undefined":31,"s:289:4:289:Infinity":76,"s:289:37:289:Infinity":77,"s:290:4:293:Infinity":78,"f:291:14:291:15":7,"s:291:21:291:38":79,"f:292:11:292:12":8,"s:292:18:292:34":80,"f:300:10:300:38":9,"s:301:4:305:Infinity":81}}}
,"D:\\maestro2\\dashboard\\src\\server\\agents\\tools\\issue-mcp-server.ts": {"path":"D:\\maestro2\\dashboard\\src\\server\\agents\\tools\\issue-mcp-server.ts","statementMap":{"0":{"start":{"line":24,"column":8},"end":{"line":36,"column":null}},"1":{"start":{"line":29,"column":21},"end":{"line":29,"column":null}},"2":{"start":{"line":30,"column":20},"end":{"line":30,"column":null}},"3":{"start":{"line":30,"column":39},"end":{"line":30,"column":61}},"4":{"start":{"line":31,"column":6},"end":{"line":33,"column":null}},"5":{"start":{"line":32,"column":8},"end":{"line":32,"column":null}},"6":{"start":{"line":34,"column":6},"end":{"line":34,"column":null}},"7":{"start":{"line":38,"column":8},"end":{"line":65,"column":null}},"8":{"start":{"line":46,"column":19},"end":{"line":46,"column":null}},"9":{"start":{"line":47,"column":6},"end":{"line":49,"column":null}},"10":{"start":{"line":48,"column":8},"end":{"line":48,"column":null}},"11":{"start":{"line":48,"column":38},"end":{"line":48,"column":62}},"12":{"start":{"line":50,"column":6},"end":{"line":52,"column":null}},"13":{"start":{"line":51,"column":8},"end":{"line":51,"column":null}},"14":{"start":{"line":51,"column":38},"end":{"line":51,"column":58}},"15":{"start":{"line":53,"column":24},"end":{"line":62,"column":null}},"16":{"start":{"line":53,"column":43},"end":{"line":62,"column":8}},"17":{"start":{"line":63,"column":6},"end":{"line":63,"column":null}},"18":{"start":{"line":67,"column":8},"end":{"line":128,"column":null}},"19":{"start":{"line":90,"column":21},"end":{"line":121,"column":null}},"20":{"start":{"line":91,"column":23},"end":{"line":91,"column":null}},"21":{"start":{"line":92,"column":20},"end":{"line":92,"column":null}},"22":{"start":{"line":92,"column":44},"end":{"line":92,"column":66}},"23":{"start":{"line":93,"column":8},"end":{"line":95,"column":null}},"24":{"start":{"line":94,"column":10},"end":{"line":94,"column":null}},"25":{"start":{"line":97,"column":22},"end":{"line":97,"column":null}},"26":{"start":{"line":99,"column":8},"end":{"line":101,"column":null}},"27":{"start":{"line":100,"column":10},"end":{"line":100,"column":null}},"28":{"start":{"line":102,"column":8},"end":{"line":108,"column":null}},"29":{"start":{"line":103,"column":10},"end":{"line":107,"column":null}},"30":{"start":{"line":109,"column":8},"end":{"line":115,"column":null}},"31":{"start":{"line":110,"column":10},"end":{"line":114,"column":null}},"32":{"start":{"line":117,"column":8},"end":{"line":117,"column":null}},"33":{"start":{"line":118,"column":8},"end":{"line":118,"column":null}},"34":{"start":{"line":119,"column":8},"end":{"line":119,"column":null}},"35":{"start":{"line":120,"column":8},"end":{"line":120,"column":null}},"36":{"start":{"line":123,"column":6},"end":{"line":125,"column":null}},"37":{"start":{"line":124,"column":8},"end":{"line":124,"column":null}},"38":{"start":{"line":126,"column":6},"end":{"line":126,"column":null}},"39":{"start":{"line":130,"column":2},"end":{"line":130,"column":null}},"40":{"start":{"line":138,"column":8},"end":{"line":138,"column":null}},"41":{"start":{"line":139,"column":2},"end":{"line":142,"column":null}}},"fnMap":{"0":{"name":"buildTools","decl":{"start":{"line":23,"column":9},"end":{"line":23,"column":20}},"loc":{"start":{"line":23,"column":39},"end":{"line":131,"column":null}},"line":23},"1":{"name":"(anonymous_1)","decl":{"start":{"line":28,"column":4},"end":{"line":28,"column":11}},"loc":{"start":{"line":28,"column":20},"end":{"line":35,"column":null}},"line":28},"2":{"name":"(anonymous_2)","decl":{"start":{"line":30,"column":32},"end":{"line":30,"column":33}},"loc":{"start":{"line":30,"column":39},"end":{"line":30,"column":61}},"line":30},"3":{"name":"(anonymous_3)","decl":{"start":{"line":45,"column":4},"end":{"line":45,"column":11}},"loc":{"start":{"line":45,"column":20},"end":{"line":64,"column":null}},"line":45},"4":{"name":"(anonymous_4)","decl":{"start":{"line":48,"column":31},"end":{"line":48,"column":32}},"loc":{"start":{"line":48,"column":38},"end":{"line":48,"column":62}},"line":48},"5":{"name":"(anonymous_5)","decl":{"start":{"line":51,"column":31},"end":{"line":51,"column":32}},"loc":{"start":{"line":51,"column":38},"end":{"line":51,"column":58}},"line":51},"6":{"name":"(anonymous_6)","decl":{"start":{"line":53,"column":35},"end":{"line":53,"column":36}},"loc":{"start":{"line":53,"column":43},"end":{"line":62,"column":8}},"line":53},"7":{"name":"(anonymous_7)","decl":{"start":{"line":89,"column":4},"end":{"line":89,"column":11}},"loc":{"start":{"line":89,"column":20},"end":{"line":127,"column":null}},"line":89},"8":{"name":"(anonymous_8)","decl":{"start":{"line":90,"column":46},"end":{"line":90,"column":58}},"loc":{"start":{"line":90,"column":58},"end":{"line":121,"column":7}},"line":90},"9":{"name":"(anonymous_9)","decl":{"start":{"line":92,"column":37},"end":{"line":92,"column":38}},"loc":{"start":{"line":92,"column":44},"end":{"line":92,"column":66}},"line":92},"10":{"name":"createIssueMcpServer","decl":{"start":{"line":137,"column":16},"end":{"line":137,"column":37}},"loc":{"start":{"line":137,"column":91},"end":{"line":143,"column":null}},"line":137}},"branchMap":{"0":{"loc":{"start":{"line":31,"column":6},"end":{"line":33,"column":null}},"type":"if","locations":[{"start":{"line":31,"column":6},"end":{"line":33,"column":null}},{"start":{},"end":{}}],"line":31},"1":{"loc":{"start":{"line":47,"column":6},"end":{"line":49,"column":null}},"type":"if","locations":[{"start":{"line":47,"column":6},"end":{"line":49,"column":null}},{"start":{},"end":{}}],"line":47},"2":{"loc":{"start":{"line":50,"column":6},"end":{"line":52,"column":null}},"type":"if","locations":[{"start":{"line":50,"column":6},"end":{"line":52,"column":null}},{"start":{},"end":{}}],"line":50},"3":{"loc":{"start":{"line":61,"column":26},"end":{"line":61,"column":null}},"type":"binary-expr","locations":[{"start":{"line":61,"column":26},"end":{"line":61,"column":49}},{"start":{"line":61,"column":49},"end":{"line":61,"column":null}}],"line":61},"4":{"loc":{"start":{"line":93,"column":8},"end":{"line":95,"column":null}},"type":"if","locations":[{"start":{"line":93,"column":8},"end":{"line":95,"column":null}},{"start":{},"end":{}}],"line":93},"5":{"loc":{"start":{"line":99,"column":8},"end":{"line":101,"column":null}},"type":"if","locations":[{"start":{"line":99,"column":8},"end":{"line":101,"column":null}},{"start":{},"end":{}}],"line":99},"6":{"loc":{"start":{"line":102,"column":8},"end":{"line":108,"column":null}},"type":"if","locations":[{"start":{"line":102,"column":8},"end":{"line":108,"column":null}},{"start":{},"end":{}}],"line":102},"7":{"loc":{"start":{"line":109,"column":8},"end":{"line":115,"column":null}},"type":"if","locations":[{"start":{"line":109,"column":8},"end":{"line":115,"column":null}},{"start":{},"end":{}}],"line":109},"8":{"loc":{"start":{"line":123,"column":6},"end":{"line":125,"column":null}},"type":"if","locations":[{"start":{"line":123,"column":6},"end":{"line":125,"column":null}},{"start":{},"end":{}}],"line":123}},"s":{"0":18,"1":3,"2":3,"3":1,"4":3,"5":2,"6":1,"7":18,"8":7,"9":7,"10":2,"11":6,"12":7,"13":2,"14":5,"15":7,"16":9,"17":7,"18":18,"19":6,"20":6,"21":6,"22":5,"23":6,"24":1,"25":5,"26":5,"27":3,"28":5,"29":2,"30":5,"31":2,"32":5,"33":5,"34":5,"35":5,"36":6,"37":1,"38":5,"39":18,"40":18,"41":18},"f":{"0":18,"1":3,"2":1,"3":7,"4":6,"5":5,"6":9,"7":6,"8":6,"9":5,"10":18},"b":{"0":[2,1],"1":[2,5],"2":[2,5],"3":[9,8],"4":[1,5],"5":[3,2],"6":[2,3],"7":[2,3],"8":[1,5]},"meta":{"lastBranch":9,"lastFunction":11,"lastStatement":42,"seen":{"f:23:9:23:20":0,"s:24:8:36:Infinity":0,"f:28:4:28:11":1,"s:29:21:29:Infinity":1,"s:30:20:30:Infinity":2,"f:30:32:30:33":2,"s:30:39:30:61":3,"b:31:6:33:Infinity:undefined:undefined:undefined:undefined":0,"s:31:6:33:Infinity":4,"s:32:8:32:Infinity":5,"s:34:6:34:Infinity":6,"s:38:8:65:Infinity":7,"f:45:4:45:11":3,"s:46:19:46:Infinity":8,"b:47:6:49:Infinity:undefined:undefined:undefined:undefined":1,"s:47:6:49:Infinity":9,"s:48:8:48:Infinity":10,"f:48:31:48:32":4,"s:48:38:48:62":11,"b:50:6:52:Infinity:undefined:undefined:undefined:undefined":2,"s:50:6:52:Infinity":12,"s:51:8:51:Infinity":13,"f:51:31:51:32":5,"s:51:38:51:58":14,"s:53:24:62:Infinity":15,"f:53:35:53:36":6,"s:53:43:62:8":16,"b:61:26:61:49:61:49:61:Infinity":3,"s:63:6:63:Infinity":17,"s:67:8:128:Infinity":18,"f:89:4:89:11":7,"s:90:21:121:Infinity":19,"f:90:46:90:58":8,"s:91:23:91:Infinity":20,"s:92:20:92:Infinity":21,"f:92:37:92:38":9,"s:92:44:92:66":22,"b:93:8:95:Infinity:undefined:undefined:undefined:undefined":4,"s:93:8:95:Infinity":23,"s:94:10:94:Infinity":24,"s:97:22:97:Infinity":25,"b:99:8:101:Infinity:undefined:undefined:undefined:undefined":5,"s:99:8:101:Infinity":26,"s:100:10:100:Infinity":27,"b:102:8:108:Infinity:undefined:undefined:undefined:undefined":6,"s:102:8:108:Infinity":28,"s:103:10:107:Infinity":29,"b:109:8:115:Infinity:undefined:undefined:undefined:undefined":7,"s:109:8:115:Infinity":30,"s:110:10:114:Infinity":31,"s:117:8:117:Infinity":32,"s:118:8:118:Infinity":33,"s:119:8:119:Infinity":34,"s:120:8:120:Infinity":35,"b:123:6:125:Infinity:undefined:undefined:undefined:undefined":8,"s:123:6:125:Infinity":36,"s:124:8:124:Infinity":37,"s:126:6:126:Infinity":38,"s:130:2:130:Infinity":39,"f:137:16:137:37":10,"s:138:8:138:Infinity":40,"s:139:2:142:Infinity":41}}}
,"D:\\maestro2\\dashboard\\src\\server\\commander\\commander-agent.ts": {"path":"D:\\maestro2\\dashboard\\src\\server\\commander\\commander-agent.ts","statementMap":{"0":{"start":{"line":40,"column":2},"end":{"line":44,"column":null}},"1":{"start":{"line":41,"column":4},"end":{"line":41,"column":null}},"2":{"start":{"line":43,"column":4},"end":{"line":43,"column":null}},"3":{"start":{"line":45,"column":26},"end":{"line":45,"column":null}},"4":{"start":{"line":46,"column":2},"end":{"line":54,"column":null}},"5":{"start":{"line":47,"column":20},"end":{"line":47,"column":null}},"6":{"start":{"line":48,"column":4},"end":{"line":48,"column":null}},"7":{"start":{"line":48,"column":18},"end":{"line":48,"column":null}},"8":{"start":{"line":49,"column":4},"end":{"line":53,"column":null}},"9":{"start":{"line":50,"column":6},"end":{"line":50,"column":null}},"10":{"start":{"line":55,"column":2},"end":{"line":55,"column":null}},"11":{"start":{"line":62,"column":43},"end":{"line":62,"column":null}},"12":{"start":{"line":68,"column":2},"end":{"line":68,"column":null}},"13":{"start":{"line":78,"column":61},"end":{"line":78,"column":null}},"14":{"start":{"line":79,"column":40},"end":{"line":79,"column":null}},"15":{"start":{"line":80,"column":32},"end":{"line":80,"column":null}},"16":{"start":{"line":81,"column":26},"end":{"line":81,"column":null}},"17":{"start":{"line":82,"column":66},"end":{"line":82,"column":null}},"18":{"start":{"line":85,"column":21},"end":{"line":85,"column":null}},"19":{"start":{"line":86,"column":21},"end":{"line":86,"column":null}},"20":{"start":{"line":87,"column":21},"end":{"line":87,"column":null}},"21":{"start":{"line":88,"column":21},"end":{"line":88,"column":null}},"22":{"start":{"line":89,"column":21},"end":{"line":89,"column":null}},"23":{"start":{"line":92,"column":4},"end":{"line":92,"column":null}},"24":{"start":{"line":93,"column":4},"end":{"line":100,"column":null}},"25":{"start":{"line":109,"column":4},"end":{"line":109,"column":null}},"26":{"start":{"line":109,"column":24},"end":{"line":109,"column":null}},"27":{"start":{"line":112,"column":23},"end":{"line":112,"column":null}},"28":{"start":{"line":113,"column":4},"end":{"line":113,"column":null}},"29":{"start":{"line":115,"column":4},"end":{"line":115,"column":null}},"30":{"start":{"line":115,"column":39},"end":{"line":115,"column":73}},"31":{"start":{"line":118,"column":4},"end":{"line":120,"column":null}},"32":{"start":{"line":119,"column":6},"end":{"line":119,"column":null}},"33":{"start":{"line":122,"column":4},"end":{"line":122,"column":null}},"34":{"start":{"line":123,"column":4},"end":{"line":125,"column":null}},"35":{"start":{"line":130,"column":4},"end":{"line":133,"column":null}},"36":{"start":{"line":131,"column":6},"end":{"line":131,"column":null}},"37":{"start":{"line":132,"column":6},"end":{"line":132,"column":null}},"38":{"start":{"line":134,"column":4},"end":{"line":137,"column":null}},"39":{"start":{"line":135,"column":6},"end":{"line":135,"column":null}},"40":{"start":{"line":136,"column":6},"end":{"line":136,"column":null}},"41":{"start":{"line":138,"column":4},"end":{"line":138,"column":null}},"42":{"start":{"line":139,"column":4},"end":{"line":139,"column":null}},"43":{"start":{"line":140,"column":4},"end":{"line":140,"column":null}},"44":{"start":{"line":145,"column":4},"end":{"line":145,"column":null}},"45":{"start":{"line":146,"column":4},"end":{"line":146,"column":null}},"46":{"start":{"line":147,"column":4},"end":{"line":147,"column":null}},"47":{"start":{"line":152,"column":4},"end":{"line":152,"column":null}},"48":{"start":{"line":152,"column":40},"end":{"line":152,"column":null}},"49":{"start":{"line":153,"column":4},"end":{"line":153,"column":null}},"50":{"start":{"line":154,"column":4},"end":{"line":154,"column":null}},"51":{"start":{"line":155,"column":4},"end":{"line":155,"column":null}},"52":{"start":{"line":156,"column":4},"end":{"line":156,"column":null}},"53":{"start":{"line":161,"column":25},"end":{"line":161,"column":null}},"54":{"start":{"line":162,"column":24},"end":{"line":162,"column":null}},"55":{"start":{"line":165,"column":4},"end":{"line":170,"column":null}},"56":{"start":{"line":166,"column":28},"end":{"line":166,"column":null}},"57":{"start":{"line":167,"column":6},"end":{"line":169,"column":null}},"58":{"start":{"line":168,"column":8},"end":{"line":168,"column":null}},"59":{"start":{"line":173,"column":4},"end":{"line":173,"column":null}},"60":{"start":{"line":176,"column":4},"end":{"line":179,"column":null}},"61":{"start":{"line":177,"column":6},"end":{"line":177,"column":null}},"62":{"start":{"line":178,"column":6},"end":{"line":178,"column":null}},"63":{"start":{"line":178,"column":41},"end":{"line":178,"column":75}},"64":{"start":{"line":181,"column":4},"end":{"line":181,"column":null}},"65":{"start":{"line":186,"column":4},"end":{"line":186,"column":null}},"66":{"start":{"line":191,"column":4},"end":{"line":191,"column":null}},"67":{"start":{"line":208,"column":4},"end":{"line":208,"column":null}},"68":{"start":{"line":208,"column":40},"end":{"line":208,"column":null}},"69":{"start":{"line":211,"column":4},"end":{"line":217,"column":null}},"70":{"start":{"line":212,"column":6},"end":{"line":214,"column":null}},"71":{"start":{"line":215,"column":6},"end":{"line":215,"column":null}},"72":{"start":{"line":216,"column":6},"end":{"line":216,"column":null}},"73":{"start":{"line":220,"column":4},"end":{"line":223,"column":null}},"74":{"start":{"line":221,"column":6},"end":{"line":221,"column":null}},"75":{"start":{"line":222,"column":6},"end":{"line":222,"column":null}},"76":{"start":{"line":225,"column":4},"end":{"line":225,"column":null}},"77":{"start":{"line":226,"column":4},"end":{"line":226,"column":null}},"78":{"start":{"line":227,"column":4},"end":{"line":227,"column":null}},"79":{"start":{"line":230,"column":20},"end":{"line":230,"column":null}},"80":{"start":{"line":234,"column":4},"end":{"line":234,"column":null}},"81":{"start":{"line":235,"column":4},"end":{"line":235,"column":null}},"82":{"start":{"line":237,"column":4},"end":{"line":247,"column":null}},"83":{"start":{"line":238,"column":6},"end":{"line":238,"column":null}},"84":{"start":{"line":239,"column":6},"end":{"line":239,"column":null}},"85":{"start":{"line":241,"column":6},"end":{"line":241,"column":null}},"86":{"start":{"line":242,"column":22},"end":{"line":242,"column":null}},"87":{"start":{"line":243,"column":6},"end":{"line":243,"column":null}},"88":{"start":{"line":244,"column":6},"end":{"line":244,"column":null}},"89":{"start":{"line":245,"column":6},"end":{"line":245,"column":null}},"90":{"start":{"line":246,"column":6},"end":{"line":246,"column":null}},"91":{"start":{"line":250,"column":21},"end":{"line":250,"column":null}},"92":{"start":{"line":253,"column":4},"end":{"line":253,"column":null}},"93":{"start":{"line":254,"column":4},"end":{"line":254,"column":null}},"94":{"start":{"line":256,"column":4},"end":{"line":256,"column":null}},"95":{"start":{"line":259,"column":4},"end":{"line":259,"column":null}},"96":{"start":{"line":260,"column":4},"end":{"line":260,"column":null}},"97":{"start":{"line":263,"column":4},"end":{"line":263,"column":null}},"98":{"start":{"line":264,"column":4},"end":{"line":266,"column":null}},"99":{"start":{"line":265,"column":6},"end":{"line":265,"column":null}},"100":{"start":{"line":268,"column":4},"end":{"line":268,"column":null}},"101":{"start":{"line":269,"column":4},"end":{"line":269,"column":null}},"102":{"start":{"line":277,"column":20},"end":{"line":277,"column":null}},"103":{"start":{"line":278,"column":28},"end":{"line":278,"column":null}},"104":{"start":{"line":281,"column":10},"end":{"line":281,"column":null}},"105":{"start":{"line":282,"column":22},"end":{"line":282,"column":null}},"106":{"start":{"line":283,"column":23},"end":{"line":283,"column":null}},"107":{"start":{"line":283,"column":47},"end":{"line":283,"column":66}},"108":{"start":{"line":286,"column":25},"end":{"line":288,"column":null}},"109":{"start":{"line":290,"column":4},"end":{"line":298,"column":null}},"110":{"start":{"line":306,"column":10},"end":{"line":306,"column":null}},"111":{"start":{"line":307,"column":21},"end":{"line":307,"column":null}},"112":{"start":{"line":309,"column":4},"end":{"line":329,"column":null}},"113":{"start":{"line":324,"column":18},"end":{"line":324,"column":null}},"114":{"start":{"line":325,"column":6},"end":{"line":328,"column":null}},"115":{"start":{"line":326,"column":27},"end":{"line":326,"column":null}},"116":{"start":{"line":327,"column":8},"end":{"line":327,"column":null}},"117":{"start":{"line":331,"column":4},"end":{"line":333,"column":null}},"118":{"start":{"line":332,"column":6},"end":{"line":332,"column":null}},"119":{"start":{"line":335,"column":4},"end":{"line":335,"column":null}},"120":{"start":{"line":347,"column":27},"end":{"line":347,"column":null}},"121":{"start":{"line":350,"column":28},"end":{"line":352,"column":null}},"122":{"start":{"line":351,"column":6},"end":{"line":351,"column":null}},"123":{"start":{"line":354,"column":27},"end":{"line":356,"column":null}},"124":{"start":{"line":355,"column":13},"end":{"line":355,"column":null}},"125":{"start":{"line":359,"column":50},"end":{"line":366,"column":null}},"126":{"start":{"line":368,"column":4},"end":{"line":372,"column":null}},"127":{"start":{"line":369,"column":12},"end":{"line":369,"column":null}},"128":{"start":{"line":370,"column":6},"end":{"line":370,"column":null}},"129":{"start":{"line":370,"column":26},"end":{"line":370,"column":null}},"130":{"start":{"line":371,"column":6},"end":{"line":371,"column":null}},"131":{"start":{"line":375,"column":38},"end":{"line":375,"column":null}},"132":{"start":{"line":376,"column":39},"end":{"line":376,"column":null}},"133":{"start":{"line":377,"column":20},"end":{"line":377,"column":null}},"134":{"start":{"line":379,"column":4},"end":{"line":392,"column":null}},"135":{"start":{"line":380,"column":6},"end":{"line":391,"column":null}},"136":{"start":{"line":381,"column":8},"end":{"line":386,"column":null}},"137":{"start":{"line":382,"column":10},"end":{"line":382,"column":null}},"138":{"start":{"line":383,"column":10},"end":{"line":383,"column":null}},"139":{"start":{"line":385,"column":10},"end":{"line":385,"column":null}},"140":{"start":{"line":390,"column":8},"end":{"line":390,"column":null}},"141":{"start":{"line":394,"column":4},"end":{"line":401,"column":null}},"142":{"start":{"line":409,"column":4},"end":{"line":456,"column":null}},"143":{"start":{"line":410,"column":6},"end":{"line":455,"column":null}},"144":{"start":{"line":411,"column":8},"end":{"line":451,"column":null}},"145":{"start":{"line":413,"column":12},"end":{"line":416,"column":null}},"146":{"start":{"line":417,"column":12},"end":{"line":417,"column":null}},"147":{"start":{"line":421,"column":12},"end":{"line":426,"column":null}},"148":{"start":{"line":427,"column":12},"end":{"line":427,"column":null}},"149":{"start":{"line":428,"column":12},"end":{"line":428,"column":null}},"150":{"start":{"line":431,"column":12},"end":{"line":436,"column":null}},"151":{"start":{"line":437,"column":12},"end":{"line":437,"column":null}},"152":{"start":{"line":438,"column":12},"end":{"line":438,"column":null}},"153":{"start":{"line":441,"column":12},"end":{"line":441,"column":null}},"154":{"start":{"line":442,"column":12},"end":{"line":442,"column":null}},"155":{"start":{"line":445,"column":12},"end":{"line":445,"column":null}},"156":{"start":{"line":446,"column":12},"end":{"line":446,"column":null}},"157":{"start":{"line":449,"column":12},"end":{"line":449,"column":null}},"158":{"start":{"line":450,"column":12},"end":{"line":450,"column":null}},"159":{"start":{"line":453,"column":24},"end":{"line":453,"column":null}},"160":{"start":{"line":454,"column":8},"end":{"line":454,"column":null}},"161":{"start":{"line":458,"column":4},"end":{"line":458,"column":null}},"162":{"start":{"line":466,"column":4},"end":{"line":466,"column":null}}},"fnMap":{"0":{"name":"readIssuesJsonl","decl":{"start":{"line":38,"column":15},"end":{"line":38,"column":31}},"loc":{"start":{"line":38,"column":67},"end":{"line":56,"column":null}},"line":38},"1":{"name":"isWithinThreshold","decl":{"start":{"line":64,"column":9},"end":{"line":64,"column":null}},"loc":{"start":{"line":67,"column":11},"end":{"line":69,"column":null}},"line":67},"2":{"name":"(anonymous_2)","decl":{"start":{"line":84,"column":2},"end":{"line":84,"column":null}},"loc":{"start":{"line":91,"column":4},"end":{"line":101,"column":null}},"line":91},"3":{"name":"(anonymous_3)","decl":{"start":{"line":108,"column":8},"end":{"line":108,"column":31}},"loc":{"start":{"line":108,"column":31},"end":{"line":126,"column":null}},"line":108},"4":{"name":"(anonymous_4)","decl":{"start":{"line":115,"column":33},"end":{"line":115,"column":39}},"loc":{"start":{"line":115,"column":39},"end":{"line":115,"column":73}},"line":115},"5":{"name":"(anonymous_5)","decl":{"start":{"line":118,"column":38},"end":{"line":118,"column":44}},"loc":{"start":{"line":118,"column":44},"end":{"line":120,"column":7}},"line":118},"6":{"name":"(anonymous_6)","decl":{"start":{"line":129,"column":2},"end":{"line":129,"column":15}},"loc":{"start":{"line":129,"column":15},"end":{"line":141,"column":null}},"line":129},"7":{"name":"(anonymous_7)","decl":{"start":{"line":144,"column":2},"end":{"line":144,"column":16}},"loc":{"start":{"line":144,"column":16},"end":{"line":148,"column":null}},"line":144},"8":{"name":"(anonymous_8)","decl":{"start":{"line":151,"column":2},"end":{"line":151,"column":17}},"loc":{"start":{"line":151,"column":17},"end":{"line":157,"column":null}},"line":151},"9":{"name":"(anonymous_9)","decl":{"start":{"line":160,"column":2},"end":{"line":160,"column":15}},"loc":{"start":{"line":160,"column":56},"end":{"line":182,"column":null}},"line":160},"10":{"name":"(anonymous_10)","decl":{"start":{"line":178,"column":35},"end":{"line":178,"column":41}},"loc":{"start":{"line":178,"column":41},"end":{"line":178,"column":75}},"line":178},"11":{"name":"(anonymous_11)","decl":{"start":{"line":185,"column":2},"end":{"line":185,"column":29}},"loc":{"start":{"line":185,"column":29},"end":{"line":187,"column":null}},"line":185},"12":{"name":"(anonymous_12)","decl":{"start":{"line":190,"column":2},"end":{"line":190,"column":31}},"loc":{"start":{"line":190,"column":31},"end":{"line":192,"column":null}},"line":190},"13":{"name":"(anonymous_13)","decl":{"start":{"line":206,"column":8},"end":{"line":206,"column":13}},"loc":{"start":{"line":206,"column":64},"end":{"line":270,"column":null}},"line":206},"14":{"name":"(anonymous_14)","decl":{"start":{"line":276,"column":16},"end":{"line":276,"column":60}},"loc":{"start":{"line":276,"column":60},"end":{"line":299,"column":null}},"line":276},"15":{"name":"(anonymous_15)","decl":{"start":{"line":283,"column":40},"end":{"line":283,"column":41}},"loc":{"start":{"line":283,"column":47},"end":{"line":283,"column":66}},"line":283},"16":{"name":"(anonymous_16)","decl":{"start":{"line":305,"column":16},"end":{"line":305,"column":23}},"loc":{"start":{"line":305,"column":72},"end":{"line":336,"column":null}},"line":305},"17":{"name":"(anonymous_17)","decl":{"start":{"line":342,"column":10},"end":{"line":342,"column":null}},"loc":{"start":{"line":346,"column":14},"end":{"line":402,"column":null}},"line":346},"18":{"name":"(anonymous_18)","decl":{"start":{"line":350,"column":63},"end":{"line":350,"column":64}},"loc":{"start":{"line":351,"column":6},"end":{"line":351,"column":null}},"line":351},"19":{"name":"(anonymous_19)","decl":{"start":{"line":355,"column":6},"end":{"line":355,"column":7}},"loc":{"start":{"line":355,"column":13},"end":{"line":355,"column":null}},"line":355},"20":{"name":"(anonymous_20)","decl":{"start":{"line":368,"column":25},"end":{"line":368,"column":26}},"loc":{"start":{"line":368,"column":35},"end":{"line":372,"column":5}},"line":368},"21":{"name":"(anonymous_21)","decl":{"start":{"line":408,"column":16},"end":{"line":408,"column":25}},"loc":{"start":{"line":408,"column":60},"end":{"line":459,"column":null}},"line":408},"22":{"name":"(anonymous_22)","decl":{"start":{"line":465,"column":10},"end":{"line":465,"column":29}},"loc":{"start":{"line":465,"column":29},"end":{"line":467,"column":null}},"line":465}},"branchMap":{"0":{"loc":{"start":{"line":48,"column":4},"end":{"line":48,"column":null}},"type":"if","locations":[{"start":{"line":48,"column":4},"end":{"line":48,"column":null}},{"start":{},"end":{}}],"line":48},"1":{"loc":{"start":{"line":68,"column":10},"end":{"line":68,"column":43}},"type":"binary-expr","locations":[{"start":{"line":68,"column":10},"end":{"line":68,"column":36}},{"start":{"line":68,"column":36},"end":{"line":68,"column":43}}],"line":68},"2":{"loc":{"start":{"line":68,"column":43},"end":{"line":68,"column":null}},"type":"binary-expr","locations":[{"start":{"line":68,"column":43},"end":{"line":68,"column":68}},{"start":{"line":68,"column":68},"end":{"line":68,"column":null}}],"line":68},"3":{"loc":{"start":{"line":109,"column":4},"end":{"line":109,"column":null}},"type":"if","locations":[{"start":{"line":109,"column":4},"end":{"line":109,"column":null}},{"start":{},"end":{}}],"line":109},"4":{"loc":{"start":{"line":130,"column":4},"end":{"line":133,"column":null}},"type":"if","locations":[{"start":{"line":130,"column":4},"end":{"line":133,"column":null}},{"start":{},"end":{}}],"line":130},"5":{"loc":{"start":{"line":134,"column":4},"end":{"line":137,"column":null}},"type":"if","locations":[{"start":{"line":134,"column":4},"end":{"line":137,"column":null}},{"start":{},"end":{}}],"line":134},"6":{"loc":{"start":{"line":152,"column":4},"end":{"line":152,"column":null}},"type":"if","locations":[{"start":{"line":152,"column":4},"end":{"line":152,"column":null}},{"start":{},"end":{}}],"line":152},"7":{"loc":{"start":{"line":165,"column":4},"end":{"line":170,"column":null}},"type":"if","locations":[{"start":{"line":165,"column":4},"end":{"line":170,"column":null}},{"start":{},"end":{}}],"line":165},"8":{"loc":{"start":{"line":165,"column":8},"end":{"line":165,"column":92}},"type":"binary-expr","locations":[{"start":{"line":165,"column":8},"end":{"line":165,"column":27}},{"start":{"line":165,"column":27},"end":{"line":165,"column":62}},{"start":{"line":165,"column":62},"end":{"line":165,"column":92}}],"line":165},"9":{"loc":{"start":{"line":167,"column":6},"end":{"line":169,"column":null}},"type":"if","locations":[{"start":{"line":167,"column":6},"end":{"line":169,"column":null}},{"start":{},"end":{}}],"line":167},"10":{"loc":{"start":{"line":176,"column":4},"end":{"line":179,"column":null}},"type":"if","locations":[{"start":{"line":176,"column":4},"end":{"line":179,"column":null}},{"start":{},"end":{}}],"line":176},"11":{"loc":{"start":{"line":176,"column":8},"end":{"line":176,"column":71}},"type":"binary-expr","locations":[{"start":{"line":176,"column":8},"end":{"line":176,"column":55}},{"start":{"line":176,"column":55},"end":{"line":176,"column":71}}],"line":176},"12":{"loc":{"start":{"line":206,"column":13},"end":{"line":206,"column":64}},"type":"default-arg","locations":[{"start":{"line":206,"column":31},"end":{"line":206,"column":64}}],"line":206},"13":{"loc":{"start":{"line":208,"column":4},"end":{"line":208,"column":null}},"type":"if","locations":[{"start":{"line":208,"column":4},"end":{"line":208,"column":null}},{"start":{},"end":{}}],"line":208},"14":{"loc":{"start":{"line":211,"column":4},"end":{"line":217,"column":null}},"type":"if","locations":[{"start":{"line":211,"column":4},"end":{"line":217,"column":null}},{"start":{},"end":{}}],"line":211},"15":{"loc":{"start":{"line":220,"column":4},"end":{"line":223,"column":null}},"type":"if","locations":[{"start":{"line":220,"column":4},"end":{"line":223,"column":null}},{"start":{},"end":{}}],"line":220},"16":{"loc":{"start":{"line":242,"column":22},"end":{"line":242,"column":null}},"type":"cond-expr","locations":[{"start":{"line":242,"column":45},"end":{"line":242,"column":59}},{"start":{"line":242,"column":59},"end":{"line":242,"column":null}}],"line":242},"17":{"loc":{"start":{"line":264,"column":4},"end":{"line":266,"column":null}},"type":"if","locations":[{"start":{"line":264,"column":4},"end":{"line":266,"column":null}},{"start":{},"end":{}}],"line":264},"18":{"loc":{"start":{"line":286,"column":25},"end":{"line":288,"column":null}},"type":"cond-expr","locations":[{"start":{"line":287,"column":8},"end":{"line":287,"column":null}},{"start":{"line":288,"column":8},"end":{"line":288,"column":null}}],"line":286},"19":{"loc":{"start":{"line":325,"column":6},"end":{"line":328,"column":null}},"type":"if","locations":[{"start":{"line":325,"column":6},"end":{"line":328,"column":null}},{"start":{},"end":{}}],"line":325},"20":{"loc":{"start":{"line":325,"column":10},"end":{"line":325,"column":62}},"type":"binary-expr","locations":[{"start":{"line":325,"column":10},"end":{"line":325,"column":35}},{"start":{"line":325,"column":35},"end":{"line":325,"column":62}}],"line":325},"21":{"loc":{"start":{"line":331,"column":4},"end":{"line":333,"column":null}},"type":"if","locations":[{"start":{"line":331,"column":4},"end":{"line":333,"column":null}},{"start":{},"end":{}}],"line":331},"22":{"loc":{"start":{"line":369,"column":24},"end":{"line":369,"column":55}},"type":"binary-expr","locations":[{"start":{"line":369,"column":24},"end":{"line":369,"column":49}},{"start":{"line":369,"column":49},"end":{"line":369,"column":55}}],"line":369},"23":{"loc":{"start":{"line":369,"column":55},"end":{"line":369,"column":null}},"type":"binary-expr","locations":[{"start":{"line":369,"column":55},"end":{"line":369,"column":80}},{"start":{"line":369,"column":80},"end":{"line":369,"column":null}}],"line":369},"24":{"loc":{"start":{"line":370,"column":6},"end":{"line":370,"column":null}},"type":"if","locations":[{"start":{"line":370,"column":6},"end":{"line":370,"column":null}},{"start":{},"end":{}}],"line":370},"25":{"loc":{"start":{"line":371,"column":14},"end":{"line":371,"column":42}},"type":"binary-expr","locations":[{"start":{"line":371,"column":14},"end":{"line":371,"column":36}},{"start":{"line":371,"column":36},"end":{"line":371,"column":42}}],"line":371},"26":{"loc":{"start":{"line":371,"column":42},"end":{"line":371,"column":null}},"type":"binary-expr","locations":[{"start":{"line":371,"column":42},"end":{"line":371,"column":64}},{"start":{"line":371,"column":64},"end":{"line":371,"column":null}}],"line":371},"27":{"loc":{"start":{"line":380,"column":6},"end":{"line":391,"column":null}},"type":"if","locations":[{"start":{"line":380,"column":6},"end":{"line":391,"column":null}},{"start":{"line":387,"column":13},"end":{"line":391,"column":null}}],"line":380},"28":{"loc":{"start":{"line":381,"column":8},"end":{"line":386,"column":null}},"type":"if","locations":[{"start":{"line":381,"column":8},"end":{"line":386,"column":null}},{"start":{"line":384,"column":15},"end":{"line":386,"column":null}}],"line":381},"29":{"loc":{"start":{"line":411,"column":8},"end":{"line":451,"column":null}},"type":"switch","locations":[{"start":{"line":412,"column":10},"end":{"line":417,"column":null}},{"start":{"line":419,"column":10},"end":{"line":428,"column":null}},{"start":{"line":430,"column":10},"end":{"line":438,"column":null}},{"start":{"line":440,"column":10},"end":{"line":442,"column":null}},{"start":{"line":444,"column":10},"end":{"line":446,"column":null}},{"start":{"line":448,"column":10},"end":{"line":450,"column":null}}],"line":411},"30":{"loc":{"start":{"line":453,"column":24},"end":{"line":453,"column":null}},"type":"cond-expr","locations":[{"start":{"line":453,"column":47},"end":{"line":453,"column":61}},{"start":{"line":453,"column":61},"end":{"line":453,"column":null}}],"line":453}},"s":{"0":12,"1":12,"2":11,"3":1,"4":1,"5":3,"6":3,"7":1,"8":2,"9":2,"10":1,"11":1,"12":52,"13":46,"14":46,"15":46,"16":46,"17":46,"18":46,"19":46,"20":46,"21":46,"22":46,"23":46,"24":46,"25":5,"26":1,"27":4,"28":4,"29":4,"30":0,"31":4,"32":0,"33":4,"34":4,"35":7,"36":4,"37":4,"38":7,"39":4,"40":4,"41":7,"42":7,"43":7,"44":4,"45":4,"46":4,"47":2,"48":1,"49":1,"50":1,"51":1,"52":1,"53":5,"54":5,"55":5,"56":1,"57":1,"58":1,"59":5,"60":5,"61":1,"62":1,"63":0,"64":5,"65":20,"66":7,"67":12,"68":1,"69":11,"70":1,"71":1,"72":1,"73":10,"74":1,"75":1,"76":9,"77":9,"78":9,"79":9,"80":9,"81":9,"82":9,"83":9,"84":8,"85":1,"86":1,"87":1,"88":1,"89":1,"90":1,"91":8,"92":8,"93":8,"94":8,"95":8,"96":8,"97":8,"98":8,"99":1,"100":8,"101":8,"102":12,"103":12,"104":12,"105":12,"106":12,"107":2,"108":12,"109":12,"110":12,"111":12,"112":12,"113":11,"114":11,"115":10,"116":10,"117":12,"118":2,"119":10,"120":17,"121":17,"122":26,"123":17,"124":26,"125":17,"126":17,"127":21,"128":21,"129":16,"130":5,"131":17,"132":17,"133":17,"134":17,"135":23,"136":15,"137":13,"138":13,"139":2,"140":8,"141":17,"142":16,"143":11,"144":11,"145":4,"146":3,"147":2,"148":1,"149":1,"150":2,"151":1,"152":1,"153":1,"154":1,"155":1,"156":1,"157":1,"158":1,"159":3,"160":3,"161":16,"162":47},"f":{"0":12,"1":52,"2":46,"3":5,"4":0,"5":0,"6":7,"7":4,"8":2,"9":5,"10":0,"11":20,"12":7,"13":12,"14":12,"15":2,"16":12,"17":17,"18":26,"19":26,"20":21,"21":16,"22":47},"b":{"0":[1,2],"1":[52,0],"2":[52,0],"3":[1,4],"4":[4,3],"5":[4,3],"6":[1,1],"7":[1,4],"8":[5,2,2],"9":[1,0],"10":[1,4],"11":[5,3],"12":[12],"13":[1,11],"14":[1,10],"15":[1,9],"16":[1,0],"17":[1,7],"18":[1,11],"19":[10,1],"20":[11,10],"21":[2,10],"22":[21,0],"23":[21,0],"24":[16,5],"25":[5,0],"26":[21,0],"27":[15,8],"28":[13,2],"29":[4,2,2,1,1,1],"30":[3,0]},"meta":{"lastBranch":31,"lastFunction":23,"lastStatement":163,"seen":{"f:38:15:38:31":0,"s:40:2:44:Infinity":0,"s:41:4:41:Infinity":1,"s:43:4:43:Infinity":2,"s:45:26:45:Infinity":3,"s:46:2:54:Infinity":4,"s:47:20:47:Infinity":5,"b:48:4:48:Infinity:undefined:undefined:undefined:undefined":0,"s:48:4:48:Infinity":6,"s:48:18:48:Infinity":7,"s:49:4:53:Infinity":8,"s:50:6:50:Infinity":9,"s:55:2:55:Infinity":10,"s:62:43:62:Infinity":11,"f:64:9:64:Infinity":1,"s:68:2:68:Infinity":12,"b:68:10:68:36:68:36:68:43":1,"b:68:43:68:68:68:68:68:Infinity":2,"s:78:61:78:Infinity":13,"s:79:40:79:Infinity":14,"s:80:32:80:Infinity":15,"s:81:26:81:Infinity":16,"s:82:66:82:Infinity":17,"f:84:2:84:Infinity":2,"s:85:21:85:Infinity":18,"s:86:21:86:Infinity":19,"s:87:21:87:Infinity":20,"s:88:21:88:Infinity":21,"s:89:21:89:Infinity":22,"s:92:4:92:Infinity":23,"s:93:4:100:Infinity":24,"f:108:8:108:31":3,"b:109:4:109:Infinity:undefined:undefined:undefined:undefined":3,"s:109:4:109:Infinity":25,"s:109:24:109:Infinity":26,"s:112:23:112:Infinity":27,"s:113:4:113:Infinity":28,"s:115:4:115:Infinity":29,"f:115:33:115:39":4,"s:115:39:115:73":30,"s:118:4:120:Infinity":31,"f:118:38:118:44":5,"s:119:6:119:Infinity":32,"s:122:4:122:Infinity":33,"s:123:4:125:Infinity":34,"f:129:2:129:15":6,"b:130:4:133:Infinity:undefined:undefined:undefined:undefined":4,"s:130:4:133:Infinity":35,"s:131:6:131:Infinity":36,"s:132:6:132:Infinity":37,"b:134:4:137:Infinity:undefined:undefined:undefined:undefined":5,"s:134:4:137:Infinity":38,"s:135:6:135:Infinity":39,"s:136:6:136:Infinity":40,"s:138:4:138:Infinity":41,"s:139:4:139:Infinity":42,"s:140:4:140:Infinity":43,"f:144:2:144:16":7,"s:145:4:145:Infinity":44,"s:146:4:146:Infinity":45,"s:147:4:147:Infinity":46,"f:151:2:151:17":8,"b:152:4:152:Infinity:undefined:undefined:undefined:undefined":6,"s:152:4:152:Infinity":47,"s:152:40:152:Infinity":48,"s:153:4:153:Infinity":49,"s:154:4:154:Infinity":50,"s:155:4:155:Infinity":51,"s:156:4:156:Infinity":52,"f:160:2:160:15":9,"s:161:25:161:Infinity":53,"s:162:24:162:Infinity":54,"b:165:4:170:Infinity:undefined:undefined:undefined:undefined":7,"s:165:4:170:Infinity":55,"b:165:8:165:27:165:27:165:62:165:62:165:92":8,"s:166:28:166:Infinity":56,"b:167:6:169:Infinity:undefined:undefined:undefined:undefined":9,"s:167:6:169:Infinity":57,"s:168:8:168:Infinity":58,"s:173:4:173:Infinity":59,"b:176:4:179:Infinity:undefined:undefined:undefined:undefined":10,"s:176:4:179:Infinity":60,"b:176:8:176:55:176:55:176:71":11,"s:177:6:177:Infinity":61,"s:178:6:178:Infinity":62,"f:178:35:178:41":10,"s:178:41:178:75":63,"s:181:4:181:Infinity":64,"f:185:2:185:29":11,"s:186:4:186:Infinity":65,"f:190:2:190:31":12,"s:191:4:191:Infinity":66,"f:206:8:206:13":13,"b:206:31:206:64":12,"b:208:4:208:Infinity:undefined:undefined:undefined:undefined":13,"s:208:4:208:Infinity":67,"s:208:40:208:Infinity":68,"b:211:4:217:Infinity:undefined:undefined:undefined:undefined":14,"s:211:4:217:Infinity":69,"s:212:6:214:Infinity":70,"s:215:6:215:Infinity":71,"s:216:6:216:Infinity":72,"b:220:4:223:Infinity:undefined:undefined:undefined:undefined":15,"s:220:4:223:Infinity":73,"s:221:6:221:Infinity":74,"s:222:6:222:Infinity":75,"s:225:4:225:Infinity":76,"s:226:4:226:Infinity":77,"s:227:4:227:Infinity":78,"s:230:20:230:Infinity":79,"s:234:4:234:Infinity":80,"s:235:4:235:Infinity":81,"s:237:4:247:Infinity":82,"s:238:6:238:Infinity":83,"s:239:6:239:Infinity":84,"s:241:6:241:Infinity":85,"s:242:22:242:Infinity":86,"b:242:45:242:59:242:59:242:Infinity":16,"s:243:6:243:Infinity":87,"s:244:6:244:Infinity":88,"s:245:6:245:Infinity":89,"s:246:6:246:Infinity":90,"s:250:21:250:Infinity":91,"s:253:4:253:Infinity":92,"s:254:4:254:Infinity":93,"s:256:4:256:Infinity":94,"s:259:4:259:Infinity":95,"s:260:4:260:Infinity":96,"s:263:4:263:Infinity":97,"b:264:4:266:Infinity:undefined:undefined:undefined:undefined":17,"s:264:4:266:Infinity":98,"s:265:6:265:Infinity":99,"s:268:4:268:Infinity":100,"s:269:4:269:Infinity":101,"f:276:16:276:60":14,"s:277:20:277:Infinity":102,"s:278:28:278:Infinity":103,"s:281:10:281:Infinity":104,"s:282:22:282:Infinity":105,"s:283:23:283:Infinity":106,"f:283:40:283:41":15,"s:283:47:283:66":107,"s:286:25:288:Infinity":108,"b:287:8:287:Infinity:288:8:288:Infinity":18,"s:290:4:298:Infinity":109,"f:305:16:305:23":16,"s:306:10:306:Infinity":110,"s:307:21:307:Infinity":111,"s:309:4:329:Infinity":112,"s:324:18:324:Infinity":113,"b:325:6:328:Infinity:undefined:undefined:undefined:undefined":19,"s:325:6:328:Infinity":114,"b:325:10:325:35:325:35:325:62":20,"s:326:27:326:Infinity
[...]
end":{"line":131,"column":null}},"type":"if","locations":[{"start":{"line":127,"column":6},"end":{"line":131,"column":null}},{"start":{},"end":{}}],"line":127},"11":{"loc":{"start":{"line":142,"column":4},"end":{"line":147,"column":null}},"type":"if","locations":[{"start":{"line":142,"column":4},"end":{"line":147,"column":null}},{"start":{"line":144,"column":11},"end":{"line":147,"column":null}}],"line":142},"12":{"loc":{"start":{"line":152,"column":4},"end":{"line":156,"column":null}},"type":"if","locations":[{"start":{"line":152,"column":4},"end":{"line":156,"column":null}},{"start":{"line":154,"column":11},"end":{"line":156,"column":null}}],"line":152},"13":{"loc":{"start":{"line":169,"column":6},"end":{"line":172,"column":null}},"type":"if","locations":[{"start":{"line":169,"column":6},"end":{"line":172,"column":null}},{"start":{},"end":{}}],"line":169},"14":{"loc":{"start":{"line":187,"column":6},"end":{"line":189,"column":null}},"type":"if","locations":[{"start":{"line":187,"column":6},"end":{"line":189,"column":null}},{"start":{},"end":{}}],"line":187},"15":{"loc":{"start":{"line":210,"column":4},"end":{"line":212,"column":null}},"type":"if","locations":[{"start":{"line":210,"column":4},"end":{"line":212,"column":null}},{"start":{},"end":{}}],"line":210},"16":{"loc":{"start":{"line":210,"column":8},"end":{"line":210,"column":43}},"type":"binary-expr","locations":[{"start":{"line":210,"column":8},"end":{"line":210,"column":17}},{"start":{"line":210,"column":17},"end":{"line":210,"column":43}}],"line":210},"17":{"loc":{"start":{"line":224,"column":4},"end":{"line":224,"column":null}},"type":"if","locations":[{"start":{"line":224,"column":4},"end":{"line":224,"column":null}},{"start":{},"end":{}}],"line":224},"18":{"loc":{"start":{"line":224,"column":8},"end":{"line":224,"column":64}},"type":"binary-expr","locations":[{"start":{"line":224,"column":8},"end":{"line":224,"column":38}},{"start":{"line":224,"column":38},"end":{"line":224,"column":64}}],"line":224},"19":{"loc":{"start":{"line":226,"column":4},"end":{"line":228,"column":null}},"type":"if","locations":[{"start":{"line":226,"column":4},"end":{"line":228,"column":null}},{"start":{},"end":{}}],"line":226}},"s":{"0":59,"1":59,"2":59,"3":59,"4":20,"5":7,"6":13,"7":10,"8":8,"9":8,"10":7,"11":1,"12":1,"13":1,"14":0,"15":0,"16":46,"17":46,"18":46,"19":46,"20":46,"21":46,"22":33,"23":33,"24":5,"25":4,"26":4,"27":4,"28":4,"29":4,"30":28,"31":28,"32":17,"33":17,"34":17,"35":17,"36":17,"37":17,"38":11,"39":11,"40":4,"41":4,"42":4,"43":4,"44":4,"45":7,"46":7,"47":5,"48":5,"49":5,"50":5,"51":5,"52":5,"53":17,"54":27,"55":17,"56":10,"57":7,"58":7,"59":6,"60":5,"61":2,"62":5,"63":2,"64":3,"65":46,"66":46,"67":46,"68":46,"69":46,"70":32,"71":32,"72":32,"73":32,"74":32,"75":32,"76":46,"77":11,"78":46,"79":46,"80":46,"81":46,"82":46,"83":3,"84":3,"85":3,"86":3,"87":46,"88":1,"89":1,"90":1,"91":0,"92":0,"93":0,"94":0,"95":1,"96":7,"97":7,"98":7,"99":7,"100":11,"101":1,"102":10,"103":10,"104":10,"105":7,"106":93,"107":93,"108":23,"109":35,"110":35,"111":70,"112":7,"113":7,"114":7,"115":11,"116":11,"117":0,"118":78,"119":59},"f":{"0":59,"1":20,"2":7,"3":13,"4":10,"5":8,"6":46,"7":33,"8":17,"9":27,"10":6,"11":5,"12":2,"13":46,"14":11,"15":46,"16":1,"17":7,"18":93,"19":35,"20":35,"21":7,"22":11,"23":11,"24":78,"25":59},"b":{"0":[7,1],"1":[1,0],"2":[46,19],"3":[5,28],"4":[4,0],"5":[17,11],"6":[17,0],"7":[4,7],"8":[4,0],"9":[5,2],"10":[5,0],"11":[10,7],"12":[2,3],"13":[32,0],"14":[3,0],"15":[0,0],"16":[0,0],"17":[1,10],"18":[11,10],"19":[10,0]},"meta":{"lastBranch":20,"lastFunction":26,"lastStatement":120,"seen":{"s:23:26:23:Infinity":0,"f:25:2:25:Infinity":0,"s:26:21:26:Infinity":1,"s:27:21:27:Infinity":2,"s:29:4:29:Infinity":3,"f:33:2:33:25":1,"s:34:4:34:Infinity":4,"f:38:2:38:29":2,"s:39:4:39:Infinity":5,"f:43:2:43:11":3,"s:44:4:44:Infinity":6,"f:44:34:44:35":4,"s:44:41:44:54":7,"f:48:8:48:17":5,"s:50:19:50:Infinity":8,"b:51:4:51:Infinity:undefined:undefined:undefined:undefined":0,"s:51:4:51:Infinity":9,"s:51:16:51:Infinity":10,"s:53:21:53:Infinity":11,"b:54:4:54:Infinity:undefined:undefined:undefined:undefined":1,"s:54:4:54:Infinity":12,"s:54:19:54:Infinity":13,"s:55:4:55:Infinity":14,"s:56:4:56:Infinity":15,"f:63:8:63:49":6,"s:64:20:66:Infinity":16,"s:68:19:68:Infinity":17,"s:69:20:69:Infinity":18,"s:71:4:76:Infinity":19,"b:72:15:72:26:72:26:72:Infinity":2,"s:78:4:78:Infinity":20,"s:79:4:79:Infinity":21,"f:86:8:86:24":7,"s:87:10:87:Infinity":22,"b:90:4:98:Infinity:undefined:undefined:undefined:undefined":3,"s:90:4:98:Infinity":23,"s:91:22:91:Infinity":24,"b:92:6:96:Infinity:undefined:undefined:undefined:undefined":4,"s:92:6:96:Infinity":25,"s:93:8:93:Infinity":26,"s:94:8:94:Infinity":27,"s:95:8:95:Infinity":28,"s:97:6:97:Infinity":29,"s:101:28:101:Infinity":30,"b:102:4:110:Infinity:undefined:undefined:undefined:undefined":5,"s:102:4:110:Infinity":31,"s:103:20:103:Infinity":32,"b:104:6:108:Infinity:undefined:undefined:undefined:undefined":6,"s:104:6:108:Infinity":33,"s:105:8:105:Infinity":34,"s:106:8:106:Infinity":35,"s:107:8:107:Infinity":36,"s:109:6:109:Infinity":37,"s:113:22:113:Infinity":38,"b:114:4:121:Infinity:undefined:undefined:undefined:undefined":7,"s:114:4:121:Infinity":39,"s:115:19:115:Infinity":40,"b:116:6:119:Infinity:undefined:undefined:undefined:undefined":8,"s:116:6:119:Infinity":41,"s:117:8:117:Infinity":42,"s:118:8:118:Infinity":43,"s:120:6:120:Infinity":44,"s:124:25:124:Infinity":45,"b:125:4:133:Infinity:undefined:undefined:undefined:undefined":9,"s:125:4:133:Infinity":46,"s:126:22:126:Infinity":47,"b:127:6:131:Infinity:undefined:undefined:undefined:undefined":10,"s:127:6:131:Infinity":48,"s:128:8:128:Infinity":49,"s:129:8:129:Infinity":50,"s:130:8:130:Infinity":51,"s:132:6:132:Infinity":52,"f:140:10:140:22":8,"s:141:16:141:Infinity":53,"f:141:44:141:45":9,"s:141:51:141:74":54,"b:142:4:147:Infinity:144:11:147:Infinity":11,"s:142:4:147:Infinity":55,"s:143:6:143:Infinity":56,"s:145:6:145:Infinity":57,"s:146:6:146:Infinity":58,"f:146:29:146:30":10,"s:146:39:146:56":59,"f:150:10:150:24":11,"s:151:16:151:Infinity":60,"f:151:45:151:46":12,"s:151:52:151:68":61,"b:152:4:156:Infinity:154:11:156:Infinity":12,"s:152:4:156:Infinity":62,"s:153:6:153:Infinity":63,"s:155:6:155:Infinity":64,"f:159:16:159:54":13,"s:160:10:160:Infinity":65,"s:161:18:161:Infinity":66,"s:162:32:162:Infinity":67,"s:163:4:163:Infinity":68,"s:165:4:173:Infinity":69,"s:166:12:166:Infinity":70,"s:167:12:167:Infinity":71,"s:168:20:168:Infinity":72,"b:169:6:172:Infinity:undefined:undefined:undefined:undefined":13,"s:169:6:172:Infinity":73,"s:170:8:170:Infinity":74,"s:171:8:171:Infinity":75,"s:175:4:175:Infinity":76,"f:175:16:175:17":14,"s:175:26:175:43":77,"s:176:4:176:Infinity":78,"f:179:16:179:57":15,"s:180:10:180:Infinity":79,"s:181:18:181:Infinity":80,"s:182:33:182:Infinity":81,"s:184:4:190:Infinity":82,"s:185:12:185:Infinity":83,"s:186:19:186:Infinity":84,"b:187:6:189:Infinity:undefined:undefined:undefined:undefined":14,"s:187:6:189:Infinity":85,"s:188:8:188:Infinity":86,"s:192:4:192:Infinity":87,"f:200:15:200:Infinity":16,"s:204:8:204:Infinity":88,"s:205:16:205:Infinity":89,"s:207:2:213:Infinity":90,"s:208:10:208:Infinity":91,"s:209:18:209:Infinity":92,"b:210:4:212:Infinity:undefined:undefined:undefined:undefined":15,"s:210:4:212:Infinity":93,"b:210:8:210:17:210:17:210:43":16,"s:211:6:211:Infinity":94,"s:215:2:215:Infinity":95,"f:218:15:218:30":17,"s:219:8:219:Infinity":96,"s:220:18:220:Infinity":97,"s:221:28:221:Infinity":98,"s:223:2:229:Infinity":99,"b:224:4:224:Infinity:undefined:undefined:undefined:undefined":17,"s:224:4:224:Infinity":100,"b:224:8:224:38:224:38:224:64":18,"s:224:64:224:Infinity":101,"s:225:17:225:Infinity":102,"b:226:4:228:Infinity:undefined:undefined:undefined:undefined":19,"s:226:4:228:Infinity":103,"s:227:6:227:Infinity":104,"s:231:2:231:Infinity":105,"f:234:15:234:27":18,"s:235:2:240:Infinity":106,"s:236:20:236:Infinity":107,"s:237:4:237:Infinity":108,"f:237:26:237:27":19,"s:237:33:237:48":109,"f:237:54:237:55":20,"s:237:61:237:67":110,"s:239:4:239:Infinity":111,"f:243:15:243:32":21,"s:244:2:249:Infinity":112,"s:245:20:245:Infinity":113,"s:246:4:246:Infinity":114,"f:246:26:246:27":22,"s:246:33:246:43":115,"f:246:49:246:50":23,"s:246:56:246:62":116,"s:248:4:248:Infinity":117,"f:252:9:252:38":24,"s:253:2:262:Infinity":118,"f:265:9:265:34":25,"s:266:2:271:Infinity":119}}}
,"D:\\maestro2\\dashboard\\src\\server\\utils\\issue-store.ts": {"path":"D:\\maestro2\\dashboard\\src\\server\\utils\\issue-store.ts","statementMap":{"0":{"start":{"line":18,"column":31},"end":{"line":18,"column":null}},"1":{"start":{"line":21,"column":15},"end":{"line":21,"column":null}},"2":{"start":{"line":23,"column":2},"end":{"line":23,"column":null}},"3":{"start":{"line":23,"column":41},"end":{"line":23,"column":54}},"4":{"start":{"line":24,"column":2},"end":{"line":24,"column":null}},"5":{"start":{"line":33,"column":13},"end":{"line":33,"column":null}},"6":{"start":{"line":34,"column":15},"end":{"line":34,"column":null}},"7":{"start":{"line":35,"column":2},"end":{"line":35,"column":null}},"8":{"start":{"line":41,"column":2},"end":{"line":45,"column":null}},"9":{"start":{"line":42,"column":4},"end":{"line":42,"column":null}},"10":{"start":{"line":44,"column":4},"end":{"line":44,"column":null}},"11":{"start":{"line":46,"column":26},"end":{"line":46,"column":null}},"12":{"start":{"line":47,"column":2},"end":{"line":55,"column":null}},"13":{"start":{"line":48,"column":20},"end":{"line":48,"column":null}},"14":{"start":{"line":49,"column":4},"end":{"line":49,"column":null}},"15":{"start":{"line":49,"column":18},"end":{"line":49,"column":null}},"16":{"start":{"line":50,"column":4},"end":{"line":54,"column":null}},"17":{"start":{"line":51,"column":6},"end":{"line":51,"column":null}},"18":{"start":{"line":56,"column":2},"end":{"line":56,"column":null}},"19":{"start":{"line":61,"column":2},"end":{"line":61,"column":null}},"20":{"start":{"line":62,"column":18},"end":{"line":62,"column":null}},"21":{"start":{"line":62,"column":36},"end":{"line":62,"column":53}},"22":{"start":{"line":63,"column":2},"end":{"line":63,"column":null}},"23":{"start":{"line":68,"column":2},"end":{"line":68,"column":null}},"24":{"start":{"line":69,"column":17},"end":{"line":69,"column":null}},"25":{"start":{"line":70,"column":2},"end":{"line":74,"column":null}},"26":{"start":{"line":71,"column":4},"end":{"line":71,"column":null}},"27":{"start":{"line":75,"column":14},"end":{"line":75,"column":null}},"28":{"start":{"line":76,"column":2},"end":{"line":76,"column":null}}},"fnMap":{"0":{"name":"withIssueWriteLock","decl":{"start":{"line":20,"column":16},"end":{"line":20,"column":38}},"loc":{"start":{"line":20,"column":72},"end":{"line":25,"column":null}},"line":20},"1":{"name":"(anonymous_1)","decl":{"start":{"line":23,"column":32},"end":{"line":23,"column":33}},"loc":{"start":{"line":23,"column":39},"end":{"line":23,"column":55}},"line":23},"2":{"name":"generateIssueId","decl":{"start":{"line":32,"column":16},"end":{"line":32,"column":42}},"loc":{"start":{"line":32,"column":42},"end":{"line":36,"column":null}},"line":32},"3":{"name":"readIssuesJsonl","decl":{"start":{"line":39,"column":22},"end":{"line":39,"column":38}},"loc":{"start":{"line":39,"column":74},"end":{"line":57,"column":null}},"line":39},"4":{"name":"writeIssuesJsonl","decl":{"start":{"line":60,"column":22},"end":{"line":60,"column":39}},"loc":{"start":{"line":60,"column":89},"end":{"line":64,"column":null}},"line":60},"5":{"name":"(anonymous_5)","decl":{"start":{"line":62,"column":29},"end":{"line":62,"column":30}},"loc":{"start":{"line":62,"column":36},"end":{"line":62,"column":53}},"line":62},"6":{"name":"appendIssueJsonl","decl":{"start":{"line":67,"column":22},"end":{"line":67,"column":39}},"loc":{"start":{"line":67,"column":86},"end":{"line":77,"column":null}},"line":67}},"branchMap":{"0":{"loc":{"start":{"line":49,"column":4},"end":{"line":49,"column":null}},"type":"if","locations":[{"start":{"line":49,"column":4},"end":{"line":49,"column":null}},{"start":{},"end":{}}],"line":49},"1":{"loc":{"start":{"line":75,"column":14},"end":{"line":75,"column":null}},"type":"cond-expr","locations":[{"start":{"line":75,"column":64},"end":{"line":75,"column":71}},{"start":{"line":75,"column":71},"end":{"line":75,"column":null}}],"line":75},"2":{"loc":{"start":{"line":75,"column":14},"end":{"line":75,"column":64}},"type":"binary-expr","locations":[{"start":{"line":75,"column":14},"end":{"line":75,"column":37}},{"start":{"line":75,"column":37},"end":{"line":75,"column":64}}],"line":75}},"s":{"0":4,"1":40,"2":40,"3":40,"4":40,"5":110,"6":110,"7":110,"8":64,"9":64,"10":7,"11":57,"12":57,"13":142,"14":142,"15":61,"16":81,"17":81,"18":57,"19":36,"20":36,"21":46,"22":36,"23":11,"24":11,"25":11,"26":11,"27":11,"28":11},"f":{"0":40,"1":40,"2":110,"3":64,"4":36,"5":46,"6":11},"b":{"0":[61,81],"1":[0,11],"2":[11,5]},"meta":{"lastBranch":3,"lastFunction":7,"lastStatement":29,"seen":{"s:18:31:18:Infinity":0,"f:20:16:20:38":0,"s:21:15:21:Infinity":1,"s:23:2:23:Infinity":2,"f:23:32:23:33":1,"s:23:41:23:54":3,"s:24:2:24:Infinity":4,"f:32:16:32:42":2,"s:33:13:33:Infinity":5,"s:34:15:34:Infinity":6,"s:35:2:35:Infinity":7,"f:39:22:39:38":3,"s:41:2:45:Infinity":8,"s:42:4:42:Infinity":9,"s:44:4:44:Infinity":10,"s:46:26:46:Infinity":11,"s:47:2:55:Infinity":12,"s:48:20:48:Infinity":13,"b:49:4:49:Infinity:undefined:undefined:undefined:undefined":0,"s:49:4:49:Infinity":14,"s:49:18:49:Infinity":15,"s:50:4:54:Infinity":16,"s:51:6:51:Infinity":17,"s:56:2:56:Infinity":18,"f:60:22:60:39":4,"s:61:2:61:Infinity":19,"s:62:18:62:Infinity":20,"f:62:29:62:30":5,"s:62:36:62:53":21,"s:63:2:63:Infinity":22,"f:67:22:67:39":6,"s:68:2:68:Infinity":23,"s:69:17:69:Infinity":24,"s:70:2:74:Infinity":25,"s:71:4:71:Infinity":26,"s:75:14:75:Infinity":27,"b:75:64:75:71:75:71:75:Infinity":1,"b:75:14:75:37:75:37:75:64":2,"s:76:2:76:Infinity":28}}}
,"D:\\maestro2\\dashboard\\src\\shared\\commander-types.ts": {"path":"D:\\maestro2\\dashboard\\src\\shared\\commander-types.ts","statementMap":{"0":{"start":{"line":112,"column":57},"end":{"line":145,"column":null}}},"fnMap":{},"branchMap":{},"s":{"0":3},"f":{},"b":{},"meta":{"lastBranch":0,"lastFunction":0,"lastStatement":1,"seen":{"s:112:57:145:Infinity":0}}}
,"D:\\maestro2\\dashboard\\src\\shared\\constants.ts": {"path":"D:\\maestro2\\dashboard\\src\\shared\\constants.ts","statementMap":{"0":{"start":{"line":10,"column":54},"end":{"line":19,"column":null}},"1":{"start":{"line":21,"column":52},"end":{"line":26,"column":null}},"2":{"start":{"line":39,"column":62},"end":{"line":44,"column":null}},"3":{"start":{"line":50,"column":61},"end":{"line":59,"column":null}},"4":{"start":{"line":65,"column":29},"end":{"line":79,"column":null}},"5":{"start":{"line":85,"column":35},"end":{"line":89,"column":null}},"6":{"start":{"line":95,"column":33},"end":{"line":112,"column":null}},"7":{"start":{"line":118,"column":28},"end":{"line":118,"column":null}},"8":{"start":{"line":124,"column":59},"end":{"line":147,"column":null}},"9":{"start":{"line":153,"column":35},"end":{"line":160,"column":null}},"10":{"start":{"line":166,"column":35},"end":{"line":169,"column":null}},"11":{"start":{"line":175,"column":39},"end":{"line":181,"column":null}},"12":{"start":{"line":187,"column":36},"end":{"line":193,"column":null}},"13":{"start":{"line":199,"column":27},"end":{"line":199,"column":null}},"14":{"start":{"line":205,"column":30},"end":{"line":211,"column":null}},"15":{"start":{"line":217,"column":58},"end":{"line":226,"column":null}},"16":{"start":{"line":232,"column":59},"end":{"line":240,"column":null}},"17":{"start":{"line":242,"column":55},"end":{"line":250,"column":null}},"18":{"start":{"line":265,"column":74},"end":{"line":272,"column":null}},"19":{"start":{"line":279,"column":2},"end":{"line":292,"column":null}},"20":{"start":{"line":281,"column":6},"end":{"line":281,"column":null}},"21":{"start":{"line":283,"column":6},"end":{"line":283,"column":null}},"22":{"start":{"line":285,"column":6},"end":{"line":285,"column":null}},"23":{"start":{"line":287,"column":6},"end":{"line":287,"column":null}},"24":{"start":{"line":287,"column":26},"end":{"line":287,"column":null}},"25":{"start":{"line":288,"column":6},"end":{"line":288,"column":null}},"26":{"start":{"line":288,"column":26},"end":{"line":288,"column":null}},"27":{"start":{"line":289,"column":6},"end":{"line":289,"column":null}},"28":{"start":{"line":291,"column":6},"end":{"line":291,"column":null}}},"fnMap":{"0":{"name":"getDisplayStatus","decl":{"start":{"line":278,"column":16},"end":{"line":278,"column":33}},"loc":{"start":{"line":278,"column":62},"end":{"line":293,"column":null}},"line":278}},"branchMap":{"0":{"loc":{"start":{"line":279,"column":2},"end":{"line":292,"column":null}},"type":"switch","locations":[{"start":{"line":280,"column":4},"end":{"line":281,"column":null}},{"start":{"line":282,"column":4},"end":{"line":283,"column":null}},{"start":{"line":284,"column":4},"end":{"line":285,"column":null}},{"start":{"line":286,"column":4},"end":{"line":289,"column":null}},{"start":{"line":290,"column":4},"end":{"line":291,"column":null}}],"line":279},"1":{"loc":{"start":{"line":287,"column":6},"end":{"line":287,"column":null}},"type":"if","locations":[{"start":{"line":287,"column":6},"end":{"line":287,"column":null}},{"start":{},"end":{}}],"line":287},"2":{"loc":{"start":{"line":288,"column":6},"end":{"line":288,"column":null}},"type":"if","locations":[{"start":{"line":288,"column":6},"end":{"line":288,"column":null}},{"start":{},"end":{}}],"line":288}},"s":{"0":8,"1":8,"2":8,"3":8,"4":8,"5":8,"6":8,"7":8,"8":8,"9":8,"10":8,"11":8,"12":8,"13":8,"14":8,"15":8,"16":8,"17":8,"18":8,"19":11,"20":2,"21":2,"22":2,"23":5,"24":2,"25":3,"26":1,"27":2,"28":0},"f":{"0":11},"b":{"0":[2,2,2,5,0],"1":[2,3],"2":[1,2]},"meta":{"lastBranch":3,"lastFunction":1,"lastStatement":29,"seen":{"s:10:54:19:Infinity":0,"s:21:52:26:Infinity":1,"s:39:62:44:Infinity":2,"s:50:61:59:Infinity":3,"s:65:29:79:Infinity":4,"s:85:35:89:Infinity":5,"s:95:33:112:Infinity":6,"s:118:28:118:Infinity":7,"s:124:59:147:Infinity":8,"s:153:35:160:Infinity":9,"s:166:35:169:Infinity":10,"s:175:39:181:Infinity":11,"s:187:36:193:Infinity":12,"s:199:27:199:Infinity":13,"s:205:30:211:Infinity":14,"s:217:58:226:Infinity":15,"s:232:59:240:Infinity":16,"s:242:55:250:Infinity":17,"s:265:74:272:Infinity":18,"f:278:16:278:33":0,"b:280:4:281:Infinity:282:4:283:Infinity:284:4:285:Infinity:286:4:289:Infinity:290:4:291:Infinity":0,"s:279:2:292:Infinity":19,"s:281:6:281:Infinity":20,"s:283:6:283:Infinity":21,"s:285:6:285:Infinity":22,"b:287:6:287:Infinity:undefined:undefined:undefined:undefined":1,"s:287:6:287:Infinity":23,"s:287:26:287:Infinity":24,"b:288:6:288:Infinity:undefined:undefined:undefined:undefined":2,"s:288:6:288:Infinity":25,"s:288:26:288:Infinity":26,"s:289:6:289:Infinity":27,"s:291:6:291:Infinity":28}}}
,"D:\\maestro2\\dashboard\\src\\shared\\issue-types.ts": {"path":"D:\\maestro2\\dashboard\\src\\shared\\issue-types.ts","statementMap":{"0":{"start":{"line":106,"column":54},"end":{"line":108,"column":null}},"1":{"start":{"line":110,"column":59},"end":{"line":112,"column":null}},"2":{"start":{"line":114,"column":57},"end":{"line":116,"column":null}}},"fnMap":{},"branchMap":{},"s":{"0":2,"1":2,"2":2},"f":{},"b":{},"meta":{"lastBranch":0,"lastFunction":0,"lastStatement":3,"seen":{"s:106:54:108:Infinity":0,"s:110:59:112:Infinity":1,"s:114:57:116:Infinity":2}}}
,"D:\\maestro2\\dashboard\\src\\shared\\utils.ts": {"path":"D:\\maestro2\\dashboard\\src\\shared\\utils.ts","statementMap":{"0":{"start":{"line":5,"column":2},"end":{"line":5,"column":null}}},"fnMap":{"0":{"name":"toForwardSlash","decl":{"start":{"line":4,"column":16},"end":{"line":4,"column":31}},"loc":{"start":{"line":4,"column":50},"end":{"line":6,"column":null}},"line":4}},"branchMap":{},"s":{"0":38},"f":{"0":38},"b":{},"meta":{"lastBranch":0,"lastFunction":1,"lastStatement":1,"seen":{"f:4:16:4:31":0,"s:5:2:5:Infinity":0}}}
}
