{"D:\\maestro2\\dashboard\\src\\shared\\constants.ts": {"path":"D:\\maestro2\\dashboard\\src\\shared\\constants.ts","statementMap":{"0":{"start":{"line":10,"column":54},"end":{"line":20,"column":null}},"1":{"start":{"line":22,"column":52},"end":{"line":27,"column":null}},"2":{"start":{"line":40,"column":62},"end":{"line":47,"column":null}},"3":{"start":{"line":53,"column":61},"end":{"line":71,"column":null}},"4":{"start":{"line":77,"column":29},"end":{"line":91,"column":null}},"5":{"start":{"line":97,"column":35},"end":{"line":101,"column":null}},"6":{"start":{"line":107,"column":34},"end":{"line":117,"column":null}},"7":{"start":{"line":123,"column":33},"end":{"line":141,"column":null}},"8":{"start":{"line":147,"column":28},"end":{"line":147,"column":null}},"9":{"start":{"line":153,"column":59},"end":{"line":205,"column":null}},"10":{"start":{"line":211,"column":35},"end":{"line":218,"column":null}},"11":{"start":{"line":224,"column":35},"end":{"line":227,"column":null}},"12":{"start":{"line":233,"column":39},"end":{"line":239,"column":null}},"13":{"start":{"line":245,"column":36},"end":{"line":251,"column":null}},"14":{"start":{"line":257,"column":34},"end":{"line":262,"column":null}},"15":{"start":{"line":268,"column":36},"end":{"line":274,"column":null}},"16":{"start":{"line":280,"column":27},"end":{"line":280,"column":null}},"17":{"start":{"line":286,"column":30},"end":{"line":292,"column":null}},"18":{"start":{"line":298,"column":36},"end":{"line":298,"column":null}},"19":{"start":{"line":304,"column":37},"end":{"line":308,"column":null}},"20":{"start":{"line":314,"column":58},"end":{"line":324,"column":null}},"21":{"start":{"line":330,"column":59},"end":{"line":339,"column":null}},"22":{"start":{"line":341,"column":55},"end":{"line":350,"column":null}},"23":{"start":{"line":367,"column":74},"end":{"line":376,"column":null}},"24":{"start":{"line":383,"column":2},"end":{"line":401,"column":null}},"25":{"start":{"line":385,"column":6},"end":{"line":385,"column":null}},"26":{"start":{"line":387,"column":6},"end":{"line":387,"column":null}},"27":{"start":{"line":389,"column":6},"end":{"line":389,"column":null}},"28":{"start":{"line":391,"column":6},"end":{"line":391,"column":null}},"29":{"start":{"line":393,"column":6},"end":{"line":393,"column":null}},"30":{"start":{"line":393,"column":26},"end":{"line":393,"column":null}},"31":{"start":{"line":394,"column":6},"end":{"line":394,"column":null}},"32":{"start":{"line":394,"column":26},"end":{"line":394,"column":null}},"33":{"start":{"line":395,"column":6},"end":{"line":395,"column":null}},"34":{"start":{"line":397,"column":6},"end":{"line":397,"column":null}},"35":{"start":{"line":397,"column":26},"end":{"line":397,"column":null}},"36":{"start":{"line":398,"column":6},"end":{"line":398,"column":null}},"37":{"start":{"line":398,"column":26},"end":{"line":398,"column":null}},"38":{"start":{"line":399,"column":6},"end":{"line":399,"column":null}},"39":{"start":{"line":401,"column":6},"end":{"line":401,"column":null}}},"fnMap":{"0":{"name":"getDisplayStatus","decl":{"start":{"line":382,"column":16},"end":{"line":382,"column":33}},"loc":{"start":{"line":382,"column":62},"end":{"line":401,"column":null}},"line":382}},"branchMap":{"0":{"loc":{"start":{"line":383,"column":2},"end":{"line":401,"column":null}},"type":"switch","locations":[{"start":{"line":384,"column":4},"end":{"line":385,"column":null}},{"start":{"line":386,"column":4},"end":{"line":387,"column":null}},{"start":{"line":388,"column":4},"end":{"line":389,"column":null}},{"start":{"line":390,"column":4},"end":{"line":391,"column":null}},{"start":{"line":392,"column":4},"end":{"line":395,"column":null}},{"start":{"line":396,"column":4},"end":{"line":399,"column":null}},{"start":{"line":400,"column":4},"end":{"line":401,"column":null}}],"line":383},"1":{"loc":{"start":{"line":393,"column":6},"end":{"line":393,"column":null}},"type":"if","locations":[{"start":{"line":393,"column":6},"end":{"line":393,"column":null}},{"start":{},"end":{}}],"line":393},"2":{"loc":{"start":{"line":394,"column":6},"end":{"line":394,"column":null}},"type":"if","locations":[{"start":{"line":394,"column":6},"end":{"line":394,"column":null}},{"start":{},"end":{}}],"line":394},"3":{"loc":{"start":{"line":397,"column":6},"end":{"line":397,"column":null}},"type":"if","locations":[{"start":{"line":397,"column":6},"end":{"line":397,"column":null}},{"start":{},"end":{}}],"line":397},"4":{"loc":{"start":{"line":398,"column":6},"end":{"line":398,"column":null}},"type":"if","locations":[{"start":{"line":398,"column":6},"end":{"line":398,"column":null}},{"start":{},"end":{}}],"line":398}},"s":{"0":1,"1":1,"2":1,"3":1,"4":1,"5":1,"6":1,"7":1,"8":1,"9":1,"10":1,"11":1,"12":1,"13":1,"14":1,"15":1,"16":1,"17":1,"18":1,"19":1,"20":1,"21":1,"22":1,"23":1,"24":0,"25":0,"26":0,"27":0,"28":0,"29":0,"30":0,"31":0,"32":0,"33":0,"34":0,"35":0,"36":0,"37":0,"38":0,"39":0},"f":{"0":0},"b":{"0":[0,0,0,0,0,0,0],"1":[0,0],"2":[0,0],"3":[0,0],"4":[0,0]},"meta":{"lastBranch":5,"lastFunction":1,"lastStatement":40,"seen":{"s:10:54:20:Infinity":0,"s:22:52:27:Infinity":1,"s:40:62:47:Infinity":2,"s:53:61:71:Infinity":3,"s:77:29:91:Infinity":4,"s:97:35:101:Infinity":5,"s:107:34:117:Infinity":6,"s:123:33:141:Infinity":7,"s:147:28:147:Infinity":8,"s:153:59:205:Infinity":9,"s:211:35:218:Infinity":10,"s:224:35:227:Infinity":11,"s:233:39:239:Infinity":12,"s:245:36:251:Infinity":13,"s:257:34:262:Infinity":14,"s:268:36:274:Infinity":15,"s:280:27:280:Infinity":16,"s:286:30:292:Infinity":17,"s:298:36:298:Infinity":18,"s:304:37:308:Infinity":19,"s:314:58:324:Infinity":20,"s:330:59:339:Infinity":21,"s:341:55:350:Infinity":22,"s:367:74:376:Infinity":23,"f:382:16:382:33":0,"b:384:4:385:Infinity:386:4:387:Infinity:388:4:389:Infinity:390:4:391:Infinity:392:4:395:Infinity:396:4:399:Infinity:400:4:401:Infinity":0,"s:383:2:401:Infinity":24,"s:385:6:385:Infinity":25,"s:387:6:387:Infinity":26,"s:389:6:389:Infinity":27,"s:391:6:391:Infinity":28,"b:393:6:393:Infinity:undefined:undefined:undefined:undefined":1,"s:393:6:393:Infinity":29,"s:393:26:393:Infinity":30,"b:394:6:394:Infinity:undefined:undefined:undefined:undefined":2,"s:394:6:394:Infinity":31,"s:394:26:394:Infinity":32,"s:395:6:395:Infinity":33,"b:397:6:397:Infinity:undefined:undefined:undefined:undefined":3,"s:397:6:397:Infinity":34,"s:397:26:397:Infinity":35,"b:398:6:398:Infinity:undefined:undefined:undefined:undefined":4,"s:398:6:398:Infinity":36,"s:398:26:398:Infinity":37,"s:399:6:399:Infinity":38,"s:401:6:401:Infinity":39}}}
,"D:\\maestro2\\src\\async\\delegate-broker.ts": {"path":"D:\\maestro2\\src\\async\\delegate-broker.ts","statementMap":{"0":{"start":{"line":6,"column":13},"end":{"line":6,"column":46}},"1":{"start":{"line":191,"column":31},"end":{"line":191,"column":83}},"2":{"start":{"line":192,"column":28},"end":{"line":192,"column":82}},"3":{"start":{"line":193,"column":26},"end":{"line":193,"column":90}},"4":{"start":{"line":194,"column":27},"end":{"line":194,"column":41}},"5":{"start":{"line":195,"column":33},"end":{"line":195,"column":51}},"6":{"start":{"line":198,"column":2},"end":{"line":204,"column":null}},"7":{"start":{"line":212,"column":2},"end":{"line":214,"column":null}},"8":{"start":{"line":213,"column":4},"end":{"line":213,"column":null}},"9":{"start":{"line":216,"column":2},"end":{"line":229,"column":null}},"10":{"start":{"line":218,"column":6},"end":{"line":218,"column":null}},"11":{"start":{"line":220,"column":6},"end":{"line":220,"column":null}},"12":{"start":{"line":222,"column":6},"end":{"line":222,"column":null}},"13":{"start":{"line":224,"column":6},"end":{"line":224,"column":null}},"14":{"start":{"line":226,"column":6},"end":{"line":226,"column":null}},"15":{"start":{"line":228,"column":6},"end":{"line":228,"column":null}},"16":{"start":{"line":233,"column":11},"end":{"line":233,"column":31}},"17":{"start":{"line":234,"column":2},"end":{"line":236,"column":null}},"18":{"start":{"line":235,"column":4},"end":{"line":235,"column":null}},"19":{"start":{"line":240,"column":2},"end":{"line":240,"column":null}},"20":{"start":{"line":244,"column":48},"end":{"line":244,"column":53}},"21":{"start":{"line":245,"column":2},"end":{"line":245,"column":null}},"22":{"start":{"line":252,"column":2},"end":{"line":254,"column":null}},"23":{"start":{"line":253,"column":4},"end":{"line":253,"column":null}},"24":{"start":{"line":255,"column":2},"end":{"line":257,"column":null}},"25":{"start":{"line":256,"column":4},"end":{"line":256,"column":null}},"26":{"start":{"line":258,"column":2},"end":{"line":260,"column":null}},"27":{"start":{"line":259,"column":4},"end":{"line":259,"column":null}},"28":{"start":{"line":261,"column":2},"end":{"line":261,"column":null}},"29":{"start":{"line":265,"column":2},"end":{"line":265,"column":null}},"30":{"start":{"line":273,"column":2},"end":{"line":278,"column":null}},"31":{"start":{"line":282,"column":2},"end":{"line":286,"column":null}},"32":{"start":{"line":291,"column":2},"end":{"line":292,"column":null}},"33":{"start":{"line":297,"column":2},"end":{"line":297,"column":null}},"34":{"start":{"line":297,"column":61},"end":{"line":297,"column":null}},"35":{"start":{"line":298,"column":2},"end":{"line":298,"column":null}},"36":{"start":{"line":302,"column":2},"end":{"line":302,"column":null}},"37":{"start":{"line":306,"column":14},"end":{"line":306,"column":38}},"38":{"start":{"line":307,"column":2},"end":{"line":309,"column":null}},"39":{"start":{"line":308,"column":4},"end":{"line":308,"column":null}},"40":{"start":{"line":311,"column":2},"end":{"line":335,"column":null}},"41":{"start":{"line":312,"column":44},"end":{"line":312,"column":63}},"42":{"start":{"line":314,"column":24},"end":{"line":314,"column":82}},"43":{"start":{"line":315,"column":24},"end":{"line":315,"column":82}},"44":{"start":{"line":316,"column":23},"end":{"line":316,"column":108}},"45":{"start":{"line":317,"column":22},"end":{"line":317,"column":76}},"46":{"start":{"line":318,"column":21},"end":{"line":318,"column":80}},"47":{"start":{"line":320,"column":6},"end":{"line":322,"column":null}},"48":{"start":{"line":321,"column":8},"end":{"line":321,"column":null}},"49":{"start":{"line":324,"column":6},"end":{"line":333,"column":null}},"50":{"start":{"line":335,"column":55},"end":{"line":335,"column":69}},"51":{"start":{"line":342,"column":15},"end":{"line":342,"column":38}},"52":{"start":{"line":343,"column":2},"end":{"line":356,"column":null}},"53":{"start":{"line":344,"column":4},"end":{"line":344,"column":null}},"54":{"start":{"line":346,"column":4},"end":{"line":355,"column":null}},"55":{"start":{"line":346,"column":53},"end":{"line":355,"column":6}},"56":{"start":{"line":358,"column":2},"end":{"line":358,"column":null}},"57":{"start":{"line":362,"column":2},"end":{"line":364,"column":null}},"58":{"start":{"line":363,"column":4},"end":{"line":363,"column":null}},"59":{"start":{"line":365,"column":2},"end":{"line":370,"column":null}},"60":{"start":{"line":366,"column":19},"end":{"line":366,"column":47}},"61":{"start":{"line":367,"column":4},"end":{"line":367,"column":null}},"62":{"start":{"line":369,"column":4},"end":{"line":369,"column":null}},"63":{"start":{"line":374,"column":2},"end":{"line":376,"column":null}},"64":{"start":{"line":375,"column":4},"end":{"line":375,"column":null}},"65":{"start":{"line":377,"column":2},"end":{"line":377,"column":null}},"66":{"start":{"line":381,"column":2},"end":{"line":381,"column":null}},"67":{"start":{"line":385,"column":2},"end":{"line":390,"column":null}},"68":{"start":{"line":386,"column":4},"end":{"line":386,"column":null}},"69":{"start":{"line":387,"column":4},"end":{"line":387,"column":null}},"70":{"start":{"line":389,"column":4},"end":{"line":389,"column":null}},"71":{"start":{"line":394,"column":2},"end":{"line":394,"column":null}},"72":{"start":{"line":401,"column":4},"end":{"line":401,"column":null}},"73":{"start":{"line":402,"column":4},"end":{"line":402,"column":null}},"74":{"start":{"line":403,"column":4},"end":{"line":405,"column":null}},"75":{"start":{"line":404,"column":6},"end":{"line":404,"column":null}},"76":{"start":{"line":409,"column":16},"end":{"line":409,"column":53}},"77":{"start":{"line":411,"column":4},"end":{"line":422,"column":null}},"78":{"start":{"line":412,"column":23},"end":{"line":412,"column":54}},"79":{"start":{"line":413,"column":49},"end":{"line":419,"column":null}},"80":{"start":{"line":420,"column":6},"end":{"line":420,"column":null}},"81":{"start":{"line":421,"column":6},"end":{"line":421,"column":null}},"82":{"start":{"line":426,"column":16},"end":{"line":426,"column":53}},"83":{"start":{"line":428,"column":4},"end":{"line":440,"column":null}},"84":{"start":{"line":429,"column":22},"end":{"line":429,"column":53}},"85":{"start":{"line":430,"column":6},"end":{"line":432,"column":null}},"86":{"start":{"line":431,"column":8},"end":{"line":431,"column":null}},"87":{"start":{"line":434,"column":49},"end":{"line":437,"column":null}},"88":{"start":{"line":438,"column":6},"end":{"line":438,"column":null}},"89":{"start":{"line":439,"column":6},"end":{"line":439,"column":null}},"90":{"start":{"line":444,"column":16},"end":{"line":444,"column":53}},"91":{"start":{"line":446,"column":4},"end":{"line":481,"column":null}},"92":{"start":{"line":447,"column":26},"end":{"line":447,"column":49}},"93":{"start":{"line":448,"column":21},"end":{"line":448,"column":57}},"94":{"start":{"line":449,"column":22},"end":{"line":449,"column":41}},"95":{"start":{"line":450,"column":23},"end":{"line":450,"column":117}},"96":{"start":{"line":451,"column":23},"end":{"line":451,"column":81}},"97":{"start":{"line":453,"column":36},"end":{"line":464,"column":null}},"98":{"start":{"line":466,"column":6},"end":{"line":466,"column":null}},"99":{"start":{"line":467,"column":6},"end":{"line":467,"column":null}},"100":{"start":{"line":469,"column":6},"end":{"line":478,"column":null}},"101":{"start":{"line":480,"column":6},"end":{"line":480,"column":null}},"102":{"start":{"line":485,"column":16},"end":{"line":485,"column":53}},"103":{"start":{"line":486,"column":18},"end":{"line":486,"column":49}},"104":{"start":{"line":488,"column":4},"end":{"line":507,"column":null}},"105":{"start":{"line":489,"column":22},"end":{"line":489,"column":53}},"106":{"start":{"line":490,"column":6},"end":{"line":492,"column":null}},"107":{"start":{"line":491,"column":8},"end":{"line":491,"column":null}},"108":{"start":{"line":494,"column":6},"end":{"line":497,"column":null}},"109":{"start":{"line":499,"column":21},"end":{"line":499,"column":81}},"110":{"start":{"line":500,"column":6},"end":{"line":506,"column":null}},"111":{"start":{"line":501,"column":28},"end":{"line":501,"column":58}},"112":{"start":{"line":502,"column":27},"end":{"line":502,"column":58}},"113":{"start":{"line":503,"column":27},"end":{"line":503,"column":97}},"114":{"start":{"line":504,"column":31},"end":{"line":504,"column":59}},"115":{"start":{"line":511,"column":16},"end":{"line":511,"column":53}},"116":{"start":{"line":512,"column":21},"end":{"line":512,"column":44}},"117":{"start":{"line":514,"column":4},"end":{"line":537,"column":null}},"118":{"start":{"line":515,"column":22},"end":{"line":515,"column":53}},"119":{"start":{"line":516,"column":6},"end":{"line":518,"column":null}},"120":{"start":{"line":517,"column":8},"end":{"line":517,"column":null}},"121":{"start":{"line":520,"column":6},"end":{"line":523,"column":null}},"122":{"start":{"line":525,"column":23},"end":{"line":525,"column":24}},"123":{"start":{"line":526,"column":6},"end":{"line":534,"column":null}},"124":{"start":{"line":527,"column":8},"end":{"line":533,"column":null}},"125":{"start":{"line":528,"column":10},"end":{"line":530,"column":null}},"126":{"start":{"line":529,"column":12},"end":{"line":529,"column":null}},"127":{"start":{"line":531,"column":10},"end":{"line":531,"column":null}},"128":{"start":{"line":532,"column":10},"end":{"line":532,"column":null}},"129":{"start":{"line":536,"column":6},"end":{"line":536,"column":null}},"130":{"start":{"line":541,"column":18},"end":{"line":541,"column":34}},"131":{"start":{"line":542,"column":4},"end":{"line":542,"column":null}},"132":{"start":{"line":546,"column":18},"end":{"line":546,"column":34}},"133":{"start":{"line":547,"column":4},"end":{"line":547,"column":null}},"134":{"start":{"line":551,"column":16},"end":{"line":551,"column":53}},"135":{"start":{"line":553,"column":4},"end":{"line":591,"column":null}},"136":{"start":{"line":554,"column":26},"end":{"line":554,"column":49}},"137":{"start":{"line":555,"column":6},"end":{"line":557,"column":null}},"138":{"start":{"line":556,"column":8},"end":{"line":556,"column":null}},"139":{"start":{"line":559,"column":23},"end":{"line":559,"column":77}},"140":{"start":{"line":560,"column":21},"end":{"line":560,"column":57}},"141":{"start":{"line":561,"column":22},"end":{"line":561,"column":41}},"142":{"start":{"line":562,"column":21},"end":{"line":562,"column":52}},"143":{"start":{"line":563,"column":36},"end":{"line":574,"column":null}},"144":{"start":{"line":576,"column":6},"end":{"line":576,"column":null}},"145":{"start":{"line":577,"column":6},"end":{"line":577,"column":null}},"146":{"start":{"line":579,"column":37},"end":{"line":588,"column":null}},"147":{"start":{"line":589,"column":6},"end":{"line":589,"column":null}},"148":{"start":{"line":590,"column":6},"end":{"line":590,"column":null}},"149":{"start":{"line":595,"column":16},"end":{"line":595,"column":53}},"150":{"start":{"line":597,"column":4},"end":{"line":642,"column":null}},"151":{"start":{"line":598,"column":26},"end":{"line":598,"column":49}},"152":{"start":{"line":599,"column":6},"end":{"line":601,"column":null}},"153":{"start":{"line":600,"column":8},"end":{"line":600,"column":null}},"154":{"start":{"line":603,"column":29},"end":{"line":603,"column":69}},"155":{"start":{"line":604,"column":51},"end":{"line":611,"column":null}},"156":{"start":{"line":612,"column":23},"end":{"line":612,"column":100}},"157":{"start":{"line":613,"column":21},"end":{"line":613,"column":57}},"158":{"start":{"line":614,"column":22},"end":{"line":614,"column":41}},"159":{"start":{"line":615,"column":36},"end":{"line":630,"column":null}},"160":{"start":{"line":632,"column":6},"end":{"line":632,"column":null}},"161":{"start":{"line":633,"column":6},"end":{"line":633,"column":null}},"162":{"start":{"line":634,"column":6},"end":{"line":640,"column":null}},"163":{"start":{"line":641,"column":6},"end":{"line":641,"column":null}},"164":{"start":{"line":646,"column":4},"end":{"line":646,"column":null}},"165":{"start":{"line":650,"column":16},"end":{"line":650,"column":53}},"166":{"start":{"line":652,"column":4},"end":{"line":712,"column":null}},"167":{"start":{"line":653,"column":26},"end":{"line":653,"column":49}},"168":{"start":{"line":654,"column":6},"end":{"line":656,"column":null}},"169":{"start":{"line":655,"column":8},"end":{"line":655,"column":null}},"170":{"start":{"line":658,"column":29},"end":{"line":658,"column":69}},"171":{"start":{"line":659,"column":20},"end":{"line":659,"column":96}},"172":{"start":{"line":659,"column":58},"end":{"line":659,"column":95}},"173":{"start":{"line":660,"column":6},"end":{"line":662,"column":null}},"174":{"start":{"line":661,"column":8},"end":{"line":661,"column":null}},"175":{"start":{"line":664,"column":52},"end":{"line":669,"column":null}},"176":{"start":{"line":670,"column":6},"end":{"line":670,"column":null}},"177":{"start":{"line":672,"column":23},"end":{"line":672,"column":80}},"178":{"start":{"line":673,"column":21},"end":{"line":673,"column":57}},"179":{"start":{"line":674,"column":22},"end":{"line":674,"column":41}},"180":{"start":{"line":675,"column":24},"end":{"line":679,"column":29}},"181":{"start":{"line":680,"column":36},"end":{"line":700,"column":null}},"182":{"start":{"line":702,"column":6},"end":{"line":702,"column":null}},"183":{"start":{"line":703,"column":6},"end":{"line":703,"column":null}},"184":{"start":{"line":704,"column":6},"end":{"line":710,"column":null}},"185":{"start":{"line":711,"column":6},"end":{"line":711,"column":null}},"186":{"start":{"line":716,"column":22},"end":{"line":716,"column":60}},"187":{"start":{"line":717,"column":16},"end":{"line":717,"column":54}},"188":{"start":{"line":718,"column":18},"end":{"line":718,"column":41}},"189":{"start":{"line":720,"column":4},"end":{"line":763,"column":null}},"190":{"start":{"line":721,"column":44},"end":{"line":721,"column":46}},"191":{"start":{"line":723,"column":6},"end":{"line":760,"column":null}},"192":{"start":{"line":724,"column":8},"end":{"line":726,"column":null}},"193":{"start":{"line":725,"column":10},"end":{"line":725,"column":null}},"194":{"start":{"line":728,"column":26},"end":{"line":728,"column":59}},"195":{"start":{"line":729,"column":8},"end":{"line":731,"column":null}},"196":{"start":{"line":730,"column":10},"end":{"line":730,"column":null}},"197":{"start":{"line":733,"column":23},"end":{"line":733,"column":57}},"198":{"start":{"line":734,"column":24},"end":{"line":734,"column":43}},"199":{"start":{"line":735,"column":38},"end":{"line":746,"column":null}},"200":{"start":{"line":748,"column":8},"end":{"line":748,"column":null}},"201":{"start":{"line":749,"column":8},"end":{"line":749,"column":null}},"202":{"start":{"line":751,"column":46},"end":{"line":757,"column":null}},"203":{"start":{"line":758,"column":8},"end":{"line":758,"column":null}},"204":{"start":{"line":759,"column":8},"end":{"line":759,"column":null}},"205":{"start":{"line":762,"column":6},"end":{"line":762,"column":null}},"206":{"start":{"line":767,"column":21},"end":{"line":767,"column":64}},"207":{"start":{"line":768,"column":16},"end":{"line":768,"column":54}},"208":{"start":{"line":769,"column":18},"end":{"line":769,"column":41}},"209":{"start":{"line":770,"column":19},"end":{"line":770,"column":35}},"210":{"start":{"line":772,"column":4},"end":{"line":802,"column":null}},"211":{"start":{"line":773,"column":29},"end":{"line":773,"column":30}},"212":{"start":{"line":774,"column":27},"end":{"line":774,"column":28}},"213":{"start":{"line":775,"column":31},"end":{"line":775,"column":32}},"214":{"start":{"line":778,"column":6},"end":{"line":790,"column":null}},"215":{"start":{"line":779,"column":8},"end":{"line":781,"column":null}},"216":{"start":{"line":780,"column":10},"end":{"line":780,"column":null}},"217":{"start":{"line":782,"column":8},"end":{"line":784,"column":null}},"218":{"start":{"line":783,"column":10},"end":{"line":783,"column":null}},"219":{"start":{"line":785,"column":23},"end":{"line":785,"column":47}},"220":{"start":{"line":786,"column":8},"end":{"line":786,"column":null}},"221":{"start":{"line":787,"column":8},"end":{"line":787,"column":null}},"222":{"start":{"line":788,"column":8},"end":{"line":788,"column":null}},"223":{"start":{"line":789,"column":8},"end":{"line":789,"column":null}},"224":{"start":{"line":793,"column":6},"end":{"line":799,"column":null}},"225":{"start":{"line":794,"column":8},"end":{"line":796,"column":null}},"226":{"start":{"line":795,"column":10},"end":{"line":795,"column":null}},"227":{"start":{"line":797,"column":8},"end":{"line":797,"column":null}},"228":{"start":{"line":798,"column":8},"end":{"line":798,"column":null}},"229":{"start":{"line":801,"column":6},"end":{"line":801,"column":null}},"230":{"start":{"line":806,"column":18},"end":{"line":806,"column":34}},"231":{"start":{"line":807,"column":19},"end":{"line":807,"column":33}},"232":{"start":{"line":808,"column":4},"end":{"line":808,"column":null}},"233":{"start":{"line":809,"column":4},"end":{"line":809,"column":null}},"234":{"start":{"line":813,"column":4},"end":{"line":821,"column":null}},"235":{"start":{"line":814,"column":15},"end":{"line":814,"column":55}},"236":{"start":{"line":815,"column":21},"end":{"line":815,"column":59}},"237":{"start":{"line":816,"column":6},"end":{"line":818,"column":null}},"238":{"start":{"line":817,"column":8},"end":{"line":817,"column":null}},"239":{"start":{"line":822,"column":4},"end":{"line":822,"column":null}},"240":{"start":{"line":826,"column":4},"end":{"line":826,"column":null}},"241":{"start":{"line":827,"column":20},"end":{"line":827,"column":58}},"242":{"start":{"line":828,"column":4},"end":{"line":828,"column":null}},"243":{"start":{"line":829,"column":4},"end":{"line":829,"column":null}},"244":{"start":{"line":869,"column":4},"end":{"line":869,"column":null}},"245":{"start":{"line":870,"column":4},"end":{"line":870,"column":null}},"246":{"start":{"line":871,"column":29},"end":{"line":871,"column":44}},"247":{"start":{"line":872,"column":4},"end":{"line":872,"column":null}},"248":{"start":{"line":873,"column":4},"end":{"line":873,"column":null}},"249":{"start":{"line":877,"column":16},"end":{"line":877,"column":53}},"250":{"start":{"line":878,"column":4},"end":{"line":903,"column":null}},"251":{"start":{"line":879,"column":23},"end":{"line":879,"column":58}},"252":{"start":{"line":880,"column":23},"end":{"line":880,"column":91}},"253":{"start":{"line":881,"column":6},"end":{"line":894,"column":null}},"254":{"start":{"line":896,"column":6},"end":{"line":902,"column":null}},"255":{"start":{"line":907,"column":16},"end":{"line":907,"column":53}},"256":{"start":{"line":908,"column":4},"end":{"line":916,"column":null}},"257":{"start":{"line":909,"column":23},"end":{"line":909,"column":58}},"258":{"start":{"line":910,"column":6},"end":{"line":912,"column":null}},"259":{"start":{"line":911,"column":8},"end":{"line":911,"column":null}},"260":{"start":{"line":914,"column":6},"end":{"line":914,"column":null}},"261":{"start":{"line":915,"column":6},"end":{"line":915,"column":null}},"262":{"start":{"line":920,"column":16},"end":{"line":920,"column":53}},"263":{"start":{"line":921,"column":4},"end":{"line":975,"column":null}},"264":{"start":{"line":922,"column":26},"end":{"line":922,"column":50}},"265":{"start":{"line":923,"column":23},"end":{"line":923,"column":81}},"266":{"start":{"line":924,"column":23},"end":{"line":924,"column":117}},"267":{"start":{"line":925,"column":26},"end":{"line":925,"column":142}},"268":{"start":{"line":926,"column":23},"end":{"line":926,"column":58}},"269":{"start":{"line":927,"column":26},"end":{"line":938,"column":null}},"270":{"start":{"line":940,"column":22},"end":{"line":940,"column":62}},"271":{"start":{"line":941,"column":21},"end":{"line":941,"column":79}},"272":{"start":{"line":943,"column":6},"end":{"line":962,"column":null}},"273":{"start":{"line":964,"column":6},"end":{"line":974,"column":null}},"274":{"start":{"line":979,"column":16},"end":{"line":979,"column":53}},"275":{"start":{"line":980,"column":18},"end":{"line":980,"column":49}},"276":{"start":{"line":981,"column":4},"end":{"line":1020,"column":null}},"277":{"start":{"line":982,"column":22},"end":{"line":982,"column":57}},"278":{"start":{"line":983,"column":6},"end":{"line":985,"column":null}},"279":{"start":{"line":984,"column":8},"end":{"line":984,"column":null}},"280":{"start":{"line":986,"column":6},"end":{"line":986,"column":null}},"281":{"start":{"line":988,"column":45},"end":{"line":988,"column":62}},"282":{"start":{"line":989,"column":18},"end":{"line":989,"column":38}},"283":{"start":{"line":990,"column":6},"end":{"line":993,"column":null}},"284":{"start":{"line":991,"column":8},"end":{"line":991,"column":null}},"285":{"start":{"line":992,"column":8},"end":{"line":992,"column":null}},"286":{"start":{"line":994,"column":6},"end":{"line":997,"column":null}},"287":{"start":{"line":995,"column":8},"end":{"line":995,"column":null}},"288":{"start":{"line":996,"column":8},"end":{"line":996,"column":null}},"289":{"start":{"line":998,"column":6},"end":{"line":998,"column":null}},"290":{"start":{"line":1000,"column":19},"end":{"line":1017,"column":23}},"291":{"start":{"line":1019,"column":6},"end":{"line":1019,"column":null}},"292":{"start":{"line":1019,"column":31},"end":{"line":1019,"column":76}},"293":{"start":{"line":1024,"column":16},"end":{"line":1024,"column":53}},"294":{"start":{"line":1025,"column":4},"end":{"line":1027,"column":null}},"295":{"start":{"line":1026,"column":6},"end":{"line":1026,"column":null}},"296":{"start":{"line":1029,"column":4},"end":{"line":1054,"column":null}},"297":{"start":{"line":1030,"column":22},"end":{"line":1030,"column":57}},"298":{"start":{"line":1031,"column":6},"end":{"line":1033,"column":null}},"299":{"start":{"line":1032,"column":8},"end":{"line":1032,"column":null}},"300":{"start":{"line":1034,"column":6},"end":{"line":1034,"column":null}},"301":{"start":{"line":1035,"column":24},"end":{"line":1038,"column":8}},"302":{"start":{"line":1039,"column":18},"end":{"line":1039,"column":19}},"303":{"start":{"line":1040,"column":6},"end":{"line":1052,"column":null}},"304":{"start":{"line":1041,"column":23},"end":{"line":1041,"column":67}},"305":{"start":{"line":1042,"column":8},"end":{"line":1051,"column":null}},"306":{"start":{"line":1043,"column":10},"end":{"line":1043,"column":null}},"307":{"start":{"line":1045,"column":25},"end":{"line":1047,"column":42}},"308":{"start":{"line":1048,"column":10},"end":{"line":1050,"column":null}},"309":{"start":{"line":1049,"column":12},"end":{"line":1049,"column":null}},"310":{"start":{"line":1053,"column":6},"end":{"line":1053,"column":null}},"311":{"start":{"line":1058,"column":16},"end":{"line":1058,"column":37}},"312":{"start":{"line":1059,"column":4},"end":{"line":1059,"column":null}},"313":{"start":{"line":1063,"column":17},"end":{"line":1068,"column":17}},"314":{"start":{"line":1069,"column":4},"end":{"line":1069,"column":null}},"315":{"start":{"line":1069,"column":29},"end":{"line":1069,"column":74}},"316":{"start":{"line":1073,"column":16},"end":{"line":1073,"column":53}},"317":{"start":{"line":1074,"column":4},"end":{"line":1122,"column":null}},"318":{"start":{"line":1075,"column":26},"end":{"line":1075,"column":50}},"319":{"start":{"line":1076,"column":6},"end":{"line":1078,"column":null}},"320":{"start":{"line":1077,"column":8},"end":{"line":1077,"column":null}},"321":{"start":{"line":1080,"column":23},"end":{"line":1080,"column":77}},"322":{"start":{"line":1081,"column":26},"end":{"line":1081,"column":142}},"323":{"start":{"line":1082,"column":23},"end":{"line":1082,"column":58}},"324":{"start":{"line":1083,"column":21},"end":{"line":1083,"column":52}},"325":{"start":{"line":1084,"column":26},"end":{"line":1094,"column":null}},"326":{"start":{"line":1096,"column":22},"end":{"line":1096,"column":62}},"327":{"start":{"line":1098,"column":6},"end":{"line":1115,"column":null}},"328":{"start":{"line":1117,"column":22},"end":{"line":1117,"column":46}},"329":{"start":{"line":1118,"column":6},"end":{"line":1120,"column":null}},"330":{"start":{"line":1119,"column":8},"end":{"line":1119,"column":null}},"331":{"start":{"line":1121,"column":6},"end":{"line":1121,"column":null}},"332":{"start":{"line":1126,"column":16},"end":{"line":1126,"column":53}},"333":{"start":{"line":1127,"column":4},"end":{"line":1170,"column":null}},"334":{"start":{"line":1128,"column":26},"end":{"line":1128,"column":50}},"335":{"start":{"line":1129,"column":6},"end":{"line":1131,"column":null}},"336":{"start":{"line":1130,"column":8},"end":{"line":1130,"column":null}},"337":{"start":{"line":1133,"column":29},"end":{"line":1133,"column":69}},"338":{"start":{"line":1134,"column":51},"end":{"line":1141,"column":null}},"339":{"start":{"line":1142,"column":23},"end":{"line":1142,"column":100}},"340":{"start":{"line":1143,"column":26},"end":{"line":1143,"column":142}},"341":{"start":{"line":1144,"column":23},"end":{"line":1144,"column":58}},"342":{"start":{"line":1145,"column":26},"end":{"line":1159,"column":null}},"343":{"start":{"line":1161,"column":22},"end":{"line":1161,"column":62}},"344":{"start":{"line":1163,"column":6},"end":{"line":1167,"column":null}},"345":{"start":{"line":1169,"column":6},"end":{"line":1169,"column":null}},"346":{"start":{"line":1174,"column":4},"end":{"line":1174,"column":null}},"347":{"start":{"line":1178,"column":16},"end":{"line":1178,"column":53}},"348":{"start":{"line":1179,"column":4},"end":{"line":1233,"column":null}},"349":{"start":{"line":1180,"column":26},"end":{"line":1180,"column":50}},"350":{"start":{"line":1181,"column":6},"end":{"line":1183,"column":null}},"351":{"start":{"line":1182,"column":8},"end":{"line":1182,"column":null}},"352":{"start":{"line":1185,"column":29},"end":{"line":1185,"column":69}},"353":{"start":{"line":1186,"column":20},"end":{"line":1186,"column":96}},"354":{"start":{"line":1186,"column":58},"end":{"line":1186,"column":95}},"355":{"start":{"line":1187,"column":6},"end":{"line":1189,"column":null}},"356":{"start":{"line":1188,"column":8},"end":{"line":1188,"column":null}},"357":{"start":{"line":1191,"column":52},"end":{"line":1196,"column":null}},"358":{"start":{"line":1197,"column":6},"end":{"line":1197,"column":null}},"359":{"start":{"line":1198,"column":23},"end":{"line":1198,"column":80}},"360":{"start":{"line":1199,"column":26},"end":{"line":1199,"column":142}},"361":{"start":{"line":1200,"column":23},"end":{"line":1200,"column":58}},"362":{"start":{"line":1201,"column":24},"end":{"line":1201,"column":147}},"363":{"start":{"line":1202,"column":26},"end":{"line":1222,"column":null}},"364":{"start":{"line":1224,"column":22},"end":{"line":1224,"column":62}},"365":{"start":{"line":1226,"column":6},"end":{"line":1230,"column":null}},"366":{"start":{"line":1232,"column":6},"end":{"line":1232,"column":null}},"367":{"start":{"line":1237,"column":22},"end":{"line":1237,"column":60}},"368":{"start":{"line":1238,"column":16},"end":{"line":1238,"column":54}},"369":{"start":{"line":1239,"column":18},"end":{"line":1239,"column":41}},"370":{"start":{"line":1241,"column":4},"end":{"line":1292,"column":null}},"371":{"start":{"line":1242,"column":19},"end":{"line":1246,"column":37}},"372":{"start":{"line":1248,"column":44},"end":{"line":1248,"column":46}},"373":{"start":{"line":1250,"column":6},"end":{"line":1289,"column":null}},"374":{"start":{"line":1251,"column":26},"end":{"line":1251,"column":60}},"375":{"start":{"line":1252,"column":8},"end":{"line":1254,"column":null}},"376":{"start":{"line":1253,"column":10},"end":{"line":1253,"column":null}},"377":{"start":{"line":1256,"column":25},"end":{"line":1256,"column":53}},"378":{"start":{"line":1257,"column":25},"end":{"line":1257,"column":60}},"379":{"start":{"line":1258,"column":28},"end":{"line":1258,"column":143}},"380":{"start":{"line":1259,"column":25},"end":{"line":1259,"column":60}},"381":{"start":{"line":1260,"column":28},"end":{"line":1269,"column":null}},"382":{"start":{"line":1271,"column":24},"end":{"line":1271,"column":64}},"383":{"start":{"line":1273,"column":8},"end":{"line":1277,"column":null}},"384":{"start":{"line":1279,"column":8},"end":{"line":1288,"column":null}},"385":{"start":{"line":1291,"column":6},"end":{"line":1291,"column":null}},"386":{"start":{"line":1296,"column":21},"end":{"line":1296,"column":64}},"387":{"start":{"line":1297,"column":16},"end":{"line":1297,"column":54}},"388":{"start":{"line":1298,"column":18},"end":{"line":1298,"column":41}},"389":{"start":{"line":1299,"column":22},"end":{"line":1299,"column":62}},"390":{"start":{"line":1301,"column":4},"end":{"line":1336,"column":null}},"391":{"start":{"line":1303,"column":26},"end":{"line":1307,"column":63}},"392":{"start":{"line":1309,"column":29},"end":{"line":1309,"column":30}},"393":{"start":{"line":1310,"column":6},"end":{"line":1322,"column":null}},"394":{"start":{"line":1311,"column":25},"end":{"line":1313,"column":52}},"395":{"start":{"line":1314,"column":8},"end":{"line":1314,"column":null}},"396":{"start":{"line":1316,"column":8},"end":{"line":1319,"column":null}},"397":{"start":{"line":1320,"column":8},"end":{"line":1320,"column":null}},"398":{"start":{"line":1321,"column":8},"end":{"line":1321,"column":null}},"399":{"start":{"line":1325,"column":30},"end":{"line":1327,"column":53}},"400":{"start":{"line":1328,"column":33},"end":{"line":1328,"column":66}},"401":{"start":{"line":1329,"column":6},"end":{"line":1329,"column":null}},"402":{"start":{"line":1331,"column":6},"end":{"line":1335,"column":null}},"403":{"start":{"line":1340,"column":4},"end":{"line":1340,"column":null}},"404":{"start":{"line":1344,"column":4},"end":{"line":1388,"column":null}},"405":{"start":{"line":1392,"column":4},"end":{"line":1392,"column":null}},"406":{"start":{"line":1393,"column":4},"end":{"line":1400,"column":null}},"407":{"start":{"line":1394,"column":21},"end":{"line":1394,"column":25}},"408":{"start":{"line":1395,"column":6},"end":{"line":1395,"column":null}},"409":{"start":{"line":1396,"column":6},"end":{"line":1396,"column":null}},"410":{"start":{"line":1398,"column":6},"end":{"line":1398,"column":null}},"411":{"start":{"line":1399,"column":6},"end":{"line":1399,"column":null}},"412":{"start":{"line":1404,"column":16},"end":{"line":1408,"column":21}},"413":{"start":{"line":1409,"column":4},"end":{"line":1409,"column":null}},"414":{"start":{"line":1413,"column":16},"end":{"line":1417,"column":17}},"415":{"start":{"line":1418,"column":4},"end":{"line":1418,"column":null}},"416":{"start":{"line":1422,"column":4},"end":{"line":1428,"column":null}},"417":{"start":{"line":1432,"column":4},"end":{"line":1441,"column":null}},"418":{"start":{"line":1445,"column":20},"end":{"line":1445,"column":53}},"419":{"start":{"line":1446,"column":4},"end":{"line":1456,"column":null}},"420":{"start":{"line":1461,"column":23},"end":{"line":1461,"column":65}},"421":{"start":{"line":1462,"column":2},"end":{"line":1464,"column":null}},"422":{"start":{"line":1463,"column":4},"end":{"line":1463,"column":null}},"423":{"start":{"line":1465,"column":2},"end":{"line":1465,"column":null}}},"fnMap":{"0":{"name":"createEmptyState","decl":{"start":{"line":197,"column":9},"end":{"line":197,"column":25}},"loc":{"start":{"line":197,"column":25},"end":{"line":205,"column":null}},"line":197},"1":{"name":"inferStatus","decl":{"start":{"line":207,"column":9},"end":{"line":207,"column":20}},"loc":{"start":{"line":210,"column":46},"end":{"line":230,"column":null}},"line":210},"2":{"name":"ensureDirectoryFor","decl":{"start":{"line":232,"column":9},"end":{"line":232,"column":27}},"loc":{"start":{"line":232,"column":44},"end":{"line":237,"column":null}},"line":232},"3":{"name":"isJsonObject","decl":{"start":{"line":239,"column":9},"end":{"line":239,"column":21}},"loc":{"start":{"line":239,"column":50},"end":{"line":241,"column":null}},"line":239},"4":{"name":"stripStoredEvent","decl":{"start":{"line":243,"column":9},"end":{"line":243,"column":25}},"loc":{"start":{"line":243,"column":47},"end":{"line":246,"column":null}},"line":243},"5":{"name":"mergeJsonObjects","decl":{"start":{"line":248,"column":9},"end":{"line":248,"column":25}},"loc":{"start":{"line":250,"column":31},"end":{"line":262,"column":null}},"line":250},"6":{"name":"isTerminalStatus","decl":{"start":{"line":264,"column":9},"end":{"line":264,"column":25}},"loc":{"start":{"line":264,"column":63},"end":{"line":266,"column":null}},"line":264},"7":{"name":"buildCancelMetadata","decl":{"start":{"line":268,"column":9},"end":{"line":268,"column":28}},"loc":{"start":{"line":271,"column":13},"end":{"line":279,"column":null}},"line":271},"8":{"name":"buildCancelPayload","decl":{"start":{"line":281,"column":9},"end":{"line":281,"column":27}},"loc":{"start":{"line":281,"column":53},"end":{"line":287,"column":null}},"line":281},"9":{"name":"isLegacyDelivery","decl":{"start":{"line":290,"column":9},"end":{"line":290,"column":25}},"loc":{"start":{"line":290,"column":54},"end":{"line":293,"column":null}},"line":290},"10":{"name":"normalizeDelivery","decl":{"start":{"line":296,"column":9},"end":{"line":296,"column":26}},"loc":{"start":{"line":296,"column":40},"end":{"line":299,"column":null}},"line":296},"11":{"name":"isDelegateMessageStatus","decl":{"start":{"line":301,"column":9},"end":{"line":301,"column":32}},"loc":{"start":{"line":301,"column":61},"end":{"line":303,"column":null}},"line":301},"12":{"name":"readQueuedMessages","decl":{"start":{"line":305,"column":9},"end":{"line":305,"column":27}},"loc":{"start":{"line":305,"column":60},"end":{"line":336,"column":null}},"line":305},"13":{"name":"(anonymous_13)","decl":{"start":{"line":312,"column":12},"end":{"line":312,"column":13}},"loc":{"start":{"line":312,"column":44},"end":{"line":312,"column":63}},"line":312},"14":{"name":"(anonymous_14)","decl":{"start":{"line":313,"column":9},"end":{"line":313,"column":10}},"loc":{"start":{"line":313,"column":19},"end":{"line":334,"column":5}},"line":313},"15":{"name":"(anonymous_15)","decl":{"start":{"line":335,"column":12},"end":{"line":335,"column":13}},"loc":{"start":{"line":335,"column":55},"end":{"line":335,"column":69}},"line":335},"16":{"name":"writeQueuedMessages","decl":{"start":{"line":338,"column":9},"end":{"line":338,"column":28}},"loc":{"start":{"line":340,"column":35},"end":{"line":359,"column":null}},"line":340},"17":{"name":"(anonymous_17)","decl":{"start":{"line":346,"column":39},"end":{"line":346,"column":40}},"loc":{"start":{"line":346,"column":53},"end":{"line":355,"column":6}},"line":346},"18":{"name":"readJsonObject","decl":{"start":{"line":361,"column":9},"end":{"line":361,"column":23}},"loc":{"start":{"line":361,"column":54},"end":{"line":371,"column":null}},"line":361},"19":{"name":"writeJson","decl":{"start":{"line":373,"column":9},"end":{"line":373,"column":18}},"loc":{"start":{"line":373,"column":55},"end":{"line":378,"column":null}},"line":373},"20":{"name":"requireSqlite","decl":{"start":{"line":380,"column":9},"end":{"line":380,"column":22}},"loc":{"start":{"line":380,"column":22},"end":{"line":382,"column":null}},"line":380},"21":{"name":"sqliteAvailable","decl":{"start":{"line":384,"column":9},"end":{"line":384,"column":24}},"loc":{"start":{"line":384,"column":24},"end":{"line":391,"column":null}},"line":384},"22":{"name":"defaultDelegateBrokerDbPath","decl":{"start":{"line":393,"column":16},"end":{"line":393,"column":43}},"loc":{"start":{"line":393,"column":43},"end":{"line":395,"column":null}},"line":393},"23":{"name":"(anonymous_23)","decl":{"start":{"line":400,"column":2},"end":{"line":400,"column":14}},"loc":{"start":{"line":400,"column":53},"end":{"line":406,"column":null}},"line":400},"24":{"name":"(anonymous_24)","decl":{"start":{"line":408,"column":2},"end":{"line":408,"column":17}},"loc":{"start":{"line":408,"column":45},"end":{"line":423,"column":null}},"line":408},"25":{"name":"(anonymous_25)","decl":{"start":{"line":411,"column":28},"end":{"line":411,"column":29}},"loc":{"start":{"line":411,"column":38},"end":{"line":422,"column":5}},"line":411},"26":{"name":"(anonymous_26)","decl":{"start":{"line":425,"column":2},"end":{"line":425,"column":11}},"loc":{"start":{"line":425,"column":33},"end":{"line":441,"column":null}},"line":425},"27":{"name":"(anonymous_27)","decl":{"start":{"line":428,"column":28},"end":{"line":428,"column":29}},"loc":{"start":{"line":428,"column":38},"end":{"line":440,"column":5}},"line":428},"28":{"name":"(anonymous_28)","decl":{"start":{"line":443,"column":2},"end":{"line":443,"column":14}},"loc":{"start":{"line":443,"column":42},"end":{"line":482,"column":null}},"line":443},"29":{"name":"(anonymous_29)","decl":{"start":{"line":446,"column":28},"end":{"line":446,"column":29}},"loc":{"start":{"line":446,"column":38},"end":{"line":481,"column":5}},"line":446},"30":{"name":"(anonymous_30)","decl":{"start":{"line":484,"column":2},"end":{"line":484,"column":12}},"loc":{"start":{"line":484,"column":35},"end":{"line":508,"column":null}},"line":484},"31":{"name":"(anonymous_31)","decl":{"start":{"line":488,"column":28},"end":{"line":488,"column":29}},"loc":{"start":{"line":488,"column":38},"end":{"line":507,"column":5}},"line":488},"32":{"name":"(anonymous_32)","decl":{"start":{"line":501,"column":17},"end":{"line":501,"column":18}},"loc":{"start":{"line":501,"column":28},"end":{"line":501,"column":58}},"line":501},"33":{"name":"(anonymous_33)","decl":{"start":{"line":502,"column":16},"end":{"line":502,"column":17}},"loc":{"start":{"line":502,"column":27},"end":{"line":502,"column":58}},"line":502},"34":{"name":"(anonymous_34)","decl":{"start":{"line":503,"column":16},"end":{"line":503,"column":17}},"loc":{"start":{"line":503,"column":27},"end":{"line":503,"column":97}},"line":503},"35":{"name":"(anonymous_35)","decl":{"start":{"line":504,"column":14},"end":{"line":504,"column":15}},"loc":{"start":{"line":504,"column":31},"end":{"line":504,"column":59}},"line":504},"36":{"name":"(anonymous_36)","decl":{"start":{"line":510,"column":2},"end":{"line":510,"column":5}},"loc":{"start":{"line":510,"column":27},"end":{"line":538,"column":null}},"line":510},"37":{"name":"(anonymous_37)","decl":{"start":{"line":514,"column":28},"end":{"line":514,"column":29}},"loc":{"start":{"line":514,"column":38},"end":{"line":537,"column":5}},"line":514},"38":{"name":"(anonymous_38)","decl":{"start":{"line":540,"column":2},"end":{"line":540,"column":8}},"loc":{"start":{"line":540,"column":22},"end":{"line":543,"column":null}},"line":540},"39":{"name":"(anonymous_39)","decl":{"start":{"line":545,"column":2},"end":{"line":545,"column":15}},"loc":{"start":{"line":545,"column":29},"end":{"line":548,"column":null}},"line":545},"40":{"name":"(anonymous_40)","decl":{"start":{"line":550,"column":2},"end":{"line":550,"column":15}},"loc":{"start":{"line":550,"column":41},"end":{"line":592,"column":null}},"line":550},"41":{"name":"(anonymous_41)","decl":{"start":{"line":553,"column":28},"end":{"line":553,"column":29}},"loc":{"start":{"line":553,"column":38},"end":{"line":591,"column":5}},"line":553},"42":{"name":"(anonymous_42)","decl":{"start":{"line":594,"column":2},"end":{"line":594,"column":14}},"loc":{"start":{"line":594,"column":39},"end":{"line":643,"column":null}},"line":594},"43":{"name":"(anonymous_43)","decl":{"start":{"line":597,"column":28},"end":{"line":597,"column":29}},"loc":{"start":{"line":597,"column":38},"end":{"line":642,"column":5}},"line":597},"44":{"name":"(anonymous_44)","decl":{"start":{"line":645,"column":2},"end":{"line":645,"column":14}},"loc":{"start":{"line":645,"column":28},"end":{"line":647,"column":null}},"line":645},"45":{"name":"(anonymous_45)","decl":{"start":{"line":649,"column":2},"end":{"line":649,"column":15}},"loc":{"start":{"line":649,"column":41},"end":{"line":713,"column":null}},"line":649},"46":{"name":"(anonymous_46)","decl":{"start":{"line":652,"column":28},"end":{"line":652,"column":29}},"loc":{"start":{"line":652,"column":38},"end":{"line":712,"column":5}},"line":652},"47":{"name":"(anonymous_47)","decl":{"start":{"line":659,"column":45},"end":{"line":659,"column":46}},"loc":{"start":{"line":659,"column":58},"end":{"line":659,"column":95}},"line":659},"48":{"name":"(anonymous_48)","decl":{"start":{"line":715,"column":2},"end":{"line":715,"column":15}},"loc":{"start":{"line":715,"column":42},"end":{"line":764,"column":null}},"line":715},"49":{"name":"(anonymous_49)","decl":{"start":{"line":720,"column":28},"end":{"line":720,"column":29}},"loc":{"start":{"line":720,"column":38},"end":{"line":763,"column":5}},"line":720},"50":{"name":"(anonymous_50)","decl":{"start":{"line":766,"column":2},"end":{"line":766,"column":20}},"loc":{"start":{"line":766,"column":52},"end":{"line":803,"column":null}},"line":766},"51":{"name":"(anonymous_51)","decl":{"start":{"line":772,"column":28},"end":{"line":772,"column":29}},"loc":{"start":{"line":772,"column":38},"end":{"line":802,"column":5}},"line":772},"52":{"name":"(anonymous_52)","decl":{"start":{"line":805,"column":10},"end":{"line":805,"column":21}},"loc":{"start":{"line":805,"column":67},"end":{"line":810,"column":null}},"line":805},"53":{"name":"(anonymous_53)","decl":{"start":{"line":812,"column":10},"end":{"line":812,"column":19}},"loc":{"start":{"line":812,"column":19},"end":{"line":823,"column":null}},"line":812},"54":{"name":"(anonymous_54)","decl":{"start":{"line":825,"column":10},"end":{"line":825,"column":20}},"loc":{"start":{"line":825,"column":47},"end":{"line":830,"column":null}},"line":825},"55":{"name":"(anonymous_55)","decl":{"start":{"line":868,"column":2},"end":{"line":868,"column":14}},"loc":{"start":{"line":868,"column":53},"end":{"line":874,"column":null}},"line":868},"56":{"name":"(anonymous_56)","decl":{"start":{"line":876,"column":2},"end":{"line":876,"column":17}},"loc":{"start":{"line":876,"column":45},"end":{"line":904,"column":null}},"line":876},"57":{"name":"(anonymous_57)","decl":{"start":{"line":878,"column":28},"end":{"line":878,"column":31}},"loc":{"start":{"line":878,"column":33},"end":{"line":903,"column":5}},"line":878},"58":{"name":"(anonymous_58)","decl":{"start":{"line":906,"column":2},"end":{"line":906,"column":11}},"loc":{"start":{"line":906,"column":33},"end":{"line":917,"column":null}},"line":906},"59":{"name":"(anonymous_59)","decl":{"start":{"line":908,"column":28},"end":{"line":908,"column":31}},"loc":{"start":{"line":908,"column":33},"end":{"line":916,"column":5}},"line":908},"60":{"name":"(anonymous_60)","decl":{"start":{"line":919,"column":2},"end":{"line":919,"column":14}},"loc":{"start":{"line":919,"column":42},"end":{"line":976,"column":null}},"line":919},"61":{"name":"(anonymous_61)","decl":{"start":{"line":921,"column":28},"end":{"line":921,"column":31}},"loc":{"start":{"line":921,"column":33},"end":{"line":975,"column":5}},"line":921},"62":{"name":"(anonymous_62)","decl":{"start":{"line":978,"column":2},"end":{"line":978,"column":12}},"loc":{"start":{"line":978,"column":35},"end":{"line":1021,"column":null}},"line":978},"63":{"name":"(anonymous_63)","decl":{"start":{"line":981,"column":28},"end":{"line":981,"column":31}},"loc":{"start":{"line":981,"column":33},"end":{"line":1020,"column":5}},"line":981},"64":{"name":"(anonymous_64)","decl":{"start":{"line":1019,"column":22},"end":{"line":1019,"column":23}},"loc":{"start":{"line":1019,"column":31},"end":{"line":1019,"column":76}},"line":1019},"65":{"name":"(anonymous_65)","decl":{"start":{"line":1023,"column":2},"end":{"line":1023,"column":5}},"loc":{"start":{"line":1023,"column":27},"end":{"line":1055,"column":null}},"line":1023},"66":{"name":"(anonymous_66)","decl":{"start":{"line":1029,"column":28},"end":{"line":1029,"column":31}},"loc":{"start":{"line":1029,"column":33},"end":{"line":1054,"column":5}},"line":1029},"67":{"name":"(anonymous_67)","decl":{"start":{"line":1057,"column":2},"end":{"line":1057,"column":8}},"loc":{"start":{"line":1057,"column":22},"end":{"line":1060,"column":null}},"line":1057},"68":{"name":"(anonymous_68)","decl":{"start":{"line":1062,"column":2},"end":{"line":1062,"column":15}},"loc":{"start":{"line":1062,"column":29},"end":{"line":1070,"column":null}},"line":1062},"69":{"name":"(anonymous_69)","decl":{"start":{"line":1069,"column":20},"end":{"line":1069,"column":21}},"loc":{"start":{"line":1069,"column":29},"end":{"line":1069,"column":74}},"line":1069},"70":{"name":"(anonymous_70)","decl":{"start":{"line":1072,"column":2},"end":{"line":1072,"column":15}},"loc":{"start":{"line":1072,"column":41},"end":{"line":1123,"column":null}},"line":1072},"71":{"name":"(anonymous_71)","decl":{"start":{"line":1074,"column":28},"end":{"line":1074,"column":31}},"loc":{"start":{"line":1074,"column":33},"end":{"line":1122,"column":5}},"line":1074},"72":{"name":"(anonymous_72)","decl":{"start":{"line":1125,"column":2},"end":{"line":1125,"column":14}},"loc":{"start":{"line":1125,"column":39},"end":{"line":1171,"column":null}},"line":1125},"73":{"name":"(anonymous_73)","decl":{"start":{"line":1127,"column":28},"end":{"line":1127,"column":31}},"loc":{"start":{"line":1127,"column":33},"end":{"line":1170,"column":5}},"line":1127},"74":{"name":"(anonymous_74)","decl":{"start":{"line":1173,"column":2},"end":{"line":1173,"column":14}},"loc":{"start":{"line":1173,"column":28},"end":{"line":1175,"column":null}},"line":1173},"75":{"name":"(anonymous_75)","decl":{"start":{"line":1177,"column":2},"end":{"line":1177,"column":15}},"loc":{"start":{"line":1177,"column":41},"end":{"line":1234,"column":null}},"line":1177},"76":{"name":"(anonymous_76)","decl":{"start":{"line":1179,"column":28},"end":{"line":1179,"column":31}},"loc":{"start":{"line":1179,"column":33},"end":{"line":1233,"column":5}},"line":1179},"77":{"name":"(anonymous_77)","decl":{"start":{"line":1186,"column":45},"end":{"line":1186,"column":46}},"loc":{"start":{"line":1186,"column":58},"end":{"line":1186,"column":95}},"line":1186},"78":{"name":"(anonymous_78)","decl":{"start":{"line":1236,"column":2},"end":{"line":1236,"column":15}},"loc":{"start":{"line":1236,"column":42},"end":{"line":1293,"column":null}},"line":1236},"79":{"name":"(anonymous_79)","decl":{"start":{"line":1241,"column":28},"end":{"line":1241,"column":31}},"loc":{"start":{"line":1241,"column":33},"end":{"line":1292,"column":5}},"line":1241},"80":{"name":"(anonymous_80)","decl":{"start":{"line":1295,"column":2},"end":{"line":1295,"column":20}},"loc":{"start":{"line":1295,"column":52},"end":{"line":1337,"column":null}},"line":1295},"81":{"name":"(anonymous_81)","decl":{"start":{"line":1301,"column":28},"end":{"line":1301,"column":31}},"loc":{"start":{"line":1301,"column":33},"end":{"line":1336,"column":5}},"line":1301},"82":{"name":"(anonymous_82)","decl":{"start":{"line":1339,"column":2},"end":{"line":1339,"column":7}},"loc":{"start":{"line":1339,"column":7},"end":{"line":1341,"column":null}},"line":1339},"83":{"name":"(anonymous_83)","decl":{"start":{"line":1343,"column":10},"end":{"line":1343,"column":20}},"loc":{"start":{"line":1343,"column":20},"end":{"line":1389,"column":null}},"line":1343},"84":{"name":"(anonymous_84)","decl":{"start":{"line":1391,"column":10},"end":{"line":1391,"column":21}},"loc":{"start":{"line":1391,"column":36},"end":{"line":1401,"column":null}},"line":1391},"85":{"name":"(anonymous_85)","decl":{"start":{"line":1403,"column":10},"end":{"line":1403,"column":23}},"loc":{"start":{"line":1403,"column":41},"end":{"line":1410,"column":null}},"line":1403},"86":{"name":"(anonymous_86)","decl":{"start":{"line":1412,"column":10},"end":{"line":1412,"column":19}},"loc":{"start":{"line":1412,"column":33},"end":{"line":1419,"column":null}},"line":1412},"87":{"name":"(anonymous_87)","decl":{"start":{"line":1421,"column":10},"end":{"line":1421,"column":24}},"loc":{"start":{"line":1421,"column":40},"end":{"line":1429,"column":null}},"line":1421},"88":{"name":"(anonymous_88)","decl":{"start":{"line":1431,"column":10},"end":{"line":1431,"column":20}},"loc":{"start":{"line":1431,"column":32},"end":{"line":1442,"column":null}},"line":1431},"89":{"name":"(anonymous_89)","decl":{"start":{"line":1444,"column":10},"end":{"line":1444,"column":22}},"loc":{"start":{"line":1444,"column":36},"end":{"line":1457,"column":null}},"line":1444},"90":{"name":"createDefaultDelegateBroker","decl":{"start":{"line":1460,"column":16},"end":{"line":1460,"column":43}},"loc":{"start":{"line":1460,"column":83},"end":{"line":1466,"column":null}},"line":1460}},"branchMap":{"0":{"loc":{"start":{"line":212,"column":2},"end":{"line":214,"column":null}},"type":"if","locations":[{"start":{"line":212,"column":2},"end":{"line":214,"column":null}},{"start":{},"end":{}}],"line":212},"1":{"loc":{"start":{"line":216,"column":2},"end":{"line":229,"column":null}},"type":"switch","locations":[{"start":{"line":217,"column":4},"end":{"line":218,"column":null}},{"start":{"line":219,"column":4},"end":{"line":220,"column":null}},{"start":{"line":221,"column":4},"end":{"line":222,"column":null}},{"start":{"line":223,"column":4},"end":{"line":224,"column":null}},{"start":{"line":225,"column":4},"end":{"line":226,"column":null}},{"start":{"line":227,"column":4},"end":{"line":228,"column":null}}],"line":216},"2":{"loc":{"start":{"line":228,"column":13},"end":{"line":228,"column":39}},"type":"binary-expr","locations":[{"start":{"line":228,"column":13},"end":{"line":228,"column":26}},{"start":{"line":228,"column":30},"end":{"line":228,"column":39}}],"line":228},"3":{"loc":{"start":{"line":234,"column":2},"end":{"line":236,"column":null}},"type":"if","locations":[{"start":{"line":234,"column":2},"end":{"line":236,"column":null}},{"start":{},"end":{}}],"line":234},"4":{"loc":{"start":{"line":240,"column":9},"end":{"line":240,"column":77}},"type":"binary-expr","locations":[{"start":{"line":240,"column":9},"end":{"line":240,"column":34}},{"start":{"line":240,"column":38},"end":{"line":240,"column":52}},{"start":{"line":240,"column":56},"end":{"line":240,"column":77}}],"line":240},"5":{"loc":{"start":{"line":252,"column":2},"end":{"line":254,"column":null}},"type":"if","locations":[{"start":{"line":252,"column":2},"end":{"line":254,"column":null}},{"start":{},"end":{}}],"line":252},"6":{"loc":{"start":{"line":252,"column":6},"end":{"line":252,"column":21}},"type":"binary-expr","locations":[{"start":{"line":252,"column":6},"end":{"line":252,"column":11}},{"start":{"line":252,"column":15},"end":{"line":252,"column":21}}],"line":252},"7":{"loc":{"start":{"line":255,"column":2},"end":{"line":257,"column":null}},"type":"if","locations":[{"start":{"line":255,"column":2},"end":{"line":257,"column":null}},{"start":{},"end":{}}],"line":255},"8":{"loc":{"start":{"line":256,"column":11},"end":{"line":256,"column":43}},"type":"cond-expr","locations":[{"start":{"line":256,"column":19},"end":{"line":256,"column":31}},{"start":{"line":256,"column":34},"end":{"line":256,"column":43}}],"line":256},"9":{"loc":{"start":{"line":258,"column":2},"end":{"line":260,"column":null}},"type":"if","locations":[{"start":{"line":258,"column":2},"end":{"line":260,"column":null}},{"start":{},"end":{}}],"line":258},"10":{"loc":{"start":{"line":265,"column":9},"end":{"line":265,"column":62}},"type":"binary-expr","locations":[{"start":{"line":265,"column":9},"end":{"line":265,"column":29}},{"start":{"line":265,"column":33},"end":{"line":265,"column":62}}],"line":265},"11":{"loc":{"start":{"line":274,"column":8},"end":{"line":274,"column":22}},"type":"binary-expr","locations":[{"start":{"line":274,"column":8},"end":{"line":274,"column":16}},{"start":{"line":274,"column":20},"end":{"line":274,"column":22}}],"line":274},"12":{"loc":{"start":{"line":276,"column":8},"end":{"line":276,"column":73}},"type":"cond-expr","locations":[{"start":{"line":276,"column":28},"end":{"line":276,"column":68}},{"start":{"line":276,"column":71},"end":{"line":276,"column":73}}],"line":276},"13":{"loc":{"start":{"line":277,"column":8},"end":{"line":277,"column":58}},"type":"cond-expr","locations":[{"start":{"line":277,"column":23},"end":{"line":277,"column":53}},{"start":{"line":277,"column":56},"end":{"line":277,"column":58}}],"line":277},"14":{"loc":{"start":{"line":283,"column":13},"end":{"line":283,"column":96}},"type":"cond-expr","locations":[{"start":{"line":283,"column":28},"end":{"line":283,"column":69}},{"start":{"line":283,"column":72},"end":{"line":283,"column":96}}],"line":283},"15":{"loc":{"start":{"line":284,"column":8},"end":{"line":284,"column":67}},"type":"cond-expr","locations":[{"start":{"line":284,"column":28},"end":{"line":284,"column":62}},{"start":{"line":284,"column":65},"end":{"line":284,"column":67}}],"line":284},"16":{"loc":{"start":{"line":285,"column":8},"end":{"line":285,"column":52}},"type":"cond-expr","locations":[{"start":{"line":285,"column":23},"end":{"line":285,"column":47}},{"start":{"line":285,"column":50},"end":{"line":285,"column":52}}],"line":285},"17":{"loc":{"start":{"line":291,"column":9},"end":{"line":292,"column":60}},"type":"binary-expr","locations":[{"start":{"line":291,"column":9},"end":{"line":291,"column":27}},{"start":{"line":291,"column":31},"end":{"line":291,"column":null}},{"start":{"line":292,"column":7},"end":{"line":292,"column":28}},{"start":{"line":292,"column":32},"end":{"line":292,"column":60}}],"line":291},"18":{"loc":{"start":{"line":297,"column":2},"end":{"line":297,"column":null}},"type":"if","locations":[{"start":{"line":297,"column":2},"end":{"line":297,"column":null}},{"start":{},"end":{}}],"line":297},"19":{"loc":{"start":{"line":297,"column":6},"end":{"line":297,"column":59}},"type":"binary-expr","locations":[{"start":{"line":297,"column":6},"end":{"line":297,"column":27}},{"start":{"line":297,"column":31},"end":{"line":297,"column":59}}],"line":297},"20":{"loc":{"start":{"line":302,"column":9},"end":{"line":302,"column":100}},"type":"binary-expr","locations":[{"start":{"line":302,"column":9},"end":{"line":302,"column":27}},{"start":{"line":302,"column":31},"end":{"line":302,"column":53}},{"start":{"line":302,"column":57},"end":{"line":302,"column":76}},{"start":{"line":302,"column":80},"end":{"line":302,"column":100}}],"line":302},"21":{"loc":{"start":{"line":307,"column":2},"end":{"line":309,"column":null}},"type":"if","locations":[{"start":{"line":307,"column":2},"end":{"line":309,"column":null}},{"start":{},"end":{}}],"line":307},"22":{"loc":{"start":{"line":314,"column":24},"end":{"line":314,"column":82}},"type":"cond-expr","locations":[{"start":{"line":314,"column":62},"end":{"line":314,"column":77}},{"start":{"line":314,"column":80},"end":{"line":314,"column":82}}],"line":314},"23":{"loc":{"start":{"line":315,"column":24},"end":{"line":315,"column":82}},"type":"cond-expr","locations":[{"start":{"line":315,"column":62},"end":{"line":315,"column":77}},{"start":{"line":315,"column":80},"end":{"line":315,"column":82}}],"line":315},"24":{"loc":{"start":{"line":316,"column":23},"end":{"line":316,"column":108}},"type":"cond-expr","locations":[{"start":{"line":316,"column":58},"end":{"line":316,"column":101}},{"start":{"line":316,"column":104},"end":{"line":316,"column":108}}],"line":316},"25":{"loc":{"start":{"line":317,"column":22},"end":{"line":317,"column":76}},"type":"cond-expr","locations":[{"start":{"line":317,"column":58},"end":{"line":317,"column":71}},{"start":{"line":317,"column":74},"end":{"line":317,"column":76}}],"line":317},"26":{"loc":{"start":{"line":318,"column":21},"end":{"line":318,"column":80}},"type":"cond-expr","locations":[{"start":{"line":318,"column":61},"end":{"line":318,"column":73}},{"start":{"line":318,"column":76},"end":{"line":318,"column":80}}],"line":318},"27":{"loc":{"start":{"line":320,"column":6},"end":{"line":322,"column":null}},"type":"if","locations":[{"start":{"line":320,"column":6},"end":{"line":322,"column":null}},{"start":{},"end":{}}],"line":320},"28":{"loc":{"start":{"line":320,"column":10},"end":{"line":320,"column":70}},"type":"binary-expr","locations":[{"start":{"line":320,"column":10},"end":{"line":320,"column":20}},{"start":{"line":320,"column":24},"end":{"line":320,"column":34}},{"start":{"line":320,"column":38},"end":{"line":320,"column":47}},{"start":{"line":320,"column":51},"end":{"line":320,"column":59}},{"start":{"line":320,"column":63},"end":{"line":320,"column":70}}],"line":320},"29":{"loc":{"start":{"line":330,"column":12},"end":{"line":330,"column":91}},"type":"cond-expr","locations":[{"start":{"line":330,"column":52},"end":{"line":330,"column":86}},{"start":{"line":330,"column":89},"end":{"line":330,"column":91}}],"line":330},"30":{"loc":{"start":{"line":331,"column":12},"end":{"line":331,"column":94}},"type":"cond-expr","locations":[{"start":{"line":331,"column":53},"end":{"line":331,"column":89}},{"start":{"line":331,"column":92},"end":{"line":331,"column":94}}],"line":331},"31":{"loc":{"start":{"line":332,"column":12},"end":{"line":332,"column":100}},"type":"cond-expr","locations":[{"start":{"line":332,"column":55},"end":{"line":332,"column":95}},{"start":{"line":332,"column":98},"end":{"line":332,"column":100}}],"line":332},"32":{"loc":{"start":{"line":342,"column":21},"end":{"line":342,"column":35}},"type":"binary-expr","locations":[{"start":{"line":342,"column":21},"end":{"line":342,"column":29}},{"start":{"line":342,"column":33},"end":{"line":342,"column":35}}],"line":342},"33":{"loc":{"start":{"line":343,"column":2},"end":{"line":356,"column":null}},"type":"if","locations":[{"start":{"line":343,"column":2},"end":{"line":356,"column":null}},{"start":{"line":345,"column":9},"end":{"line":356,"column":null}}],"line":343},"34":{"loc":{"start":{"line":352,"column":10},"end":{"line":352,"column":73}},"type":"cond-expr","locations":[{"start":{"line":352,"column":32},"end":{"line":352,"column":68}},{"start":{"line":352,"column":71},"end":{"line":352,"column":73}}],"line":352},"35":{"loc":{"start":{"line":353,"column":10},"end":{"line":353,"column":76}},"type":"cond-expr","locations":[{"start":{"line":353,"column":33},"end":{"line":353,"column":71}},{"start":{"line":353,"column":74},"end":{"line":353,"column":76}}],"line":353},"36":{"loc":{"start":{"line":354,"column":10},"end":{"line":354,"column":82}},"type":"cond-expr","locations":[{"start":{"line":354,"column":35},"end":{"line":354,"column":77}},{"start":{"line":354,"column":80},"end":{"line":354,"column":82}}],"line":354},"37":{"loc":{"start":{"line":358,"column":9},"end":{"line":358,"column":56}},"type":"cond-expr","locations":[{"start":{"line":358,"column":40},"end":{"line":358,"column":44}},{"start":{"line":358,"column":47},"end":{"line":358,"column":56}}],"line":358},"38":{"loc":{"start":{"line":362,"column":2},"end":{"line":364,"column":null}},"type":"if","locations":[{"start":{"line":362,"column":2},"end":{"line":364,"column":null}},{"start":{},"end":{}}],"line":362},"39":{"loc":{"start":{"line":367,"column":11},"end":{"line":367,"column":52}},"type":"cond-expr","locations":[{"start":{"line":367,"column":34},"end":{"line":367,"column":40}},{"start":{"line":367,"column":43},"end":{"line":367,"column":52}}],"line":367},"40":{"loc":{"start":{"line":374,"column":2},"end":{"line":376,"column":null}},"type":"if","locations":[{"start":{"line":374,"column":2},"end":{"line":376,"column":null}},{"start":{},"end":{}}],"line":374},"41":{"loc":{"start":{"line":400,"column":14},"end":{"line":400,"column":53}},"type":"default-arg","locations":[{"start":{"line":400,"column":51},"end":{"line":400,"column":53}}],"line":400},"42":{"loc":{"start":{"line":401,"column":21},"end":{"line":401,"column":67}},"type":"binary-expr","locations":[{"start":{"line":401,"column":21},"end":{"line":401,"column":38}},{"start":{"line":401,"column":42},"end":{"line":401,"column":67}}],"line":401},"43":{"loc":{"start":{"line":403,"column":4},"end":{"line":405,"column":null}},"type":"if","locations":[{"start":{"line":403,"column":4},"end":{"line":405,"column":null}},{"start":{},"end":{}}],"line":403},"44":{"loc":{"start":{"line":409,"column":16},"end":{"line":409,"column":53}},"type":"binary-expr","locations":[{"start":{"line":409,"column":16},"end":{"line":409,"column":25}},{"start":{"line":409,"column":29},"end":{"line":409,"column":53}}],"line":409},"45":{"loc":{"start":{"line":415,"column":19},"end":{"line":415,"column":57}},"type":"binary-expr","locations":[{"start":{"line":415,"column":19},"end":{"line":415,"column":34}},{"start":{"line":415,"column":38},"end":{"line":415,"column":57}}],"line":415},"46":{"loc":{"start":{"line":417,"column":22},"end":{"line":417,"column":51}},"type":"binary-expr","locations":[{"start":{"line":417,"column":22},"end":{"line":417,"column":44}},{"start":{"line":417,"column":48},"end":{"line":417,"column":51}}],"line":417},"47":{"loc":{"start":{"line":426,"column":16},"end":{"line":426,"column":53}},"type":"binary-expr","locations":[{"start":{"line":426,"column":16},"end":{"line":426,"column":25}},{"start":{"line":426,"column":29},"end":{"line":426,"column":53}}],"line":426},"48":{"loc":{"start":{"line":430,"column":6},"end":{"line":432,"column":null}},"type":"if","locations":[{"start":{"line":430,"column":6},"end":{"line":432,"column":null}},{"start":{},"end":{}}],"line":430},"49":{"loc":{"start":{"line":444,"column":16},"end":{"line":444,"column":53}},"type":"binary-expr","locations":[{"start":{"line":444,"column":16},"end":{"line":444,"column":25}},{"start":{"line":444,"column":29},"end":{"line":444,"column":53}}],"line":444},"50":{"loc":{"start":{"line":448,"column":21},"end":{"line":448,"column":57}},"type":"binary-expr","locations":[{"start":{"line":448,"column":21},"end":{"line":448,"column":51}},{"start":{"line":448,"column":55},"end":{"line":448,"column":57}}],"line":448},"51":{"loc":{"start":{"line":450,"column":23},"end":{"line":450,"column":117}},"type":"binary-expr","locations":[{"start":{"line":450,"column":23},"end":{"line":450,"column":37}},{"start":{"line":450,"column":42},"end":{"line":450,"column":116}}],"line":450},"52":{"loc":{"start":{"line":450,"column":42},"end":{"line":450,"column":116}},"type":"cond-expr","locations":[{"start":{"line":450,"column":82},"end":{"line":450,"column":104}},{"start":{"line":450,"column":107},"end":{"line":450,"column":116}}],"line":450},"53":{"loc":{"start":{"line":461,"column":17},"end":{"line":461,"column":36}},"type":"binary-expr","locations":[{"start":{"line":461,"column":17},"end":{"line":461,"column":30}},{"start":{"line":461,"column":34},"end":{"line":461,"column":36}}],"line":461},"54":{"loc":{"start":{"line":472,"column":19},"end":{"line":472,"column":48}},"type":"binary-expr","locations":[{"start":{"line":472,"column":19},"end":{"line":472,"column":41}},{"start":{"line":472,"column":45},"end":{"line":472,"column":48}}],"line":472},"55":{"loc":{"start":{"line":476,"column":24},"end":{"line":476,"column":71}},"type":"binary-expr","locations":[{"start":{"line":476,"column":24},"end":{"line":476,"column":32}},{"start":{"line":476,"column":36},"end":{"line":476,"column":63}},{"start":{"line":476,"column":67},"end":{"line":476,"column":71}}],"line":476},"56":{"loc":{"start":{"line":485,"column":16},"end":{"line":485,"column":53}},"type":"binary-expr","locations":[{"start":{"line":485,"column":16},"end":{"line":485,"column":25}},{"start":{"line":485,"column":29},"end":{"line":485,"column":53}}],"line":485},"57":{"loc":{"start":{"line":486,"column":30},"end":{"line":486,"column":48}},"type":"binary-expr","locations":[{"start":{"line":486,"column":30},"end":{"line":486,"column":41}},{"start":{"line":486,"column":45},"end":{"line":486,"column":48}}],"line":486},"58":{"loc":{"start":{"line":490,"column":6},"end":{"line":492,"column":null}},"type":"if","locations":[{"start":{"line":490,"column":6},"end":{"line":492,"column":null}},{"start":{},"end":{}}],"line":490},"59":{"loc":{"start":{"line":499,"column":21},"end":{"line":499,"column":81}},"type":"cond-expr","locations":[{"start":{"line":499,"column":35},"end":{"line":499,"column":48}},{"start":{"line":499,"column":51},"end":{"line":499,"column":81}}],"line":499},"60":{"loc":{"start":{"line":501,"column":28},"end":{"line":501,"column":58}},"type":"binary-expr","locations":[{"start":{"line":501,"column":28},"end":{"line":501,"column":52}},{"start":{"line":501,"column":56},"end":{"line":501,"column":58}}],"line":501},"61":{"loc":{"start":{"line":503,"column":27},"end":{"line":503,"column":97}},"type":"binary-expr","locations":[{"start":{"line":503,"column":27},"end":{"line":503,"column":59}},{"start":{"line":503,"column":63},"end":{"line":503,"column":97}}],"line":503},"62":{"loc":{"start":{"line":511,"column":16},"end":{"line":511,"column":53}},"type":"binary-expr","locations":[{"start":{"line":511,"column":16},"end":{"line":511,"column":25}},{"start":{"line":511,"column":29},"end":{"line":511,"column":53}}],"line":511},"63":{"loc":{"start":{"line":516,"column":6},"end":{"line":518,"column":null}},"type":"if","locations":[{"start":{"line":516,"column":6},"end":{"line":518,"column":null}},{"start":{},"end":{}}],"line":516},"64":{"loc":{"start":{"line":528,"column":10},"end":{"line":530,"column":null}},"type":"if","locations":[{"start":{"line":528,"column":10},"end":{"line":530,"column":null}},{"start":{},"end":{}}],"line":528},"65":{"loc":{"start":{"line":528,"column":14},"end":{"line":528,"column":76}},"type":"binary-expr","locations":[{"start":{"line":528,"column":14},"end":{"line":528,"column":42}},{"start":{"line":528,"column":46},"end":{"line":528,"column":76}}],"line":528},"66":{"loc":{"start":{"line":542,"column":11},"end":{"line":542,"column":36}},"type":"binary-expr","locations":[{"start":{"line":542,"column":11},"end":{"line":542,"column":28}},{"start":{"line":542,"column":32},"end":{"line":542,"column":36}}],"line":542},"67":{"loc":{"start":{"line":547,"column":12},"end":{"line":547,"column":42}},"type":"binary-expr","locations":[{"start":{"line":547,"column":12},"end":{"line":547,"column":36}},{"start":{"line":547,"column":40},"end":{"line":547,"column":42}}],"line":547},"68":{"loc":{"start":{"line":551,"column":16},"end":{"line":551,"column":53}},"type":"binary-expr","locations":[{"start":{"line":551,"column":16},"end":{"line":551,"column":25}},{"start":{"line":551,"column":29},"end":{"line":551,"column":53}}],"line":551},"69":{"loc":{"start":{"line":555,"column":6},"end":{"line":557,"column":null}},"type":"if","locations":[{"start":{"line":555,"column":6},"end":{"line":557,"column":null}},{"start":{},"end":{}}],"line":555},"70":{"loc":{"start":{"line":555,"column":10},"end":{"line":555,"column":106}},"type":"binary-expr","locations":[{"start":{"line":555,"column":10},"end":{"line":555,"column":21}},{"start":{"line":555,"column":26},"end":{"line":555,"column":62}},{"start":{"line":555,"column":66},"end":{"line":555,"column":105}}],"line":555},"71":{"loc":{"start":{"line":560,"column":21},"end":{"line":560,"column":57}},"type":"binary-expr","locations":[{"start":{"line":560,"column":21},"end":{"line":560,"column":51}},{"start":{"line":560,"column":55},"end":{"line":560,"column":57}}],"line":560},"72":{"loc":{"start":{"line":562,"column":21},"end":{"line":562,"column":52}},"type":"binary-expr","locations":[{"start":{"line":562,"column":21},"end":{"line":562,"column":40}},{"start":{"line":562,"column":44},"end":{"line":562,"column":52}}],"line":562},"73":{"loc":{"start":{"line":570,"column":18},"end":{"line":570,"column":58}},"type":"binary-expr","locations":[{"start":{"line":570,"column":18},"end":{"line":570,"column":45}},{"start":{"line":570,"column":49},"end":{"line":570,"column":58}}],"line":570},"74":{"loc":{"start":{"line":582,"column":19},"end":{"line":582,"column":48}},"type":"binary-expr","locations":[{"start":{"line":582,"column":19},"end":{"line":582,"column":41}},{"start":{"line":582,"column":45},"end":{"line":582,"column":48}}],"line":582},"75":{"loc":{"start":{"line":586,"column":24},"end":{"line":586,"column":59}},"type":"binary-expr","locations":[{"start":{"line":586,"column":24},"end":{"line":586,"column":51}},{"start":{"line":586,"column":55},"end":{"line":586,"column":59}}],"line":586},"76":{"loc":{"start":{"line":595,"column":16},"end":{"line":595,"column":53}},"type":"binary-expr","locations":[{"start":{"line":595,"column":16},"end":{"line":595,"column":25}},{"start":{"line":595,"column":29},"end":{"line":595,"column":53}}],"line":595},"77":{"loc":{"start":{"line":599,"column":6},"end":{"line":601,"column":null}},"type":"if","locations":[{"start":{"line":599,"column":6},"end":{"line":601,"column":null}},{"start":{},"end":{}}],"line":599},"78":{"loc":{"start":{"line":610,"column":12},"end":{"line":610,"column":71}},"type":"cond-expr","locations":[{"start":{"line":610,"column":32},"end":{"line":610,"column":66}},{"start":{"line":610,"column":69},"end":{"line":610,"column":71}}],"line":610},"79":{"loc":{"start":{"line":613,"column":21},"end":{"line":613,"column":57}},"type":"binary-expr","locations":[{"start":{"line":613,"column":21},"end":{"line":613,"column":51}},{"start":{"line":613,"column":55},"end":{"line":613,"column":57}}],"line":613},"80":{"loc":{"start":{"line":622,"column":18},"end":{"line":622,"column":57}},"type":"binary-expr","locations":[{"start":{"line":622,"column":18},"end":{"line":622,"column":44}},{"start":{"line":622,"column":48},"end":{"line":622,"column":57}}],"line":622},"81":{"loc":{"start":{"line":650,"column":16},"end":{"line":650,"column":53}},"type":"binary-expr","locations":[{"start":{"line":650,"column":16},"end":{"line":650,"column":25}},{"start":{"line":650,"column":29},"end":{"line":650,"column":53}}],"line":650},"82":{"loc":{"start":{"line":654,"column":6},"end":{"line":656,"column":null}},"type":"if","locations":[{"start":{"line":654,"column":6},"end":{"line":656,"column":null}},{"start":{},"end":{}}],"line":654},"83":{"loc":{"start":{"line":660,"column":6},"end":{"line":662,"column":null}},"type":"if","locations":[{"start":{"line":660,"column":6},"end":{"line":662,"column":null}},{"start":{},"end":{}}],"line":660},"84":{"loc":{"start":{"line":667,"column":12},"end":{"line":667,"column":70}},"type":"cond-expr","locations":[{"start":{"line":667,"column":44},"end":{"line":667,"column":65}},{"start":{"line":667,"column":68},"end":{"line":667,"column":70}}],"line":667},"85":{"loc":{"start":{"line":668,"column":12},"end":{"line":668,"column":80}},"type":"cond-expr","locations":[{"start":{"line":668,"column":35},"end":{"line":668,"column":75}},{"start":{"line":668,"column":78},"end":{"line":668,"column":80}}],"line":668},"86":{"loc":{"start":{"line":673,"column":21},"end":{"line":673,"column":57}},"type":"binary-expr","locations":[{"start":{"line":673,"column":21},"end":{"line":673,"column":51}},{"start":{"line":673,"column":55},"end":{"line":673,"column":57}}],"line":673},"87":{"loc":{"start":{"line":675,"column":24},"end":{"line":679,"column":29}},"type":"cond-expr","locations":[{"start":{"line":676,"column":10},"end":{"line":676,"column":null}},{"start":{"line":677,"column":10},"end":{"line":679,"column":29}}],"line":675},"88":{"loc":{"start":{"line":677,"column":10},"end":{"line":679,"column":29}},"type":"cond-expr","locations":[{"start":{"line":678,"column":12},"end":{"line":678,"column":null}},{"start":{"line":679,"column":12},"end":{"line":679,"column":29}}],"line":677},"89":{"loc":{"start":{"line":687,"column":18},"end":{"line":687,"column":57}},"type":"binary-expr","locations":[{"start":{"line":687,"column":18},"end":{"line":687,"column":44}},{"start":{"line":687,"column":48},"end":{"line":687,"column":57}}],"line":687},"90":{"loc":{"start":{"line":689,"column":19},"end":{"line":693,"column":70}},"type":"cond-expr","locations":[{"start":{"line":690,"column":14},"end":{"line":690,"column":null}},{"start":{"line":691,"column":14},"end":{"line":693,"column":70}}],"line":689},"91":{"loc":{"start":{"line":691,"column":14},"end":{"line":693,"column":70}},"type":"cond-expr","locations":[{"start":{"line":692,"column":16},"end":{"line":692,"column":null}},{"start":{"line":693,"column":16},"end":{"line":693,"column":70}}],"line":691},"92":{"loc":{"start":{"line":696,"column":14},"end":{"line":696,"column":74}},"type":"cond-expr","locations":[{"start":{"line":696,"column":37},"end":{"line":696,"column":69}},{"start":{"line":696,"column":72},"end":{"line":696,"column":74}}],"line":696},"93":{"loc":{"start":{"line":716,"column":22},"end":{"line":716,"column":60}},"type":"binary-expr","locations":[{"start":{"line":716,"column":22},"end":{"line":716,"column":38}},{"start":{"line":716,"column":42},"end":{"line":716,"column":60}}],"line":716},"94":{"loc":{"start":{"line":717,"column":16},"end":{"line":717,"column":54}},"type":"binary-expr","locations":[{"start":{"line":717,"column":16},"end":{"line":717,"column":26}},{"start":{"line":717,"column":30},"end":{"line":717,"column":54}}],"line":717},"95":{"loc":{"start":{"line":724,"column":8},"end":{"line":726,"column":null}},"type":"if","locations":[{"start":{"line":724,"column":8},"end":{"line":726,"column":null}},{"start":{},"end":{}}],"line":724},"96":{"loc":{"start":{"line":729,"column":8},"end":{"line":731,"column":null}},"type":"if","locations":[{"start":{"line":729,"column":8},"end":{"line":731,"column":null}},{"start":{},"end":{}}],"line":729},"97":{"loc":{"start":{"line":733,"column":23},"end":{"line":733,"column":57}},"type":"binary-expr","locations":[{"start":{"line":733,"column":23},"end":{"line":733,"column":51}},{"start":{"line":733,"column":55},"end":{"line":733,"column":57}}],"line":733},"98":{"loc":{"start":{"line":742,"column":20},"end":{"line":742,"column":51}},"type":"binary-expr","locations":[{"start":{"line":742,"column":20},"end":{"line":742,"column":38}},{"sta
[...]
,"8":{"loc":{"start":{"line":144,"column":2},"end":{"line":144,"column":null}},"type":"if","locations":[{"start":{"line":144,"column":2},"end":{"line":144,"column":null}},{"start":{},"end":{}}],"line":144},"9":{"loc":{"start":{"line":153,"column":2},"end":{"line":153,"column":null}},"type":"if","locations":[{"start":{"line":153,"column":2},"end":{"line":153,"column":null}},{"start":{},"end":{}}],"line":153},"10":{"loc":{"start":{"line":162,"column":4},"end":{"line":163,"column":null}},"type":"if","locations":[{"start":{"line":162,"column":4},"end":{"line":163,"column":null}},{"start":{},"end":{}}],"line":162},"11":{"loc":{"start":{"line":178,"column":2},"end":{"line":178,"column":null}},"type":"if","locations":[{"start":{"line":178,"column":2},"end":{"line":178,"column":null}},{"start":{},"end":{}}],"line":178},"12":{"loc":{"start":{"line":183,"column":4},"end":{"line":183,"column":null}},"type":"if","locations":[{"start":{"line":183,"column":4},"end":{"line":183,"column":null}},{"start":{},"end":{}}],"line":183},"13":{"loc":{"start":{"line":207,"column":17},"end":{"line":207,"column":null}},"type":"binary-expr","locations":[{"start":{"line":207,"column":17},"end":{"line":207,"column":30}},{"start":{"line":207,"column":34},"end":{"line":207,"column":null}}],"line":207},"14":{"loc":{"start":{"line":213,"column":26},"end":{"line":213,"column":null}},"type":"binary-expr","locations":[{"start":{"line":213,"column":26},"end":{"line":213,"column":47}},{"start":{"line":213,"column":51},"end":{"line":213,"column":null}}],"line":213}},"s":{"0":6,"1":0,"2":0,"3":0,"4":0,"5":0,"6":0,"7":0,"8":0,"9":0,"10":0,"11":0,"12":0,"13":0,"14":0,"15":0,"16":0,"17":0,"18":0,"19":0,"20":0,"21":0,"22":0,"23":0,"24":0,"25":0,"26":0,"27":0,"28":0,"29":0,"30":0,"31":0,"32":0,"33":0,"34":0,"35":0,"36":0,"37":0,"38":0,"39":0,"40":0,"41":0,"42":0,"43":0,"44":0,"45":0,"46":0,"47":0,"48":0,"49":0,"50":0,"51":0,"52":0,"53":0,"54":0,"55":0,"56":0,"57":0,"58":0,"59":0,"60":0,"61":0,"62":0,"63":0,"64":0,"65":0,"66":0,"67":0,"68":0,"69":0,"70":0,"71":0,"72":0,"73":0,"74":0,"75":0,"76":0,"77":0,"78":0,"79":0,"80":0,"81":0},"f":{"0":0,"1":0,"2":0,"3":0,"4":0,"5":0},"b":{"0":[0,0],"1":[0,0],"2":[0,0],"3":[0,0],"4":[0,0],"5":[0,0],"6":[0,0],"7":[0,0],"8":[0,0],"9":[0,0],"10":[0,0],"11":[0,0],"12":[0,0],"13":[0,0],"14":[0,0]},"meta":{"lastBranch":15,"lastFunction":6,"lastStatement":82,"seen":{"s:30:24:30:Infinity":0,"f:40:16:40:27":0,"s:41:2:50:Infinity":1,"s:42:17:42:36":2,"b:43:4:43:Infinity:undefined:undefined:undefined:undefined":0,"s:43:4:43:Infinity":3,"s:43:28:43:Infinity":4,"s:45:10:45:29":5,"b:46:4:47:Infinity:undefined:undefined:undefined:undefined":1,"s:46:4:47:Infinity":6,"s:47:6:47:Infinity":7,"s:49:4:49:Infinity":8,"f:61:16:61:37":1,"b:62:2:62:Infinity:undefined:undefined:undefined:undefined":2,"s:62:2:62:Infinity":9,"s:62:25:62:Infinity":10,"s:65:2:68:Infinity":11,"s:66:4:66:Infinity":12,"s:68:4:68:Infinity":13,"s:71:2:71:Infinity":14,"f:82:16:82:38":2,"b:83:2:83:Infinity:undefined:undefined:undefined:undefined":3,"s:83:2:83:Infinity":15,"b:83:6:83:16:83:16:83:33":4,"s:83:35:83:Infinity":16,"s:86:2:89:Infinity":17,"s:87:4:87:Infinity":18,"s:89:4:89:Infinity":19,"b:92:2:92:Infinity:undefined:undefined:undefined:undefined":5,"s:92:2:92:Infinity":20,"s:92:18:92:Infinity":21,"b:95:2:97:Infinity:undefined:undefined:undefined:undefined":6,"s:95:2:97:Infinity":22,"s:96:16:96:32":23,"s:97:4:97:Infinity":24,"s:101:18:101:Infinity":25,"s:102:16:102:Infinity":26,"s:103:14:103:35":27,"s:106:2:109:Infinity":28,"s:107:4:107:Infinity":29,"s:109:4:109:Infinity":30,"s:112:2:116:Infinity":31,"s:113:4:113:Infinity":32,"s:115:4:115:Infinity":33,"s:116:4:116:Infinity":34,"s:118:2:118:Infinity":35,"s:120:16:120:37":36,"s:122:23:122:44":37,"b:123:2:124:Infinity:undefined:undefined:undefined:undefined":7,"s:123:2:124:Infinity":38,"s:124:4:124:Infinity":39,"s:127:17:127:39":40,"s:128:2:128:Infinity":41,"f:139:16:139:Infinity":3,"b:144:2:144:Infinity:undefined:undefined:undefined:undefined":8,"s:144:2:144:Infinity":42,"s:144:25:144:Infinity":43,"s:147:2:150:Infinity":44,"s:148:4:148:Infinity":45,"s:150:4:150:Infinity":46,"b:153:2:153:Infinity:undefined:undefined:undefined:undefined":9,"s:153:2:153:Infinity":47,"s:153:23:153:Infinity":48,"s:155:8:155:27":49,"s:156:8:156:34":50,"s:157:25:157:44":51,"s:158:22:158:Infinity":52,"s:159:8:159:51":53,"s:161:2:167:Infinity":54,"b:162:4:163:Infinity:undefined:undefined:undefined:undefined":10,"s:162:4:163:Infinity":55,"s:163:6:163:Infinity":56,"s:165:4:165:Infinity":57,"s:167:4:167:Infinity":58,"s:170:2:170:Infinity":59,"f:177:9:177:23":4,"b:178:2:178:Infinity:undefined:undefined:undefined:undefined":11,"s:178:2:178:Infinity":60,"s:178:16:178:Infinity":61,"s:179:19:179:21":62,"s:180:16:180:35":63,"s:181:2:186:Infinity":64,"s:182:20:182:31":65,"b:183:4:183:Infinity:undefined:undefined:undefined:undefined":12,"s:183:4:183:Infinity":66,"s:183:18:183:Infinity":67,"s:184:4:186:Infinity":68,"s:185:6:185:Infinity":69,"s:190:2:190:Infinity":70,"f:203:16:203:24":5,"s:205:12:205:92":71,"s:207:17:207:Infinity":72,"b:207:17:207:30:207:34:207:Infinity":13,"s:209:2:209:Infinity":73,"s:210:15:210:33":74,"s:212:20:212:50":75,"s:213:26:213:Infinity":76,"b:213:26:213:47:213:51:213:Infinity":14,"s:215:22:215:41":77,"s:216:2:216:Infinity":78,"s:217:19:218:Infinity":79,"s:220:15:220:Infinity":80,"s:221:2:221:Infinity":81}}}
,"D:\\maestro2\\src\\utils\\path-validator.ts": {"path":"D:\\maestro2\\src\\utils\\path-validator.ts","statementMap":{"0":{"start":{"line":13,"column":25},"end":{"line":13,"column":null}},"1":{"start":{"line":14,"column":25},"end":{"line":14,"column":null}},"2":{"start":{"line":15,"column":27},"end":{"line":15,"column":null}},"3":{"start":{"line":22,"column":16},"end":{"line":22,"column":null}},"4":{"start":{"line":23,"column":2},"end":{"line":23,"column":null}},"5":{"start":{"line":31,"column":2},"end":{"line":31,"column":null}},"6":{"start":{"line":39,"column":18},"end":{"line":39,"column":null}},"7":{"start":{"line":40,"column":2},"end":{"line":41,"column":null}},"8":{"start":{"line":41,"column":4},"end":{"line":41,"column":null}},"9":{"start":{"line":41,"column":39},"end":{"line":41,"column":47}},"10":{"start":{"line":43,"column":2},"end":{"line":43,"column":null}},"11":{"start":{"line":50,"column":2},"end":{"line":50,"column":null}},"12":{"start":{"line":54,"column":15},"end":{"line":54,"column":31}},"13":{"start":{"line":55,"column":8},"end":{"line":55,"column":55}},"14":{"start":{"line":56,"column":6},"end":{"line":56,"column":37}},"15":{"start":{"line":59,"column":2},"end":{"line":59,"column":null}},"16":{"start":{"line":60,"column":2},"end":{"line":63,"column":null}},"17":{"start":{"line":61,"column":4},"end":{"line":61,"column":null}},"18":{"start":{"line":62,"column":13},"end":{"line":63,"column":null}},"19":{"start":{"line":63,"column":4},"end":{"line":63,"column":null}},"20":{"start":{"line":67,"column":2},"end":{"line":68,"column":null}},"21":{"start":{"line":68,"column":4},"end":{"line":68,"column":null}},"22":{"start":{"line":71,"column":2},"end":{"line":71,"column":null}},"23":{"start":{"line":81,"column":26},"end":{"line":81,"column":63}},"24":{"start":{"line":82,"column":2},"end":{"line":88,"column":null}},"25":{"start":{"line":83,"column":25},"end":{"line":83,"column":55}},"26":{"start":{"line":84,"column":4},"end":{"line":84,"column":null}},"27":{"start":{"line":84,"column":42},"end":{"line":84,"column":null}},"28":{"start":{"line":86,"column":21},"end":{"line":86,"column":null}},"29":{"start":{"line":87,"column":4},"end":{"line":87,"column":null}},"30":{"start":{"line":111,"column":25},"end":{"line":111,"column":43}},"31":{"start":{"line":112,"column":22},"end":{"line":112,"column":75}},"32":{"start":{"line":115,"column":8},"end":{"line":117,"column":41}},"33":{"start":{"line":118,"column":25},"end":{"line":118,"column":52}},"34":{"start":{"line":121,"column":2},"end":{"line":125,"column":null}},"35":{"start":{"line":122,"column":4},"end":{"line":125,"column":null}},"36":{"start":{"line":129,"column":2},"end":{"line":175,"column":null}},"37":{"start":{"line":130,"column":21},"end":{"line":130,"column":49}},"38":{"start":{"line":131,"column":27},"end":{"line":131,"column":50}},"39":{"start":{"line":134,"column":4},"end":{"line":137,"column":null}},"40":{"start":{"line":135,"column":6},"end":{"line":137,"column":null}},"41":{"start":{"line":140,"column":4},"end":{"line":140,"column":null}},"42":{"start":{"line":143,"column":4},"end":{"line":168,"column":null}},"43":{"start":{"line":144,"column":6},"end":{"line":145,"column":null}},"44":{"start":{"line":145,"column":8},"end":{"line":145,"column":null}},"45":{"start":{"line":149,"column":12},"end":{"line":149,"column":51}},"46":{"start":{"line":150,"column":6},"end":{"line":165,"column":null}},"47":{"start":{"line":151,"column":27},"end":{"line":151,"column":52}},"48":{"start":{"line":152,"column":33},"end":{"line":152,"column":58}},"49":{"start":{"line":154,"column":8},"end":{"line":157,"column":null}},"50":{"start":{"line":155,"column":10},"end":{"line":157,"column":null}},"51":{"start":{"line":160,"column":8},"end":{"line":163,"column":null}},"52":{"start":{"line":163,"column":10},"end":{"line":163,"column":null}},"53":{"start":{"line":165,"column":8},"end":{"line":165,"column":null}},"54":{"start":{"line":168,"column":6},"end":{"line":168,"column":null}},"55":{"start":{"line":172,"column":4},"end":{"line":173,"column":null}},"56":{"start":{"line":173,"column":6},"end":{"line":173,"column":null}},"57":{"start":{"line":175,"column":4},"end":{"line":175,"column":null}},"58":{"start":{"line":184,"column":2},"end":{"line":184,"column":null}}},"fnMap":{"0":{"name":"isSandboxEnabled","decl":{"start":{"line":21,"column":16},"end":{"line":21,"column":44}},"loc":{"start":{"line":21,"column":44},"end":{"line":23,"column":null}},"line":21},"1":{"name":"getProjectRoot","decl":{"start":{"line":30,"column":16},"end":{"line":30,"column":41}},"loc":{"start":{"line":30,"column":41},"end":{"line":31,"column":null}},"line":30},"2":{"name":"getAllowedDirectories","decl":{"start":{"line":38,"column":16},"end":{"line":38,"column":50}},"loc":{"start":{"line":38,"column":50},"end":{"line":43,"column":null}},"line":38},"3":{"name":"(anonymous_3)","decl":{"start":{"line":41,"column":30},"end":{"line":41,"column":34}},"loc":{"start":{"line":41,"column":39},"end":{"line":41,"column":47}},"line":41},"4":{"name":"normalizePath","decl":{"start":{"line":49,"column":16},"end":{"line":49,"column":30}},"loc":{"start":{"line":49,"column":49},"end":{"line":50,"column":null}},"line":49},"5":{"name":"canonicalizeForComparison","decl":{"start":{"line":53,"column":9},"end":{"line":53,"column":35}},"loc":{"start":{"line":53,"column":54},"end":{"line":71,"column":null}},"line":53},"6":{"name":"isPathWithinAllowedDirectories","decl":{"start":{"line":77,"column":16},"end":{"line":77,"column":null}},"loc":{"start":{"line":80,"column":11},"end":{"line":88,"column":null}},"line":80},"7":{"name":"(anonymous_7)","decl":{"start":{"line":82,"column":28},"end":{"line":82,"column":33}},"loc":{"start":{"line":82,"column":40},"end":{"line":88,"column":null}},"line":82},"8":{"name":"validatePath","decl":{"start":{"line":104,"column":22},"end":{"line":104,"column":null}},"loc":{"start":{"line":110,"column":19},"end":{"line":175,"column":null}},"line":110},"9":{"name":"resolveProjectPath","decl":{"start":{"line":183,"column":16},"end":{"line":183,"column":35}},"loc":{"start":{"line":183,"column":70},"end":{"line":184,"column":null}},"line":183}},"branchMap":{"0":{"loc":{"start":{"line":23,"column":9},"end":{"line":23,"column":null}},"type":"binary-expr","locations":[{"start":{"line":23,"column":9},"end":{"line":23,"column":26}},{"start":{"line":23,"column":26},"end":{"line":23,"column":null}}],"line":23},"1":{"loc":{"start":{"line":31,"column":9},"end":{"line":31,"column":55}},"type":"binary-expr","locations":[{"start":{"line":31,"column":9},"end":{"line":31,"column":42}},{"start":{"line":31,"column":42},"end":{"line":31,"column":55}}],"line":31},"2":{"loc":{"start":{"line":40,"column":2},"end":{"line":41,"column":null}},"type":"if","locations":[{"start":{"line":40,"column":2},"end":{"line":41,"column":null}},{"start":{},"end":{}}],"line":40},"3":{"loc":{"start":{"line":55,"column":8},"end":{"line":55,"column":55}},"type":"cond-expr","locations":[{"start":{"line":55,"column":35},"end":{"line":55,"column":39}},{"start":{"line":55,"column":35},"end":{"line":55,"column":55}}],"line":55},"4":{"loc":{"start":{"line":60,"column":2},"end":{"line":63,"column":null}},"type":"if","locations":[{"start":{"line":60,"column":2},"end":{"line":63,"column":null}},{"start":{"line":62,"column":13},"end":{"line":63,"column":null}}],"line":60},"5":{"loc":{"start":{"line":62,"column":13},"end":{"line":63,"column":null}},"type":"if","locations":[{"start":{"line":62,"column":13},"end":{"line":63,"column":null}},{"start":{},"end":{}}],"line":62},"6":{"loc":{"start":{"line":67,"column":2},"end":{"line":68,"column":null}},"type":"if","locations":[{"start":{"line":67,"column":2},"end":{"line":68,"column":null}},{"start":{},"end":{}}],"line":67},"7":{"loc":{"start":{"line":84,"column":4},"end":{"line":84,"column":null}},"type":"if","locations":[{"start":{"line":84,"column":4},"end":{"line":84,"column":null}},{"start":{},"end":{}}],"line":84},"8":{"loc":{"start":{"line":86,"column":21},"end":{"line":86,"column":null}},"type":"cond-expr","locations":[{"start":{"line":86,"column":50},"end":{"line":86,"column":65}},{"start":{"line":86,"column":65},"end":{"line":86,"column":null}}],"line":86},"9":{"loc":{"start":{"line":106,"column":2},"end":{"line":109,"column":8}},"type":"default-arg","locations":[{"start":{"line":109,"column":6},"end":{"line":109,"column":8}}],"line":106},"10":{"loc":{"start":{"line":112,"column":22},"end":{"line":112,"column":75}},"type":"binary-expr","locations":[{"start":{"line":112,"column":22},"end":{"line":112,"column":52}},{"start":{"line":112,"column":52},"end":{"line":112,"column":75}}],"line":112},"11":{"loc":{"start":{"line":115,"column":8},"end":{"line":117,"column":41}},"type":"cond-expr","locations":[{"start":{"line":116,"column":6},"end":{"line":116,"column":null}},{"start":{"line":116,"column":6},"end":{"line":117,"column":41}}],"line":115},"12":{"loc":{"start":{"line":121,"column":2},"end":{"line":125,"column":null}},"type":"if","locations":[{"start":{"line":121,"column":2},"end":{"line":125,"column":null}},{"start":{},"end":{}}],"line":121},"13":{"loc":{"start":{"line":121,"column":6},"end":{"line":121,"column":84}},"type":"binary-expr","locations":[{"start":{"line":121,"column":6},"end":{"line":121,"column":24}},{"start":{"line":121,"column":24},"end":{"line":121,"column":84}}],"line":121},"14":{"loc":{"start":{"line":134,"column":4},"end":{"line":137,"column":null}},"type":"if","locations":[{"start":{"line":134,"column":4},"end":{"line":137,"column":null}},{"start":{},"end":{}}],"line":134},"15":{"loc":{"start":{"line":134,"column":8},"end":{"line":134,"column":86}},"type":"binary-expr","locations":[{"start":{"line":134,"column":8},"end":{"line":134,"column":26}},{"start":{"line":134,"column":26},"end":{"line":134,"column":86}}],"line":134},"16":{"loc":{"start":{"line":143,"column":4},"end":{"line":168,"column":null}},"type":"if","locations":[{"start":{"line":143,"column":4},"end":{"line":168,"column":null}},{"start":{},"end":{}}],"line":143},"17":{"loc":{"start":{"line":144,"column":6},"end":{"line":145,"column":null}},"type":"if","locations":[{"start":{"line":144,"column":6},"end":{"line":145,"column":null}},{"start":{},"end":{}}],"line":144},"18":{"loc":{"start":{"line":154,"column":8},"end":{"line":157,"column":null}},"type":"if","locations":[{"start":{"line":154,"column":8},"end":{"line":157,"column":null}},{"start":{},"end":{}}],"line":154},"19":{"loc":{"start":{"line":154,"column":12},"end":{"line":154,"column":92}},"type":"binary-expr","locations":[{"start":{"line":154,"column":12},"end":{"line":154,"column":30}},{"start":{"line":154,"column":30},"end":{"line":154,"column":92}}],"line":154},"20":{"loc":{"start":{"line":160,"column":8},"end":{"line":163,"column":null}},"type":"if","locations":[{"start":{"line":160,"column":8},"end":{"line":163,"column":null}},{"start":{},"end":{}}],"line":160},"21":{"loc":{"start":{"line":172,"column":4},"end":{"line":173,"column":null}},"type":"if","locations":[{"start":{"line":172,"column":4},"end":{"line":173,"column":null}},{"start":{},"end":{}}],"line":172}},"s":{"0":12,"1":12,"2":12,"3":0,"4":0,"5":1081,"6":0,"7":0,"8":0,"9":0,"10":0,"11":0,"12":0,"13":0,"14":0,"15":0,"16":0,"17":0,"18":0,"19":0,"20":0,"21":0,"22":0,"23":0,"24":0,"25":0,"26":0,"27":0,"28":0,"29":0,"30":0,"31":0,"32":0,"33":0,"34":0,"35":0,"36":0,"37":0,"38":0,"39":0,"40":0,"41":0,"42":0,"43":0,"44":0,"45":0,"46":0,"47":0,"48":0,"49":0,"50":0,"51":0,"52":0,"53":0,"54":0,"55":0,"56":0,"57":0,"58":0},"f":{"0":0,"1":1081,"2":0,"3":0,"4":0,"5":0,"6":0,"7":0,"8":0,"9":0},"b":{"0":[0,0],"1":[1081,0],"2":[0,0],"3":[0,0],"4":[0,0],"5":[0,0],"6":[0,0],"7":[0,0],"8":[0,0],"9":[0],"10":[0,0],"11":[0,0],"12":[0,0],"13":[0,0],"14":[0,0],"15":[0,0],"16":[0,0],"17":[0,0],"18":[0,0],"19":[0,0],"20":[0,0],"21":[0,0]},"meta":{"lastBranch":22,"lastFunction":10,"lastStatement":59,"seen":{"s:13:25:13:Infinity":0,"s:14:25:14:Infinity":1,"s:15:27:15:Infinity":2,"f:21:16:21:44":0,"s:22:16:22:Infinity":3,"s:23:2:23:Infinity":4,"b:23:9:23:26:23:26:23:Infinity":0,"f:30:16:30:41":1,"s:31:2:31:Infinity":5,"b:31:9:31:42:31:42:31:55":1,"f:38:16:38:50":2,"s:39:18:39:Infinity":6,"b:40:2:41:Infinity:undefined:undefined:undefined:undefined":2,"s:40:2:41:Infinity":7,"s:41:4:41:Infinity":8,"f:41:30:41:34":3,"s:41:39:41:47":9,"s:43:2:43:Infinity":10,"f:49:16:49:30":4,"s:50:2:50:Infinity":11,"f:53:9:53:35":5,"s:54:15:54:31":12,"s:55:8:55:55":13,"b:55:35:55:39:55:35:55:55":3,"s:56:6:56:37":14,"s:59:2:59:Infinity":15,"b:60:2:63:Infinity:62:13:63:Infinity":4,"s:60:2:63:Infinity":16,"s:61:4:61:Infinity":17,"b:62:13:63:Infinity:undefined:undefined:undefined:undefined":5,"s:62:13:63:Infinity":18,"s:63:4:63:Infinity":19,"b:67:2:68:Infinity:undefined:undefined:undefined:undefined":6,"s:67:2:68:Infinity":20,"s:68:4:68:Infinity":21,"s:71:2:71:Infinity":22,"f:77:16:77:Infinity":6,"s:81:26:81:63":23,"s:82:2:88:Infinity":24,"f:82:28:82:33":7,"s:83:25:83:55":25,"b:84:4:84:Infinity:undefined:undefined:undefined:undefined":7,"s:84:4:84:Infinity":26,"s:84:42:84:Infinity":27,"s:86:21:86:Infinity":28,"b:86:50:86:65:86:65:86:Infinity":8,"s:87:4:87:Infinity":29,"f:104:22:104:Infinity":8,"b:109:6:109:8":9,"s:111:25:111:43":30,"s:112:22:112:75":31,"b:112:22:112:52:112:52:112:75":10,"s:115:8:117:41":32,"b:116:6:116:Infinity:116:6:117:41":11,"s:118:25:118:52":33,"b:121:2:125:Infinity:undefined:undefined:undefined:undefined":12,"s:121:2:125:Infinity":34,"b:121:6:121:24:121:24:121:84":13,"s:122:4:125:Infinity":35,"s:129:2:175:Infinity":36,"s:130:21:130:49":37,"s:131:27:131:50":38,"b:134:4:137:Infinity:undefined:undefined:undefined:undefined":14,"s:134:4:137:Infinity":39,"b:134:8:134:26:134:26:134:86":15,"s:135:6:137:Infinity":40,"s:140:4:140:Infinity":41,"b:143:4:168:Infinity:undefined:undefined:undefined:undefined":16,"s:143:4:168:Infinity":42,"b:144:6:145:Infinity:undefined:undefined:undefined:undefined":17,"s:144:6:145:Infinity":43,"s:145:8:145:Infinity":44,"s:149:12:149:51":45,"s:150:6:165:Infinity":46,"s:151:27:151:52":47,"s:152:33:152:58":48,"b:154:8:157:Infinity:undefined:undefined:undefined:undefined":18,"s:154:8:157:Infinity":49,"b:154:12:154:30:154:30:154:92":19,"s:155:10:157:Infinity":50,"b:160:8:163:Infinity:undefined:undefined:undefined:undefined":20,"s:160:8:163:Infinity":51,"s:163:10:163:Infinity":52,"s:165:8:165:Infinity":53,"s:168:6:168:Infinity":54,"b:172:4:173:Infinity:undefined:undefined:undefined:undefined":21,"s:172:4:173:Infinity":55,"s:173:6:173:Infinity":56,"s:175:4:175:Infinity":57,"f:183:16:183:35":9,"s:184:2:184:Infinity":58}}}
}
